{"C:\\Users\\rayan\\Desktop\\Dev\\NotionClipper\\packages\\notion-parser\\src\\parseContent.ts": {"path":"C:\\Users\\rayan\\Desktop\\Dev\\NotionClipper\\packages\\notion-parser\\src\\parseContent.ts","statementMap":{"0":{"start":{"line":71,"column":0},"end":{"line":71,"column":16}},"1":{"start":{"line":318,"column":0},"end":{"line":318,"column":16}},"2":{"start":{"line":326,"column":0},"end":{"line":326,"column":16}},"3":{"start":{"line":338,"column":0},"end":{"line":338,"column":16}},"4":{"start":{"line":346,"column":0},"end":{"line":346,"column":16}},"5":{"start":{"line":5,"column":0},"end":{"line":5,"column":62}},"6":{"start":{"line":6,"column":0},"end":{"line":6,"column":58}},"7":{"start":{"line":7,"column":0},"end":{"line":7,"column":50}},"8":{"start":{"line":8,"column":0},"end":{"line":8,"column":52}},"9":{"start":{"line":9,"column":0},"end":{"line":9,"column":52}},"10":{"start":{"line":10,"column":0},"end":{"line":10,"column":52}},"11":{"start":{"line":11,"column":0},"end":{"line":11,"column":63}},"12":{"start":{"line":12,"column":0},"end":{"line":12,"column":61}},"13":{"start":{"line":13,"column":0},"end":{"line":13,"column":63}},"14":{"start":{"line":75,"column":20},"end":{"line":75,"column":30}},"15":{"start":{"line":77,"column":2},"end":{"line":216,"column":3}},"16":{"start":{"line":79,"column":4},"end":{"line":91,"column":5}},"17":{"start":{"line":80,"column":6},"end":{"line":90,"column":8}},"18":{"start":{"line":93,"column":4},"end":{"line":105,"column":5}},"19":{"start":{"line":94,"column":6},"end":{"line":104,"column":8}},"20":{"start":{"line":108,"column":19},"end":{"line":108,"column":40}},"21":{"start":{"line":109,"column":26},"end":{"line":109,"column":69}},"22":{"start":{"line":111,"column":22},"end":{"line":113,"column":25}},"23":{"start":{"line":117,"column":23},"end":{"line":121,"column":4}},"24":{"start":{"line":123,"column":2},"end":{"line":155,"column":3}},"25":{"start":{"line":125,"column":6},"end":{"line":125,"column":48}},"26":{"start":{"line":126,"column":6},"end":{"line":126,"column":12}},"27":{"start":{"line":128,"column":6},"end":{"line":128,"column":44}},"28":{"start":{"line":129,"column":6},"end":{"line":129,"column":12}},"29":{"start":{"line":133,"column":6},"end":{"line":133,"column":45}},"30":{"start":{"line":134,"column":6},"end":{"line":134,"column":12}},"31":{"start":{"line":136,"column":6},"end":{"line":136,"column":45}},"32":{"start":{"line":137,"column":6},"end":{"line":137,"column":12}},"33":{"start":{"line":140,"column":6},"end":{"line":140,"column":76}},"34":{"start":{"line":141,"column":6},"end":{"line":141,"column":12}},"35":{"start":{"line":144,"column":6},"end":{"line":144,"column":48}},"36":{"start":{"line":145,"column":6},"end":{"line":145,"column":12}},"37":{"start":{"line":148,"column":6},"end":{"line":148,"column":41}},"38":{"start":{"line":150,"column":6},"end":{"line":150,"column":45}},"39":{"start":{"line":151,"column":6},"end":{"line":151,"column":12}},"40":{"start":{"line":154,"column":6},"end":{"line":154,"column":48}},"41":{"start":{"line":158,"column":19},"end":{"line":158,"column":40}},"42":{"start":{"line":159,"column":20},"end":{"line":159,"column":41}},"43":{"start":{"line":162,"column":28},"end":{"line":169,"column":4}},"44":{"start":{"line":171,"column":15},"end":{"line":171,"column":61}},"45":{"start":{"line":174,"column":2},"end":{"line":177,"column":3}},"46":{"start":{"line":175,"column":22},"end":{"line":175,"column":42}},"47":{"start":{"line":176,"column":4},"end":{"line":176,"column":58}},"48":{"start":{"line":181,"column":2},"end":{"line":184,"column":3}},"49":{"start":{"line":182,"column":22},"end":{"line":182,"column":43}},"50":{"start":{"line":183,"column":4},"end":{"line":183,"column":70}},"51":{"start":{"line":187,"column":19},"end":{"line":195,"column":4}},"52":{"start":{"line":197,"column":4},"end":{"line":202,"column":6}},"53":{"start":{"line":204,"column":4},"end":{"line":215,"column":6}},"54":{"start":{"line":223,"column":20},"end":{"line":223,"column":30}},"55":{"start":{"line":224,"column":15},"end":{"line":227,"column":4}},"56":{"start":{"line":225,"column":23},"end":{"line":225,"column":57}},"57":{"start":{"line":226,"column":4},"end":{"line":226,"column":55}},"58":{"start":{"line":229,"column":32},"end":{"line":282,"column":4}},"59":{"start":{"line":231,"column":4},"end":{"line":240,"column":5}},"60":{"start":{"line":232,"column":6},"end":{"line":239,"column":8}},"61":{"start":{"line":242,"column":4},"end":{"line":250,"column":5}},"62":{"start":{"line":243,"column":6},"end":{"line":249,"column":8}},"63":{"start":{"line":252,"column":4},"end":{"line":261,"column":5}},"64":{"start":{"line":253,"column":6},"end":{"line":260,"column":8}},"65":{"start":{"line":263,"column":4},"end":{"line":272,"column":5}},"66":{"start":{"line":264,"column":6},"end":{"line":271,"column":8}},"67":{"start":{"line":275,"column":4},"end":{"line":281,"column":6}},"68":{"start":{"line":284,"column":19},"end":{"line":292,"column":4}},"69":{"start":{"line":294,"column":2},"end":{"line":298,"column":4}},"70":{"start":{"line":302,"column":2},"end":{"line":302,"column":67}},"71":{"start":{"line":306,"column":2},"end":{"line":307,"column":52}},"72":{"start":{"line":311,"column":2},"end":{"line":312,"column":57}},"73":{"start":{"line":319,"column":17},"end":{"line":319,"column":79}},"74":{"start":{"line":320,"column":2},"end":{"line":320,"column":23}},"75":{"start":{"line":327,"column":17},"end":{"line":331,"column":4}},"76":{"start":{"line":332,"column":2},"end":{"line":332,"column":23}},"77":{"start":{"line":339,"column":17},"end":{"line":339,"column":75}},"78":{"start":{"line":340,"column":2},"end":{"line":340,"column":23}},"79":{"start":{"line":347,"column":17},"end":{"line":347,"column":76}},"80":{"start":{"line":348,"column":2},"end":{"line":348,"column":23}}},"fnMap":{"0":{"name":"parseContent","decl":{"start":{"line":71,"column":16},"end":{"line":71,"column":28}},"loc":{"start":{"line":73,"column":35},"end":{"line":217,"column":1}}},"1":{"name":"parseUrls","decl":{"start":{"line":222,"column":9},"end":{"line":222,"column":18}},"loc":{"start":{"line":222,"column":65},"end":{"line":299,"column":1}}},"2":{"name":"(anonymous_2)","decl":{"start":{"line":224,"column":50},"end":{"line":224,"column":54}},"loc":{"start":{"line":224,"column":57},"end":{"line":227,"column":3}}},"3":{"name":"(anonymous_3)","decl":{"start":{"line":229,"column":41},"end":{"line":229,"column":44}},"loc":{"start":{"line":229,"column":47},"end":{"line":282,"column":3}}},"4":{"name":"isImageUrl","decl":{"start":{"line":301,"column":9},"end":{"line":301,"column":19}},"loc":{"start":{"line":301,"column":31},"end":{"line":303,"column":1}}},"5":{"name":"isVideoUrl","decl":{"start":{"line":305,"column":9},"end":{"line":305,"column":19}},"loc":{"start":{"line":305,"column":31},"end":{"line":308,"column":1}}},"6":{"name":"isAudioUrl","decl":{"start":{"line":310,"column":9},"end":{"line":310,"column":19}},"loc":{"start":{"line":310,"column":31},"end":{"line":313,"column":1}}},"7":{"name":"parseMarkdown","decl":{"start":{"line":318,"column":16},"end":{"line":318,"column":29}},"loc":{"start":{"line":318,"column":101},"end":{"line":321,"column":1}}},"8":{"name":"parseCode","decl":{"start":{"line":326,"column":16},"end":{"line":326,"column":25}},"loc":{"start":{"line":326,"column":116},"end":{"line":333,"column":1}}},"9":{"name":"parseTable","decl":{"start":{"line":338,"column":16},"end":{"line":338,"column":26}},"loc":{"start":{"line":338,"column":142},"end":{"line":341,"column":1}}},"10":{"name":"parseAudio","decl":{"start":{"line":346,"column":16},"end":{"line":346,"column":26}},"loc":{"start":{"line":346,"column":98},"end":{"line":349,"column":1}}}},"branchMap":{"0":{"loc":{"start":{"line":73,"column":2},"end":{"line":73,"column":35}},"type":"default-arg","locations":[{"start":{"line":73,"column":33},"end":{"line":73,"column":35}}]},"1":{"loc":{"start":{"line":79,"column":4},"end":{"line":91,"column":5}},"type":"if","locations":[{"start":{"line":79,"column":4},"end":{"line":91,"column":5}}]},"2":{"loc":{"start":{"line":79,"column":8},"end":{"line":79,"column":49}},"type":"binary-expr","locations":[{"start":{"line":79,"column":8},"end":{"line":79,"column":24}},{"start":{"line":79,"column":28},"end":{"line":79,"column":49}}]},"3":{"loc":{"start":{"line":93,"column":4},"end":{"line":105,"column":5}},"type":"if","locations":[{"start":{"line":93,"column":4},"end":{"line":105,"column":5}}]},"4":{"loc":{"start":{"line":111,"column":22},"end":{"line":113,"column":25}},"type":"cond-expr","locations":[{"start":{"line":112,"column":6},"end":{"line":112,"column":26}},{"start":{"line":113,"column":6},"end":{"line":113,"column":25}}]},"5":{"loc":{"start":{"line":111,"column":22},"end":{"line":111,"column":76}},"type":"binary-expr","locations":[{"start":{"line":111,"column":22},"end":{"line":111,"column":52}},{"start":{"line":111,"column":56},"end":{"line":111,"column":76}}]},"6":{"loc":{"start":{"line":123,"column":2},"end":{"line":155,"column":3}},"type":"switch","locations":[{"start":{"line":124,"column":4},"end":{"line":126,"column":12}},{"start":{"line":127,"column":4},"end":{"line":129,"column":12}},{"start":{"line":130,"column":4},"end":{"line":130,"column":17}},{"start":{"line":131,"column":4},"end":{"line":131,"column":15}},{"start":{"line":132,"column":4},"end":{"line":134,"column":12}},{"start":{"line":135,"column":4},"end":{"line":137,"column":12}},{"start":{"line":138,"column":4},"end":{"line":141,"column":12}},{"start":{"line":142,"column":4},"end":{"line":145,"column":12}},{"start":{"line":146,"column":4},"end":{"line":148,"column":41}},{"start":{"line":149,"column":4},"end":{"line":151,"column":12}},{"start":{"line":152,"column":4},"end":{"line":154,"column":48}}]},"7":{"loc":{"start":{"line":174,"column":2},"end":{"line":177,"column":3}},"type":"if","locations":[{"start":{"line":174,"column":2},"end":{"line":177,"column":3}}]},"8":{"loc":{"start":{"line":181,"column":2},"end":{"line":184,"column":3}},"type":"if","locations":[{"start":{"line":181,"column":2},"end":{"line":184,"column":3}}]},"9":{"loc":{"start":{"line":207,"column":13},"end":{"line":207,"column":77}},"type":"cond-expr","locations":[{"start":{"line":207,"column":38},"end":{"line":207,"column":51}},{"start":{"line":207,"column":54},"end":{"line":207,"column":77}}]},"10":{"loc":{"start":{"line":211,"column":24},"end":{"line":211,"column":44}},"type":"binary-expr","locations":[{"start":{"line":211,"column":24},"end":{"line":211,"column":39}},{"start":{"line":211,"column":43},"end":{"line":211,"column":44}}]},"11":{"loc":{"start":{"line":226,"column":11},"end":{"line":226,"column":54}},"type":"binary-expr","locations":[{"start":{"line":226,"column":11},"end":{"line":226,"column":32}},{"start":{"line":226,"column":36},"end":{"line":226,"column":54}}]},"12":{"loc":{"start":{"line":231,"column":4},"end":{"line":240,"column":5}},"type":"if","locations":[{"start":{"line":231,"column":4},"end":{"line":240,"column":5}}]},"13":{"loc":{"start":{"line":242,"column":4},"end":{"line":250,"column":5}},"type":"if","locations":[{"start":{"line":242,"column":4},"end":{"line":250,"column":5}}]},"14":{"loc":{"start":{"line":252,"column":4},"end":{"line":261,"column":5}},"type":"if","locations":[{"start":{"line":252,"column":4},"end":{"line":261,"column":5}}]},"15":{"loc":{"start":{"line":263,"column":4},"end":{"line":272,"column":5}},"type":"if","locations":[{"start":{"line":263,"column":4},"end":{"line":272,"column":5}}]},"16":{"loc":{"start":{"line":306,"column":9},"end":{"line":307,"column":51}},"type":"binary-expr","locations":[{"start":{"line":306,"column":9},"end":{"line":306,"column":55}},{"start":{"line":307,"column":9},"end":{"line":307,"column":51}}]},"17":{"loc":{"start":{"line":311,"column":9},"end":{"line":312,"column":56}},"type":"binary-expr","locations":[{"start":{"line":311,"column":9},"end":{"line":311,"column":102}},{"start":{"line":312,"column":9},"end":{"line":312,"column":56}}]},"18":{"loc":{"start":{"line":318,"column":47},"end":{"line":318,"column":101}},"type":"default-arg","locations":[{"start":{"line":318,"column":99},"end":{"line":318,"column":101}}]},"19":{"loc":{"start":{"line":326,"column":62},"end":{"line":326,"column":116}},"type":"default-arg","locations":[{"start":{"line":326,"column":114},"end":{"line":326,"column":116}}]},"20":{"loc":{"start":{"line":338,"column":44},"end":{"line":338,"column":86}},"type":"default-arg","locations":[{"start":{"line":338,"column":81},"end":{"line":338,"column":86}}]},"21":{"loc":{"start":{"line":338,"column":88},"end":{"line":338,"column":142}},"type":"default-arg","locations":[{"start":{"line":338,"column":140},"end":{"line":338,"column":142}}]},"22":{"loc":{"start":{"line":346,"column":44},"end":{"line":346,"column":98}},"type":"default-arg","locations":[{"start":{"line":346,"column":96},"end":{"line":346,"column":98}}]}},"s":{"0":17,"1":17,"2":17,"3":17,"4":17,"5":17,"6":17,"7":17,"8":17,"9":17,"10":17,"11":17,"12":17,"13":17,"14":528,"15":528,"16":528,"17":7,"18":521,"19":7,"20":514,"21":514,"22":514,"23":514,"24":514,"25":229,"26":229,"27":14,"28":14,"29":47,"30":47,"31":15,"32":15,"33":2,"34":2,"35":7,"36":7,"37":42,"38":11,"39":11,"40":147,"41":472,"42":472,"43":472,"44":472,"45":472,"46":0,"47":0,"48":472,"49":472,"50":472,"51":472,"52":472,"53":0,"54":42,"55":42,"56":11240,"57":11240,"58":42,"59":11240,"60":1,"61":11239,"62":2,"63":11237,"64":11228,"65":9,"66":1,"67":8,"68":42,"69":42,"70":11240,"71":11239,"72":11237,"73":0,"74":0,"75":0,"76":0,"77":0,"78":0,"79":0,"80":0},"f":{"0":528,"1":42,"2":11240,"3":11240,"4":11240,"5":11239,"6":11237,"7":0,"8":0,"9":0,"10":0},"b":{"0":[210],"1":[7],"2":[528,524],"3":[7],"4":[232,282],"5":[514,514],"6":[229,14,1,45,47,15,2,7,42,11,147],"7":[0],"8":[472],"9":[0,0],"10":[0,0],"11":[11240,11240],"12":[1],"13":[2],"14":[11228],"15":[1],"16":[11239,11238],"17":[11237,11235],"18":[0],"19":[0],"20":[0],"21":[0],"22":[0]}}
,"C:\\Users\\rayan\\Desktop\\Dev\\NotionClipper\\packages\\notion-parser\\src\\converters\\NotionConverter.ts": {"path":"C:\\Users\\rayan\\Desktop\\Dev\\NotionClipper\\packages\\notion-parser\\src\\converters\\NotionConverter.ts","statementMap":{"0":{"start":{"line":2,"column":0},"end":{"line":2,"column":56}},"1":{"start":{"line":5,"column":10},"end":{"line":5,"column":54}},"2":{"start":{"line":8,"column":34},"end":{"line":8,"column":36}},"3":{"start":{"line":10,"column":4},"end":{"line":15,"column":5}},"4":{"start":{"line":11,"column":20},"end":{"line":11,"column":51}},"5":{"start":{"line":12,"column":6},"end":{"line":14,"column":7}},"6":{"start":{"line":13,"column":8},"end":{"line":13,"column":27}},"7":{"start":{"line":17,"column":4},"end":{"line":17,"column":18}},"8":{"start":{"line":21,"column":4},"end":{"line":51,"column":5}},"9":{"start":{"line":23,"column":8},"end":{"line":23,"column":47}},"10":{"start":{"line":25,"column":8},"end":{"line":25,"column":50}},"11":{"start":{"line":27,"column":8},"end":{"line":27,"column":51}},"12":{"start":{"line":29,"column":8},"end":{"line":29,"column":47}},"13":{"start":{"line":31,"column":8},"end":{"line":31,"column":48}},"14":{"start":{"line":33,"column":8},"end":{"line":33,"column":50}},"15":{"start":{"line":38,"column":8},"end":{"line":38,"column":48}},"16":{"start":{"line":40,"column":8},"end":{"line":40,"column":51}},"17":{"start":{"line":42,"column":8},"end":{"line":42,"column":48}},"18":{"start":{"line":44,"column":8},"end":{"line":44,"column":37}},"19":{"start":{"line":46,"column":8},"end":{"line":46,"column":49}},"20":{"start":{"line":48,"column":8},"end":{"line":48,"column":51}},"21":{"start":{"line":50,"column":8},"end":{"line":50,"column":20}},"22":{"start":{"line":55,"column":21},"end":{"line":57,"column":74}},"23":{"start":{"line":59,"column":4},"end":{"line":65,"column":6}},"24":{"start":{"line":69,"column":18},"end":{"line":69,"column":43}},"25":{"start":{"line":70,"column":17},"end":{"line":70,"column":44}},"26":{"start":{"line":71,"column":21},"end":{"line":73,"column":74}},"27":{"start":{"line":75,"column":23},"end":{"line":82,"column":6}},"28":{"start":{"line":85,"column":4},"end":{"line":89,"column":5}},"29":{"start":{"line":86,"column":26},"end":{"line":86,"column":62}},"30":{"start":{"line":87,"column":6},"end":{"line":87,"column":35}},"31":{"start":{"line":88,"column":6},"end":{"line":88,"column":32}},"32":{"start":{"line":91,"column":4},"end":{"line":91,"column":17}},"33":{"start":{"line":95,"column":21},"end":{"line":97,"column":74}},"34":{"start":{"line":100,"column":21},"end":{"line":100,"column":58}},"35":{"start":{"line":101,"column":20},"end":{"line":101,"column":42}},"36":{"start":{"line":103,"column":4},"end":{"line":128,"column":5}},"37":{"start":{"line":104,"column":6},"end":{"line":111,"column":8}},"38":{"start":{"line":112,"column":11},"end":{"line":128,"column":5}},"39":{"start":{"line":113,"column":6},"end":{"line":119,"column":8}},"40":{"start":{"line":121,"column":6},"end":{"line":127,"column":8}},"41":{"start":{"line":132,"column":21},"end":{"line":132,"column":60}},"42":{"start":{"line":133,"column":20},"end":{"line":133,"column":52}},"43":{"start":{"line":135,"column":4},"end":{"line":160,"column":5}},"44":{"start":{"line":136,"column":6},"end":{"line":146,"column":8}},"45":{"start":{"line":149,"column":6},"end":{"line":159,"column":8}},"46":{"start":{"line":164,"column":20},"end":{"line":164,"column":48}},"47":{"start":{"line":165,"column":17},"end":{"line":165,"column":42}},"48":{"start":{"line":166,"column":23},"end":{"line":166,"column":37}},"49":{"start":{"line":168,"column":29},"end":{"line":168,"column":31}},"50":{"start":{"line":171,"column":4},"end":{"line":181,"column":5}},"51":{"start":{"line":172,"column":6},"end":{"line":180,"column":9}},"52":{"start":{"line":175,"column":49},"end":{"line":178,"column":12}},"53":{"start":{"line":184,"column":4},"end":{"line":198,"column":5}},"54":{"start":{"line":185,"column":28},"end":{"line":185,"column":36}},"55":{"start":{"line":186,"column":6},"end":{"line":186,"column":71}},"56":{"start":{"line":186,"column":48},"end":{"line":186,"column":71}},"57":{"start":{"line":187,"column":6},"end":{"line":187,"column":79}},"58":{"start":{"line":187,"column":45},"end":{"line":187,"column":79}},"59":{"start":{"line":189,"column":6},"end":{"line":197,"column":9}},"60":{"start":{"line":192,"column":43},"end":{"line":195,"column":12}},"61":{"start":{"line":200,"column":4},"end":{"line":208,"column":6}},"62":{"start":{"line":212,"column":21},"end":{"line":214,"column":74}},"63":{"start":{"line":216,"column":4},"end":{"line":226,"column":6}},"64":{"start":{"line":230,"column":16},"end":{"line":230,"column":34}},"65":{"start":{"line":231,"column":20},"end":{"line":231,"column":42}},"66":{"start":{"line":234,"column":4},"end":{"line":236,"column":5}},"67":{"start":{"line":235,"column":6},"end":{"line":235,"column":86}},"68":{"start":{"line":239,"column":4},"end":{"line":243,"column":5}},"69":{"start":{"line":241,"column":24},"end":{"line":241,"column":78}},"70":{"start":{"line":242,"column":6},"end":{"line":242,"column":77}},"71":{"start":{"line":245,"column":4},"end":{"line":249,"column":5}},"72":{"start":{"line":247,"column":24},"end":{"line":247,"column":76}},"73":{"start":{"line":248,"column":6},"end":{"line":248,"column":77}},"74":{"start":{"line":251,"column":28},"end":{"line":254,"column":11}},"75":{"start":{"line":256,"column":4},"end":{"line":314,"column":5}},"76":{"start":{"line":258,"column":8},"end":{"line":265,"column":10}},"77":{"start":{"line":268,"column":8},"end":{"line":274,"column":10}},"78":{"start":{"line":277,"column":8},"end":{"line":284,"column":10}},"79":{"start":{"line":287,"column":8},"end":{"line":296,"column":9}},"80":{"start":{"line":288,"column":10},"end":{"line":295,"column":12}},"81":{"start":{"line":298,"column":8},"end":{"line":304,"column":10}},"82":{"start":{"line":307,"column":8},"end":{"line":313,"column":10}},"83":{"start":{"line":318,"column":20},"end":{"line":318,"column":52}},"84":{"start":{"line":319,"column":23},"end":{"line":319,"column":41}},"85":{"start":{"line":321,"column":4},"end":{"line":340,"column":5}},"86":{"start":{"line":322,"column":6},"end":{"line":327,"column":8}},"87":{"start":{"line":330,"column":6},"end":{"line":339,"column":8}},"88":{"start":{"line":344,"column":21},"end":{"line":346,"column":74}},"89":{"start":{"line":348,"column":4},"end":{"line":354,"column":6}},"90":{"start":{"line":358,"column":4},"end":{"line":361,"column":6}},"91":{"start":{"line":365,"column":21},"end":{"line":367,"column":74}},"92":{"start":{"line":369,"column":31},"end":{"line":375,"column":6}},"93":{"start":{"line":378,"column":4},"end":{"line":381,"column":5}},"94":{"start":{"line":379,"column":26},"end":{"line":379,"column":62}},"95":{"start":{"line":380,"column":7},"end":{"line":380,"column":44}},"96":{"start":{"line":383,"column":4},"end":{"line":383,"column":17}},"97":{"start":{"line":387,"column":16},"end":{"line":387,"column":34}},"98":{"start":{"line":388,"column":20},"end":{"line":388,"column":70}},"99":{"start":{"line":390,"column":4},"end":{"line":392,"column":5}},"100":{"start":{"line":391,"column":6},"end":{"line":391,"column":93}},"101":{"start":{"line":394,"column":4},"end":{"line":403,"column":6}},"102":{"start":{"line":4,"column":0},"end":{"line":4,"column":13}}},"fnMap":{"0":{"name":"(anonymous_0)","decl":{"start":{"line":4,"column":0},"end":{"line":4,"column":13}},"loc":{"start":{"line":4,"column":0},"end":{"line":405,"column":1}}},"1":{"name":"(anonymous_1)","decl":{"start":{"line":7,"column":2},"end":{"line":7,"column":9}},"loc":{"start":{"line":7,"column":59},"end":{"line":18,"column":3}}},"2":{"name":"(anonymous_2)","decl":{"start":{"line":20,"column":10},"end":{"line":20,"column":21}},"loc":{"start":{"line":20,"column":63},"end":{"line":52,"column":3}}},"3":{"name":"(anonymous_3)","decl":{"start":{"line":54,"column":10},"end":{"line":54,"column":21}},"loc":{"start":{"line":54,"column":63},"end":{"line":66,"column":3}}},"4":{"name":"(anonymous_4)","decl":{"start":{"line":68,"column":10},"end":{"line":68,"column":24}},"loc":{"start":{"line":68,"column":66},"end":{"line":92,"column":3}}},"5":{"name":"(anonymous_5)","decl":{"start":{"line":94,"column":10},"end":{"line":94,"column":25}},"loc":{"start":{"line":94,"column":67},"end":{"line":129,"column":3}}},"6":{"name":"(anonymous_6)","decl":{"start":{"line":131,"column":10},"end":{"line":131,"column":21}},"loc":{"start":{"line":131,"column":64},"end":{"line":161,"column":3}}},"7":{"name":"(anonymous_7)","decl":{"start":{"line":163,"column":10},"end":{"line":163,"column":22}},"loc":{"start":{"line":163,"column":65},"end":{"line":209,"column":3}}},"8":{"name":"(anonymous_8)","decl":{"start":{"line":175,"column":29},"end":{"line":175,"column":30}},"loc":{"start":{"line":175,"column":49},"end":{"line":178,"column":12}}},"9":{"name":"(anonymous_9)","decl":{"start":{"line":192,"column":35},"end":{"line":192,"column":39}},"loc":{"start":{"line":192,"column":43},"end":{"line":195,"column":12}}},"10":{"name":"(anonymous_10)","decl":{"start":{"line":211,"column":10},"end":{"line":211,"column":24}},"loc":{"start":{"line":211,"column":66},"end":{"line":227,"column":3}}},"11":{"name":"(anonymous_11)","decl":{"start":{"line":229,"column":10},"end":{"line":229,"column":22}},"loc":{"start":{"line":229,"column":64},"end":{"line":315,"column":3}}},"12":{"name":"(anonymous_12)","decl":{"start":{"line":317,"column":10},"end":{"line":317,"column":25}},"loc":{"start":{"line":317,"column":68},"end":{"line":341,"column":3}}},"13":{"name":"(anonymous_13)","decl":{"start":{"line":343,"column":10},"end":{"line":343,"column":22}},"loc":{"start":{"line":343,"column":64},"end":{"line":355,"column":3}}},"14":{"name":"(anonymous_14)","decl":{"start":{"line":357,"column":10},"end":{"line":357,"column":24}},"loc":{"start":{"line":357,"column":24},"end":{"line":362,"column":3}}},"15":{"name":"(anonymous_15)","decl":{"start":{"line":364,"column":10},"end":{"line":364,"column":23}},"loc":{"start":{"line":364,"column":65},"end":{"line":384,"column":3}}},"16":{"name":"(anonymous_16)","decl":{"start":{"line":386,"column":10},"end":{"line":386,"column":25}},"loc":{"start":{"line":386,"column":67},"end":{"line":404,"column":3}}}},"branchMap":{"0":{"loc":{"start":{"line":7,"column":28},"end":{"line":7,"column":59}},"type":"default-arg","locations":[{"start":{"line":7,"column":57},"end":{"line":7,"column":59}}]},"1":{"loc":{"start":{"line":12,"column":6},"end":{"line":14,"column":7}},"type":"if","locations":[{"start":{"line":12,"column":6},"end":{"line":14,"column":7}}]},"2":{"loc":{"start":{"line":21,"column":4},"end":{"line":51,"column":5}},"type":"switch","locations":[{"start":{"line":22,"column":6},"end":{"line":23,"column":47}},{"start":{"line":24,"column":6},"end":{"line":25,"column":50}},{"start":{"line":26,"column":6},"end":{"line":27,"column":51}},{"start":{"line":28,"column":6},"end":{"line":29,"column":47}},{"start":{"line":30,"column":6},"end":{"line":31,"column":48}},{"start":{"line":32,"column":6},"end":{"line":33,"column":50}},{"start":{"line":34,"column":6},"end":{"line":34,"column":19}},{"start":{"line":35,"column":6},"end":{"line":35,"column":19}},{"start":{"line":36,"column":6},"end":{"line":36,"column":19}},{"start":{"line":37,"column":6},"end":{"line":38,"column":48}},{"start":{"line":39,"column":6},"end":{"line":40,"column":51}},{"start":{"line":41,"column":6},"end":{"line":42,"column":48}},{"start":{"line":43,"column":6},"end":{"line":44,"column":37}},{"start":{"line":45,"column":6},"end":{"line":46,"column":49}},{"start":{"line":47,"column":6},"end":{"line":48,"column":51}},{"start":{"line":49,"column":6},"end":{"line":50,"column":20}}]},"3":{"loc":{"start":{"line":55,"column":21},"end":{"line":57,"column":74}},"type":"cond-expr","locations":[{"start":{"line":56,"column":8},"end":{"line":56,"column":104}},{"start":{"line":57,"column":8},"end":{"line":57,"column":74}}]},"4":{"loc":{"start":{"line":56,"column":45},"end":{"line":56,"column":63}},"type":"binary-expr","locations":[{"start":{"line":56,"column":45},"end":{"line":56,"column":57}},{"start":{"line":56,"column":61},"end":{"line":56,"column":63}}]},"5":{"loc":{"start":{"line":57,"column":51},"end":{"line":57,"column":69}},"type":"binary-expr","locations":[{"start":{"line":57,"column":51},"end":{"line":57,"column":63}},{"start":{"line":57,"column":67},"end":{"line":57,"column":69}}]},"6":{"loc":{"start":{"line":63,"column":16},"end":{"line":63,"column":65}},"type":"binary-expr","locations":[{"start":{"line":63,"column":16},"end":{"line":63,"column":52}},{"start":{"line":63,"column":56},"end":{"line":63,"column":65}}]},"7":{"loc":{"start":{"line":69,"column":18},"end":{"line":69,"column":43}},"type":"binary-expr","locations":[{"start":{"line":69,"column":18},"end":{"line":69,"column":38}},{"start":{"line":69,"column":42},"end":{"line":69,"column":43}}]},"8":{"loc":{"start":{"line":71,"column":21},"end":{"line":73,"column":74}},"type":"cond-expr","locations":[{"start":{"line":72,"column":8},"end":{"line":72,"column":104}},{"start":{"line":73,"column":8},"end":{"line":73,"column":74}}]},"9":{"loc":{"start":{"line":72,"column":45},"end":{"line":72,"column":63}},"type":"binary-expr","locations":[{"start":{"line":72,"column":45},"end":{"line":72,"column":57}},{"start":{"line":72,"column":61},"end":{"line":72,"column":63}}]},"10":{"loc":{"start":{"line":73,"column":51},"end":{"line":73,"column":69}},"type":"binary-expr","locations":[{"start":{"line":73,"column":51},"end":{"line":73,"column":63}},{"start":{"line":73,"column":67},"end":{"line":73,"column":69}}]},"11":{"loc":{"start":{"line":79,"column":16},"end":{"line":79,"column":65}},"type":"binary-expr","locations":[{"start":{"line":79,"column":16},"end":{"line":79,"column":52}},{"start":{"line":79,"column":56},"end":{"line":79,"column":65}}]},"12":{"loc":{"start":{"line":80,"column":23},"end":{"line":80,"column":59}},"type":"binary-expr","locations":[{"start":{"line":80,"column":23},"end":{"line":80,"column":50}},{"start":{"line":80,"column":54},"end":{"line":80,"column":59}}]},"13":{"loc":{"start":{"line":85,"column":4},"end":{"line":89,"column":5}},"type":"if","locations":[{"start":{"line":85,"column":4},"end":{"line":89,"column":5}}]},"14":{"loc":{"start":{"line":85,"column":8},"end":{"line":85,"column":49}},"type":"binary-expr","locations":[{"start":{"line":85,"column":8},"end":{"line":85,"column":21}},{"start":{"line":85,"column":25},"end":{"line":85,"column":49}}]},"15":{"loc":{"start":{"line":95,"column":21},"end":{"line":97,"column":74}},"type":"cond-expr","locations":[{"start":{"line":96,"column":8},"end":{"line":96,"column":104}},{"start":{"line":97,"column":8},"end":{"line":97,"column":74}}]},"16":{"loc":{"start":{"line":96,"column":45},"end":{"line":96,"column":63}},"type":"binary-expr","locations":[{"start":{"line":96,"column":45},"end":{"line":96,"column":57}},{"start":{"line":96,"column":61},"end":{"line":96,"column":63}}]},"17":{"loc":{"start":{"line":97,"column":51},"end":{"line":97,"column":69}},"type":"binary-expr","locations":[{"start":{"line":97,"column":51},"end":{"line":97,"column":63}},{"start":{"line":97,"column":67},"end":{"line":97,"column":69}}]},"18":{"loc":{"start":{"line":100,"column":21},"end":{"line":100,"column":58}},"type":"binary-expr","locations":[{"start":{"line":100,"column":21},"end":{"line":100,"column":44}},{"start":{"line":100,"column":48},"end":{"line":100,"column":58}}]},"19":{"loc":{"start":{"line":103,"column":4},"end":{"line":128,"column":5}},"type":"if","locations":[{"start":{"line":103,"column":4},"end":{"line":128,"column":5}},{"start":{"line":112,"column":11},"end":{"line":128,"column":5}}]},"20":{"loc":{"start":{"line":108,"column":19},"end":{"line":108,"column":35}},"type":"binary-expr","locations":[{"start":{"line":108,"column":19},"end":{"line":108,"column":26}},{"start":{"line":108,"column":30},"end":{"line":108,"column":35}}]},"21":{"loc":{"start":{"line":109,"column":18},"end":{"line":109,"column":67}},"type":"binary-expr","locations":[{"start":{"line":109,"column":18},"end":{"line":109,"column":54}},{"start":{"line":109,"column":58},"end":{"line":109,"column":67}}]},"22":{"loc":{"start":{"line":112,"column":11},"end":{"line":128,"column":5}},"type":"if","locations":[{"start":{"line":112,"column":11},"end":{"line":128,"column":5}},{"start":{"line":120,"column":11},"end":{"line":128,"column":5}}]},"23":{"loc":{"start":{"line":117,"column":18},"end":{"line":117,"column":67}},"type":"binary-expr","locations":[{"start":{"line":117,"column":18},"end":{"line":117,"column":54}},{"start":{"line":117,"column":58},"end":{"line":117,"column":67}}]},"24":{"loc":{"start":{"line":125,"column":18},"end":{"line":125,"column":67}},"type":"binary-expr","locations":[{"start":{"line":125,"column":18},"end":{"line":125,"column":54}},{"start":{"line":125,"column":58},"end":{"line":125,"column":67}}]},"25":{"loc":{"start":{"line":132,"column":21},"end":{"line":132,"column":60}},"type":"binary-expr","locations":[{"start":{"line":132,"column":21},"end":{"line":132,"column":44}},{"start":{"line":132,"column":48},"end":{"line":132,"column":60}}]},"26":{"loc":{"start":{"line":135,"column":4},"end":{"line":160,"column":5}},"type":"if","locations":[{"start":{"line":135,"column":4},"end":{"line":160,"column":5}},{"start":{"line":147,"column":11},"end":{"line":160,"column":5}}]},"27":{"loc":{"start":{"line":141,"column":29},"end":{"line":141,"column":47}},"type":"binary-expr","locations":[{"start":{"line":141,"column":29},"end":{"line":141,"column":41}},{"start":{"line":141,"column":45},"end":{"line":141,"column":47}}]},"28":{"loc":{"start":{"line":154,"column":29},"end":{"line":154,"column":47}},"type":"binary-expr","locations":[{"start":{"line":154,"column":29},"end":{"line":154,"column":41}},{"start":{"line":154,"column":45},"end":{"line":154,"column":47}}]},"29":{"loc":{"start":{"line":164,"column":20},"end":{"line":164,"column":48}},"type":"binary-expr","locations":[{"start":{"line":164,"column":20},"end":{"line":164,"column":42}},{"start":{"line":164,"column":46},"end":{"line":164,"column":48}}]},"30":{"loc":{"start":{"line":165,"column":17},"end":{"line":165,"column":42}},"type":"binary-expr","locations":[{"start":{"line":165,"column":17},"end":{"line":165,"column":36}},{"start":{"line":165,"column":40},"end":{"line":165,"column":42}}]},"31":{"loc":{"start":{"line":171,"column":4},"end":{"line":181,"column":5}},"type":"if","locations":[{"start":{"line":171,"column":4},"end":{"line":181,"column":5}}]},"32":{"loc":{"start":{"line":187,"column":6},"end":{"line":187,"column":79}},"type":"if","locations":[{"start":{"line":187,"column":6},"end":{"line":187,"column":79}}]},"33":{"loc":{"start":{"line":205,"column":24},"end":{"line":205,"column":60}},"type":"binary-expr","locations":[{"start":{"line":205,"column":24},"end":{"line":205,"column":51}},{"start":{"line":205,"column":55},"end":{"line":205,"column":60}}]},"34":{"loc":{"start":{"line":212,"column":21},"end":{"line":214,"column":74}},"type":"cond-expr","locations":[{"start":{"line":213,"column":8},"end":{"line":213,"column":104}},{"start":{"line":214,"column":8},"end":{"line":214,"column":74}}]},"35":{"loc":{"start":{"line":213,"column":45},"end":{"line":213,"column":63}},"type":"binary-expr","locations":[{"start":{"line":213,"column":45},"end":{"line":213,"column":57}},{"start":{"line":213,"column":61},"end":{"line":213,"column":63}}]},"36":{"loc":{"start":{"line":214,"column":51},"end":{"line":214,"column":69}},"type":"binary-expr","locations":[{"start":{"line":214,"column":51},"end":{"line":214,"column":63}},{"start":{"line":214,"column":67},"end":{"line":214,"column":69}}]},"37":{"loc":{"start":{"line":222,"column":17},"end":{"line":222,"column":44}},"type":"binary-expr","locations":[{"start":{"line":222,"column":17},"end":{"line":222,"column":36}},{"start":{"line":222,"column":40},"end":{"line":222,"column":44}}]},"38":{"loc":{"start":{"line":224,"column":16},"end":{"line":224,"column":73}},"type":"binary-expr","locations":[{"start":{"line":224,"column":16},"end":{"line":224,"column":52}},{"start":{"line":224,"column":56},"end":{"line":224,"column":73}}]},"39":{"loc":{"start":{"line":234,"column":4},"end":{"line":236,"column":5}},"type":"if","locations":[{"start":{"line":234,"column":4},"end":{"line":236,"column":5}}]},"40":{"loc":{"start":{"line":235,"column":55},"end":{"line":235,"column":73}},"type":"binary-expr","locations":[{"start":{"line":235,"column":55},"end":{"line":235,"column":67}},{"start":{"line":235,"column":71},"end":{"line":235,"column":73}}]},"41":{"loc":{"start":{"line":239,"column":4},"end":{"line":243,"column":5}},"type":"if","locations":[{"start":{"line":239,"column":4},"end":{"line":243,"column":5}}]},"42":{"loc":{"start":{"line":239,"column":8},"end":{"line":239,"column":64}},"type":"binary-expr","locations":[{"start":{"line":239,"column":8},"end":{"line":239,"column":29}},{"start":{"line":239,"column":33},"end":{"line":239,"column":64}}]},"43":{"loc":{"start":{"line":241,"column":24},"end":{"line":241,"column":78}},"type":"cond-expr","locations":[{"start":{"line":241,"column":34},"end":{"line":241,"column":57}},{"start":{"line":241,"column":60},"end":{"line":241,"column":78}}]},"44":{"loc":{"start":{"line":245,"column":4},"end":{"line":249,"column":5}},"type":"if","locations":[{"start":{"line":245,"column":4},"end":{"line":249,"column":5}}]},"45":{"loc":{"start":{"line":245,"column":8},"end":{"line":245,"column":64}},"type":"binary-expr","locations":[{"start":{"line":245,"column":8},"end":{"line":245,"column":29}},{"start":{"line":245,"column":33},"end":{"line":245,"column":64}}]},"46":{"loc":{"start":{"line":247,"column":24},"end":{"line":247,"column":76}},"type":"cond-expr","locations":[{"start":{"line":247,"column":34},"end":{"line":247,"column":56}},{"start":{"line":247,"column":59},"end":{"line":247,"column":76}}]},"47":{"loc":{"start":{"line":251,"column":28},"end":{"line":254,"column":11}},"type":"cond-expr","locations":[{"start":{"line":251,"column":38},"end":{"line":254,"column":6}},{"start":{"line":254,"column":9},"end":{"line":254,"column":11}}]},"48":{"loc":{"start":{"line":256,"column":4},"end":{"line":314,"column":5}},"type":"switch","locations":[{"start":{"line":257,"column":6},"end":{"line":265,"column":10}},{"start":{"line":267,"column":6},"end":{"line":274,"column":10}},{"start":{"line":276,"column":6},"end":{"line":284,"column":10}},{"start":{"line":286,"column":6},"end":{"line":304,"column":10}},{"start":{"line":306,"column":6},"end":{"line":313,"column":10}}]},"49":{"loc":{"start":{"line":287,"column":8},"end":{"line":296,"column":9}},"type":"if","locations":[{"start":{"line":287,"column":8},"end":{"line":296,"column":9}}]},"50":{"loc":{"start":{"line":319,"column":23},"end":{"line":319,"column":41}},"type":"binary-expr","locations":[{"start":{"line":319,"column":23},"end":{"line":319,"column":35}},{"start":{"line":319,"column":39},"end":{"line":319,"column":41}}]},"51":{"loc":{"start":{"line":321,"column":4},"end":{"line":340,"column":5}},"type":"if","locations":[{"start":{"line":321,"column":4},"end":{"line":340,"column":5}},{"start":{"line":328,"column":11},"end":{"line":340,"column":5}}]},"52":{"loc":{"start":{"line":344,"column":21},"end":{"line":346,"column":74}},"type":"cond-expr","locations":[{"start":{"line":345,"column":8},"end":{"line":345,"column":104}},{"start":{"line":346,"column":8},"end":{"line":346,"column":74}}]},"53":{"loc":{"start":{"line":345,"column":45},"end":{"line":345,"column":63}},"type":"binary-expr","locations":[{"start":{"line":345,"column":45},"end":{"line":345,"column":57}},{"start":{"line":345,"column":61},"end":{"line":345,"column":63}}]},"54":{"loc":{"start":{"line":346,"column":51},"end":{"line":346,"column":69}},"type":"binary-expr","locations":[{"start":{"line":346,"column":51},"end":{"line":346,"column":63}},{"start":{"line":346,"column":67},"end":{"line":346,"column":69}}]},"55":{"loc":{"start":{"line":352,"column":16},"end":{"line":352,"column":65}},"type":"binary-expr","locations":[{"start":{"line":352,"column":16},"end":{"line":352,"column":52}},{"start":{"line":352,"column":56},"end":{"line":352,"column":65}}]},"56":{"loc":{"start":{"line":365,"column":21},"end":{"line":367,"column":74}},"type":"cond-expr","locations":[{"start":{"line":366,"column":8},"end":{"line":366,"column":104}},{"start":{"line":367,"column":8},"end":{"line":367,"column":74}}]},"57":{"loc":{"start":{"line":366,"column":45},"end":{"line":366,"column":63}},"type":"binary-expr","locations":[{"start":{"line":366,"column":45},"end":{"line":366,"column":57}},{"start":{"line":366,"column":61},"end":{"line":366,"column":63}}]},"58":{"loc":{"start":{"line":367,"column":51},"end":{"line":367,"column":69}},"type":"binary-expr","locations":[{"start":{"line":367,"column":51},"end":{"line":367,"column":63}},{"start":{"line":367,"column":67},"end":{"line":367,"column":69}}]},"59":{"loc":{"start":{"line":373,"column":16},"end":{"line":373,"column":65}},"type":"binary-expr","locations":[{"start":{"line":373,"column":16},"end":{"line":373,"column":52}},{"start":{"line":373,"column":56},"end":{"line":373,"column":65}}]},"60":{"loc":{"start":{"line":378,"column":4},"end":{"line":381,"column":5}},"type":"if","locations":[{"start":{"line":378,"column":4},"end":{"line":381,"column":5}}]},"61":{"loc":{"start":{"line":378,"column":8},"end":{"line":378,"column":49}},"type":"binary-expr","locations":[{"start":{"line":378,"column":8},"end":{"line":378,"column":21}},{"start":{"line":378,"column":25},"end":{"line":378,"column":49}}]},"62":{"loc":{"start":{"line":388,"column":20},"end":{"line":388,"column":70}},"type":"binary-expr","locations":[{"start":{"line":388,"column":20},"end":{"line":388,"column":40}},{"start":{"line":388,"column":44},"end":{"line":388,"column":70}}]},"63":{"loc":{"start":{"line":390,"column":4},"end":{"line":392,"column":5}},"type":"if","locations":[{"start":{"line":390,"column":4},"end":{"line":392,"column":5}}]},"64":{"loc":{"start":{"line":391,"column":55},"end":{"line":391,"column":80}},"type":"binary-expr","locations":[{"start":{"line":391,"column":55},"end":{"line":391,"column":67}},{"start":{"line":391,"column":71},"end":{"line":391,"column":74}},{"start":{"line":391,"column":78},"end":{"line":391,"column":80}}]},"65":{"loc":{"start":{"line":398,"column":17},"end":{"line":401,"column":15}},"type":"cond-expr","locations":[{"start":{"line":398,"column":27},"end":{"line":401,"column":10}},{"start":{"line":401,"column":13},"end":{"line":401,"column":15}}]}},"s":{"0":17,"1":472,"2":502,"3":502,"4":4599,"5":4599,"6":4599,"7":502,"8":4599,"9":2318,"10":1067,"11":493,"12":233,"13":243,"14":13,"15":15,"16":14,"17":197,"18":1,"19":5,"20":0,"21":0,"22":2318,"23":2318,"24":1067,"25":1067,"26":1067,"27":1067,"28":1067,"29":25,"30":25,"31":25,"32":1067,"33":493,"34":493,"35":493,"36":493,"37":7,"38":486,"39":8,"40":478,"41":233,"42":233,"43":233,"44":233,"45":0,"46":243,"47":243,"48":243,"49":243,"50":243,"51":240,"52":550,"53":243,"54":8900,"55":8900,"56":0,"57":8900,"58":9,"59":8900,"60":29035,"61":243,"62":13,"63":13,"64":15,"65":15,"66":15,"67":0,"68":15,"69":0,"70":0,"71":15,"72":0,"73":0,"74":15,"75":15,"76":4,"77":0,"78":11,"79":0,"80":0,"81":0,"82":0,"83":14,"84":14,"85":14,"86":3,"87":11,"88":197,"89":197,"90":1,"91":5,"92":5,"93":5,"94":5,"95":5,"96":5,"97":0,"98":0,"99":0,"100":0,"101":0,"102":17},"f":{"0":472,"1":502,"2":4599,"3":2318,"4":1067,"5":493,"6":233,"7":243,"8":550,"9":29035,"10":13,"11":15,"12":14,"13":197,"14":1,"15":5,"16":0},"b":{"0":[0],"1":[4599],"2":[2318,1067,493,233,243,13,4,4,15,15,14,197,1,5,0,0],"3":[2318,0],"4":[2318,0],"5":[0,0],"6":[2318,2318],"7":[1067,0],"8":[1067,0],"9":[1067,0],"10":[0,0],"11":[1067,1067],"12":[1067,1040],"13":[25],"14":[1067,1067],"15":[493,0],"16":[493,0],"17":[0,0],"18":[493,0],"19":[7,486],"20":[7,4],"21":[7,7],"22":[8,478],"23":[8,8],"24":[478,478],"25":[233,0],"26":[233,0],"27":[233,0],"28":[0,0],"29":[243,0],"30":[243,0],"31":[240],"32":[9],"33":[243,236],"34":[13,0],"35":[13,0],"36":[0,0],"37":[13,0],"38":[13,0],"39":[0],"40":[0,0],"41":[0],"42":[15,4],"43":[0,0],"44":[0],"45":[15,0],"46":[0,0],"47":[4,11],"48":[4,0,11,0,0],"49":[0],"50":[14,0],"51":[3,11],"52":[197,0],"53":[197,0],"54":[0,0],"55":[197,197],"56":[5,0],"57":[5,0],"58":[0,0],"59":[5,5],"60":[5],"61":[5,5],"62":[0,0],"63":[0],"64":[0,0,0],"65":[0,0]}}
,"C:\\Users\\rayan\\Desktop\\Dev\\NotionClipper\\packages\\notion-parser\\src\\converters\\RichTextConverter.ts": {"path":"C:\\Users\\rayan\\Desktop\\Dev\\NotionClipper\\packages\\notion-parser\\src\\converters\\RichTextConverter.ts","statementMap":{"0":{"start":{"line":2,"column":0},"end":{"line":2,"column":64}},"1":{"start":{"line":17,"column":4},"end":{"line":17,"column":25}},"2":{"start":{"line":17,"column":15},"end":{"line":17,"column":25}},"3":{"start":{"line":20,"column":26},"end":{"line":20,"column":61}},"4":{"start":{"line":23,"column":26},"end":{"line":23,"column":60}},"5":{"start":{"line":26,"column":19},"end":{"line":26,"column":60}},"6":{"start":{"line":27,"column":4},"end":{"line":27,"column":56}},"7":{"start":{"line":32,"column":22},"end":{"line":32,"column":47}},"8":{"start":{"line":33,"column":18},"end":{"line":33,"column":19}},"9":{"start":{"line":36,"column":25},"end":{"line":36,"column":70}},"10":{"start":{"line":38,"column":17},"end":{"line":38,"column":21}},"11":{"start":{"line":40,"column":4},"end":{"line":47,"column":7}},"12":{"start":{"line":41,"column":29},"end":{"line":41,"column":61}},"13":{"start":{"line":42,"column":6},"end":{"line":46,"column":9}},"14":{"start":{"line":43,"column":28},"end":{"line":43,"column":47}},"15":{"start":{"line":44,"column":8},"end":{"line":44,"column":41}},"16":{"start":{"line":45,"column":8},"end":{"line":45,"column":27}},"17":{"start":{"line":50,"column":5},"end":{"line":50,"column":41}},"18":{"start":{"line":52,"column":4},"end":{"line":52,"column":18}},"19":{"start":{"line":56,"column":23},"end":{"line":56,"column":69}},"20":{"start":{"line":57,"column":4},"end":{"line":57,"column":32}},"21":{"start":{"line":57,"column":20},"end":{"line":57,"column":32}},"22":{"start":{"line":59,"column":17},"end":{"line":59,"column":21}},"23":{"start":{"line":60,"column":4},"end":{"line":62,"column":7}},"24":{"start":{"line":61,"column":6},"end":{"line":61,"column":66}},"25":{"start":{"line":64,"column":4},"end":{"line":64,"column":18}},"26":{"start":{"line":70,"column":90},"end":{"line":92,"column":6}},"27":{"start":{"line":95,"column":4},"end":{"line":103,"column":5}},"28":{"start":{"line":96,"column":6},"end":{"line":102,"column":8}},"29":{"start":{"line":115,"column":9},"end":{"line":115,"column":11}},"30":{"start":{"line":117,"column":4},"end":{"line":170,"column":7}},"31":{"start":{"line":119,"column":20},"end":{"line":119,"column":57}},"32":{"start":{"line":121,"column":6},"end":{"line":169,"column":7}},"33":{"start":{"line":122,"column":22},"end":{"line":122,"column":33}},"34":{"start":{"line":123,"column":20},"end":{"line":123,"column":49}},"35":{"start":{"line":125,"column":22},"end":{"line":125,"column":30}},"36":{"start":{"line":129,"column":8},"end":{"line":157,"column":9}},"37":{"start":{"line":130,"column":10},"end":{"line":130,"column":29}},"38":{"start":{"line":131,"column":10},"end":{"line":131,"column":55}},"39":{"start":{"line":132,"column":15},"end":{"line":157,"column":9}},"40":{"start":{"line":133,"column":10},"end":{"line":133,"column":29}},"41":{"start":{"line":134,"column":10},"end":{"line":134,"column":55}},"42":{"start":{"line":135,"column":15},"end":{"line":157,"column":9}},"43":{"start":{"line":136,"column":10},"end":{"line":136,"column":32}},"44":{"start":{"line":137,"column":10},"end":{"line":137,"column":29}},"45":{"start":{"line":138,"column":15},"end":{"line":157,"column":9}},"46":{"start":{"line":140,"column":10},"end":{"line":147,"column":13}},"47":{"start":{"line":148,"column":10},"end":{"line":155,"column":13}},"48":{"start":{"line":156,"column":10},"end":{"line":156,"column":19}},"49":{"start":{"line":159,"column":8},"end":{"line":168,"column":11}},"50":{"start":{"line":173,"column":4},"end":{"line":176,"column":7}},"51":{"start":{"line":174,"column":6},"end":{"line":174,"column":56}},"52":{"start":{"line":174,"column":31},"end":{"line":174,"column":56}},"53":{"start":{"line":175,"column":6},"end":{"line":175,"column":37}},"54":{"start":{"line":178,"column":4},"end":{"line":185,"column":8}},"55":{"start":{"line":178,"column":32},"end":{"line":185,"column":6}},"56":{"start":{"line":189,"column":4},"end":{"line":194,"column":5}},"57":{"start":{"line":190,"column":6},"end":{"line":193,"column":9}},"58":{"start":{"line":196,"column":37},"end":{"line":196,"column":39}},"59":{"start":{"line":197,"column":21},"end":{"line":197,"column":62}},"60":{"start":{"line":199,"column":4},"end":{"line":230,"column":7}},"61":{"start":{"line":200,"column":6},"end":{"line":229,"column":7}},"62":{"start":{"line":201,"column":8},"end":{"line":204,"column":11}},"63":{"start":{"line":206,"column":33},"end":{"line":206,"column":35}},"64":{"start":{"line":209,"column":8},"end":{"line":209,"column":50}},"65":{"start":{"line":209,"column":26},"end":{"line":209,"column":50}},"66":{"start":{"line":210,"column":8},"end":{"line":210,"column":54}},"67":{"start":{"line":210,"column":28},"end":{"line":210,"column":54}},"68":{"start":{"line":211,"column":8},"end":{"line":211,"column":50}},"69":{"start":{"line":211,"column":26},"end":{"line":211,"column":50}},"70":{"start":{"line":212,"column":8},"end":{"line":212,"column":68}},"71":{"start":{"line":212,"column":35},"end":{"line":212,"column":68}},"72":{"start":{"line":213,"column":8},"end":{"line":213,"column":60}},"73":{"start":{"line":213,"column":31},"end":{"line":213,"column":60}},"74":{"start":{"line":215,"column":33},"end":{"line":215,"column":61}},"75":{"start":{"line":216,"column":8},"end":{"line":218,"column":9}},"76":{"start":{"line":217,"column":10},"end":{"line":217,"column":55}},"77":{"start":{"line":221,"column":8},"end":{"line":221,"column":71}},"78":{"start":{"line":223,"column":8},"end":{"line":228,"column":11}},"79":{"start":{"line":232,"column":4},"end":{"line":232,"column":18}},"80":{"start":{"line":249,"column":25},"end":{"line":249,"column":42}},"81":{"start":{"line":250,"column":4},"end":{"line":250,"column":24}},"82":{"start":{"line":251,"column":4},"end":{"line":251,"column":42}},"83":{"start":{"line":253,"column":4},"end":{"line":256,"column":7}},"84":{"start":{"line":254,"column":6},"end":{"line":254,"column":36}},"85":{"start":{"line":255,"column":6},"end":{"line":255,"column":34}},"86":{"start":{"line":258,"column":25},"end":{"line":258,"column":71}},"87":{"start":{"line":258,"column":65},"end":{"line":258,"column":70}},"88":{"start":{"line":271,"column":9},"end":{"line":271,"column":11}},"89":{"start":{"line":274,"column":4},"end":{"line":335,"column":5}},"90":{"start":{"line":274,"column":17},"end":{"line":274,"column":18}},"91":{"start":{"line":275,"column":20},"end":{"line":275,"column":35}},"92":{"start":{"line":276,"column":18},"end":{"line":276,"column":37}},"93":{"start":{"line":278,"column":6},"end":{"line":278,"column":34}},"94":{"start":{"line":278,"column":25},"end":{"line":278,"column":34}},"95":{"start":{"line":280,"column":22},"end":{"line":280,"column":52}},"96":{"start":{"line":281,"column":6},"end":{"line":281,"column":29}},"97":{"start":{"line":281,"column":20},"end":{"line":281,"column":29}},"98":{"start":{"line":284,"column":31},"end":{"line":287,"column":8}},"99":{"start":{"line":286,"column":8},"end":{"line":286,"column":56}},"100":{"start":{"line":290,"column":28},"end":{"line":290,"column":77}},"101":{"start":{"line":290,"column":55},"end":{"line":290,"column":76}},"102":{"start":{"line":291,"column":6},"end":{"line":300,"column":7}},"103":{"start":{"line":292,"column":8},"end":{"line":298,"column":11}},"104":{"start":{"line":299,"column":8},"end":{"line":299,"column":17}},"105":{"start":{"line":303,"column":27},"end":{"line":308,"column":8}},"106":{"start":{"line":310,"column":6},"end":{"line":332,"column":9}},"107":{"start":{"line":311,"column":8},"end":{"line":331,"column":9}},"108":{"start":{"line":313,"column":12},"end":{"line":313,"column":32}},"109":{"start":{"line":314,"column":12},"end":{"line":314,"column":18}},"110":{"start":{"line":316,"column":12},"end":{"line":316,"column":34}},"111":{"start":{"line":317,"column":12},"end":{"line":317,"column":18}},"112":{"start":{"line":319,"column":12},"end":{"line":319,"column":32}},"113":{"start":{"line":320,"column":12},"end":{"line":320,"column":18}},"114":{"start":{"line":322,"column":12},"end":{"line":322,"column":41}},"115":{"start":{"line":323,"column":12},"end":{"line":323,"column":18}},"116":{"start":{"line":325,"column":12},"end":{"line":325,"column":37}},"117":{"start":{"line":326,"column":12},"end":{"line":326,"column":18}},"118":{"start":{"line":329,"column":12},"end":{"line":329,"column":47}},"119":{"start":{"line":330,"column":12},"end":{"line":330,"column":18}},"120":{"start":{"line":334,"column":6},"end":{"line":334,"column":29}},"121":{"start":{"line":338,"column":4},"end":{"line":338,"column":103}},"122":{"start":{"line":338,"column":59},"end":{"line":338,"column":100}},"123":{"start":{"line":342,"column":4},"end":{"line":342,"column":46}},"124":{"start":{"line":342,"column":30},"end":{"line":342,"column":46}},"125":{"start":{"line":344,"column":26},"end":{"line":344,"column":28}},"126":{"start":{"line":345,"column":18},"end":{"line":345,"column":36}},"127":{"start":{"line":347,"column":4},"end":{"line":358,"column":5}},"128":{"start":{"line":347,"column":17},"end":{"line":347,"column":18}},"129":{"start":{"line":348,"column":19},"end":{"line":348,"column":30}},"130":{"start":{"line":351,"column":6},"end":{"line":357,"column":7}},"131":{"start":{"line":352,"column":8},"end":{"line":352,"column":40}},"132":{"start":{"line":353,"column":8},"end":{"line":353,"column":31}},"133":{"start":{"line":355,"column":8},"end":{"line":355,"column":29}},"134":{"start":{"line":356,"column":8},"end":{"line":356,"column":30}},"135":{"start":{"line":360,"column":4},"end":{"line":360,"column":25}},"136":{"start":{"line":361,"column":4},"end":{"line":361,"column":18}},"137":{"start":{"line":365,"column":4},"end":{"line":365,"column":40}},"138":{"start":{"line":365,"column":27},"end":{"line":365,"column":40}},"139":{"start":{"line":366,"column":4},"end":{"line":366,"column":44}},"140":{"start":{"line":366,"column":31},"end":{"line":366,"column":44}},"141":{"start":{"line":369,"column":4},"end":{"line":374,"column":56}},"142":{"start":{"line":383,"column":4},"end":{"line":386,"column":7}},"143":{"start":{"line":403,"column":4},"end":{"line":407,"column":7}},"144":{"start":{"line":414,"column":4},"end":{"line":420,"column":7}},"145":{"start":{"line":427,"column":4},"end":{"line":430,"column":7}},"146":{"start":{"line":437,"column":4},"end":{"line":437,"column":28}},"147":{"start":{"line":444,"column":24},"end":{"line":444,"column":25}},"148":{"start":{"line":445,"column":37},"end":{"line":445,"column":39}},"149":{"start":{"line":447,"column":4},"end":{"line":479,"column":5}},"150":{"start":{"line":448,"column":22},"end":{"line":452,"column":14}},"151":{"start":{"line":454,"column":6},"end":{"line":478,"column":7}},"152":{"start":{"line":455,"column":8},"end":{"line":455,"column":26}},"153":{"start":{"line":456,"column":8},"end":{"line":456,"column":40}},"154":{"start":{"line":458,"column":32},"end":{"line":458,"column":57}},"155":{"start":{"line":459,"column":8},"end":{"line":476,"column":9}},"156":{"start":{"line":460,"column":35},"end":{"line":460,"column":85}},"157":{"start":{"line":462,"column":10},"end":{"line":475,"column":11}},"158":{"start":{"line":463,"column":12},"end":{"line":469,"column":15}},"159":{"start":{"line":470,"column":17},"end":{"line":475,"column":11}},"160":{"start":{"line":471,"column":12},"end":{"line":474,"column":15}},"161":{"start":{"line":477,"column":8},"end":{"line":477,"column":14}},"162":{"start":{"line":481,"column":4},"end":{"line":481,"column":18}},"163":{"start":{"line":15,"column":0},"end":{"line":15,"column":13}}},"fnMap":{"0":{"name":"(anonymous_0)","decl":{"start":{"line":16,"column":2},"end":{"line":16,"column":15}},"loc":{"start":{"line":16,"column":66},"end":{"line":28,"column":3}}},"1":{"name":"(anonymous_1)","decl":{"start":{"line":30,"column":10},"end":{"line":30,"column":24}},"loc":{"start":{"line":30,"column":37},"end":{"line":53,"column":3}}},"2":{"name":"(anonymous_2)","decl":{"start":{"line":40,"column":25},"end":{"line":40,"column":29}},"loc":{"start":{"line":40,"column":32},"end":{"line":47,"column":5}}},"3":{"name":"(anonymous_3)","decl":{"start":{"line":42,"column":46},"end":{"line":42,"column":49}},"loc":{"start":{"line":42,"column":51},"end":{"line":46,"column":7}}},"4":{"name":"(anonymous_4)","decl":{"start":{"line":55,"column":10},"end":{"line":55,"column":24}},"loc":{"start":{"line":55,"column":37},"end":{"line":65,"column":3}}},"5":{"name":"(anonymous_5)","decl":{"start":{"line":60,"column":22},"end":{"line":60,"column":23}},"loc":{"start":{"line":60,"column":44},"end":{"line":62,"column":5}}},"6":{"name":"(anonymous_6)","decl":{"start":{"line":67,"column":10},"end":{"line":67,"column":22}},"loc":{"start":{"line":67,"column":73},"end":{"line":186,"column":3}}},"7":{"name":"(anonymous_7)","decl":{"start":{"line":117,"column":21},"end":{"line":117,"column":28}},"loc":{"start":{"line":117,"column":31},"end":{"line":170,"column":5}}},"8":{"name":"(anonymous_8)","decl":{"start":{"line":173,"column":20},"end":{"line":173,"column":21}},"loc":{"start":{"line":173,"column":29},"end":{"line":176,"column":5}}},"9":{"name":"(anonymous_9)","decl":{"start":{"line":178,"column":26},"end":{"line":178,"column":27}},"loc":{"start":{"line":178,"column":32},"end":{"line":185,"column":6}}},"10":{"name":"(anonymous_10)","decl":{"start":{"line":188,"column":10},"end":{"line":188,"column":26}},"loc":{"start":{"line":188,"column":68},"end":{"line":233,"column":3}}},"11":{"name":"(anonymous_11)","decl":{"start":{"line":199,"column":21},"end":{"line":199,"column":28}},"loc":{"start":{"line":199,"column":31},"end":{"line":230,"column":5}}},"12":{"name":"(anonymous_12)","decl":{"start":{"line":235,"column":10},"end":{"line":235,"column":24}},"loc":{"start":{"line":235,"column":66},"end":{"line":339,"column":3}}},"13":{"name":"(anonymous_13)","decl":{"start":{"line":253,"column":19},"end":{"line":253,"column":24}},"loc":{"start":{"line":253,"column":27},"end":{"line":256,"column":5}}},"14":{"name":"(anonymous_14)","decl":{"start":{"line":258,"column":55},"end":{"line":258,"column":56}},"loc":{"start":{"line":258,"column":65},"end":{"line":258,"column":70}}},"15":{"name":"(anonymous_15)","decl":{"start":{"line":284,"column":45},"end":{"line":284,"column":50}},"loc":{"start":{"line":284,"column":53},"end":{"line":287,"column":7}}},"16":{"name":"(anonymous_16)","decl":{"start":{"line":290,"column":50},"end":{"line":290,"column":51}},"loc":{"start":{"line":290,"column":55},"end":{"line":290,"column":76}}},"17":{"name":"(anonymous_17)","decl":{"start":{"line":310,"column":31},"end":{"line":310,"column":36}},"loc":{"start":{"line":310,"column":39},"end":{"line":332,"column":7}}},"18":{"name":"(anonymous_18)","decl":{"start":{"line":338,"column":54},"end":{"line":338,"column":55}},"loc":{"start":{"line":338,"column":59},"end":{"line":338,"column":100}}},"19":{"name":"(anonymous_19)","decl":{"start":{"line":341,"column":10},"end":{"line":341,"column":31}},"loc":{"start":{"line":341,"column":47},"end":{"line":362,"column":3}}},"20":{"name":"(anonymous_20)","decl":{"start":{"line":364,"column":10},"end":{"line":364,"column":26}},"loc":{"start":{"line":364,"column":41},"end":{"line":375,"column":3}}},"21":{"name":"(anonymous_21)","decl":{"start":{"line":382,"column":2},"end":{"line":382,"column":22}},"loc":{"start":{"line":382,"column":38},"end":{"line":387,"column":3}}},"22":{"name":"(anonymous_22)","decl":{"start":{"line":392,"column":2},"end":{"line":392,"column":25}},"loc":{"start":{"line":401,"column":10},"end":{"line":408,"column":3}}},"23":{"name":"(anonymous_23)","decl":{"start":{"line":413,"column":2},"end":{"line":413,"column":20}},"loc":{"start":{"line":413,"column":49},"end":{"line":421,"column":3}}},"24":{"name":"(anonymous_24)","decl":{"start":{"line":426,"column":2},"end":{"line":426,"column":24}},"loc":{"start":{"line":426,"column":43},"end":{"line":431,"column":3}}},"25":{"name":"(anonymous_25)","decl":{"start":{"line":436,"column":2},"end":{"line":436,"column":17}},"loc":{"start":{"line":436,"column":50},"end":{"line":438,"column":3}}},"26":{"name":"(anonymous_26)","decl":{"start":{"line":443,"column":2},"end":{"line":443,"column":18}},"loc":{"start":{"line":443,"column":64},"end":{"line":482,"column":3}}}},"branchMap":{"0":{"loc":{"start":{"line":17,"column":4},"end":{"line":17,"column":25}},"type":"if","locations":[{"start":{"line":17,"column":4},"end":{"line":17,"column":25}}]},"1":{"loc":{"start":{"line":57,"column":4},"end":{"line":57,"column":32}},"type":"if","locations":[{"start":{"line":57,"column":4},"end":{"line":57,"column":32}}]},"2":{"loc":{"start":{"line":95,"column":4},"end":{"line":103,"column":5}},"type":"if","locations":[{"start":{"line":95,"column":4},"end":{"line":103,"column":5}}]},"3":{"loc":{"start":{"line":129,"column":8},"end":{"line":157,"column":9}},"type":"if","locations":[{"start":{"line":129,"column":8},"end":{"line":157,"column":9}},{"start":{"line":132,"column":15},"end":{"line":157,"column":9}}]},"4":{"loc":{"start":{"line":132,"column":15},"end":{"line":157,"column":9}},"type":"if","locations":[{"start":{"line":132,"column":15},"end":{"line":157,"column":9}},{"start":{"line":135,"column":15},"end":{"line":157,"column":9}}]},"5":{"loc":{"start":{"line":135,"column":15},"end":{"line":157,"column":9}},"type":"if","locations":[{"start":{"line":135,"column":15},"end":{"line":157,"column":9}},{"start":{"line":138,"column":15},"end":{"line":157,"column":9}}]},"6":{"loc":{"start":{"line":138,"column":15},"end":{"line":157,"column":9}},"type":"if","locations":[{"start":{"line":138,"column":15},"end":{"line":157,"column":9}}]},"7":{"loc":{"start":{"line":174,"column":6},"end":{"line":174,"column":56}},"type":"if","locations":[{"start":{"line":174,"column":6},"end":{"line":174,"column":56}}]},"8":{"loc":{"start":{"line":189,"column":4},"end":{"line":194,"column":5}},"type":"if","locations":[{"start":{"line":189,"column":4},"end":{"line":194,"column":5}}]},"9":{"loc":{"start":{"line":200,"column":6},"end":{"line":229,"column":7}},"type":"if","locations":[{"start":{"line":200,"column":6},"end":{"line":229,"column":7}},{"start":{"line":205,"column":13},"end":{"line":229,"column":7}}]},"10":{"loc":{"start":{"line":203,"column":34},"end":{"line":203,"column":71}},"type":"binary-expr","locations":[{"start":{"line":203,"column":34},"end":{"line":203,"column":52}},{"start":{"line":203,"column":56},"end":{"line":203,"column":71}}]},"11":{"loc":{"start":{"line":209,"column":8},"end":{"line":209,"column":50}},"type":"if","locations":[{"start":{"line":209,"column":8},"end":{"line":209,"column":50}}]},"12":{"loc":{"start":{"line":210,"column":8},"end":{"line":210,"column":54}},"type":"if","locations":[{"start":{"line":210,"column":8},"end":{"line":210,"column":54}}]},"13":{"loc":{"start":{"line":211,"column":8},"end":{"line":211,"column":50}},"type":"if","locations":[{"start":{"line":211,"column":8},"end":{"line":211,"column":50}}]},"14":{"loc":{"start":{"line":212,"column":8},"end":{"line":212,"column":68}},"type":"if","locations":[{"start":{"line":212,"column":8},"end":{"line":212,"column":68}}]},"15":{"loc":{"start":{"line":213,"column":8},"end":{"line":213,"column":60}},"type":"if","locations":[{"start":{"line":213,"column":8},"end":{"line":213,"column":60}}]},"16":{"loc":{"start":{"line":216,"column":8},"end":{"line":218,"column":9}},"type":"if","locations":[{"start":{"line":216,"column":8},"end":{"line":218,"column":9}}]},"17":{"loc":{"start":{"line":226,"column":23},"end":{"line":226,"column":84}},"type":"cond-expr","locations":[{"start":{"line":226,"column":61},"end":{"line":226,"column":72}},{"start":{"line":226,"column":75},"end":{"line":226,"column":84}}]},"18":{"loc":{"start":{"line":227,"column":16},"end":{"line":227,"column":54}},"type":"cond-expr","locations":[{"start":{"line":227,"column":31},"end":{"line":227,"column":47}},{"start":{"line":227,"column":50},"end":{"line":227,"column":54}}]},"19":{"loc":{"start":{"line":278,"column":6},"end":{"line":278,"column":34}},"type":"if","locations":[{"start":{"line":278,"column":6},"end":{"line":278,"column":34}}]},"20":{"loc":{"start":{"line":281,"column":6},"end":{"line":281,"column":29}},"type":"if","locations":[{"start":{"line":281,"column":6},"end":{"line":281,"column":29}}]},"21":{"loc":{"start":{"line":286,"column":15},"end":{"line":286,"column":55}},"type":"binary-expr","locations":[{"start":{"line":286,"column":15},"end":{"line":286,"column":35}},{"start":{"line":286,"column":39},"end":{"line":286,"column":55}}]},"22":{"loc":{"start":{"line":291,"column":6},"end":{"line":300,"column":7}},"type":"if","locations":[{"start":{"line":291,"column":6},"end":{"line":300,"column":7}}]},"23":{"loc":{"start":{"line":311,"column":8},"end":{"line":331,"column":9}},"type":"switch","locations":[{"start":{"line":312,"column":10},"end":{"line":314,"column":18}},{"start":{"line":315,"column":10},"end":{"line":317,"column":18}},{"start":{"line":318,"column":10},"end":{"line":320,"column":18}},{"start":{"line":321,"column":10},"end":{"line":323,"column":18}},{"start":{"line":324,"column":10},"end":{"line":326,"column":18}},{"start":{"line":327,"column":10},"end":{"line":327,"column":22}},{"start":{"line":328,"column":10},"end":{"line":330,"column":18}}]},"24":{"loc":{"start":{"line":338,"column":59},"end":{"line":338,"column":100}},"type":"binary-expr","locations":[{"start":{"line":338,"column":59},"end":{"line":338,"column":75}},{"start":{"line":338,"column":79},"end":{"line":338,"column":100}}]},"25":{"loc":{"start":{"line":342,"column":4},"end":{"line":342,"column":46}},"type":"if","locations":[{"start":{"line":342,"column":4},"end":{"line":342,"column":46}}]},"26":{"loc":{"start":{"line":351,"column":6},"end":{"line":357,"column":7}},"type":"if","locations":[{"start":{"line":351,"column":6},"end":{"line":357,"column":7}},{"start":{"line":354,"column":13},"end":{"line":357,"column":7}}]},"27":{"loc":{"start":{"line":365,"column":4},"end":{"line":365,"column":40}},"type":"if","locations":[{"start":{"line":365,"column":4},"end":{"line":365,"column":40}}]},"28":{"loc":{"start":{"line":366,"column":4},"end":{"line":366,"column":44}},"type":"if","locations":[{"start":{"line":366,"column":4},"end":{"line":366,"column":44}}]},"29":{"loc":{"start":{"line":369,"column":11},"end":{"line":374,"column":55}},"type":"binary-expr","locations":[{"start":{"line":369,"column":11},"end":{"line":369,"column":28}},{"start":{"line":370,"column":6},"end":{"line":370,"column":27}},{"start":{"line":371,"column":6},"end":{"line":371,"column":23}},{"start":{"line":372,"column":6},"end":{"line":372,"column":41}},{"start":{"line":373,"column":6},"end":{"line":373,"column":33}},{"start":{"line":374,"column":6},"end":{"line":374,"column":55}}]},"30":{"loc":{"start":{"line":394,"column":4},"end":{"line":401,"column":10}},"type":"default-arg","locations":[{"start":{"line":401,"column":8},"end":{"line":401,"column":10}}]},"31":{"loc":{"start":{"line":448,"column":22},"end":{"line":452,"column":14}},"type":"cond-expr","locations":[{"start":{"line":449,"column":10},"end":{"line":449,"column":34}},{"start":{"line":450,"column":10},"end":{"line":452,"column":14}}]},"32":{"loc":{"start":{"line":449,"column":10},"end":{"line":449,"column":34}},"type":"binary-expr","locations":[{"start":{"line":449,"column":10},"end":{"line":449,"column":28}},{"start":{"line":449,"column":32},"end":{"line":449,"column":34}}]},"33":{"loc":{"start":{"line":450,"column":10},"end":{"line":452,"column":14}},"type":"cond-expr","locations":[{"start":{"line":451,"column":12},"end":{"line":451,"column":43}},{"start":{"line":452,"column":12},"end":{"line":452,"column":14}}]},"34":{"loc":{"start":{"line":451,"column":12},"end":{"line":451,"column":43}},"type":"binary-expr","locations":[{"start":{"line":451,"column":12},"end":{"line":451,"column":37}},{"start":{"line":451,"column":41},"end":{"line":451,"column":43}}]},"35":{"loc":{"start":{"line":454,"column":6},"end":{"line":478,"column":7}},"type":"if","locations":[{"start":{"line":454,"column":6},"end":{"line":478,"column":7}},{"start":{"line":457,"column":13},"end":{"line":478,"column":7}}]},"36":{"loc":{"start":{"line":459,"column":8},"end":{"line":476,"column":9}},"type":"if","locations":[{"start":{"line":459,"column":8},"end":{"line":476,"column":9}}]},"37":{"loc":{"start":{"line":462,"column":10},"end":{"line":475,"column":11}},"type":"if","locations":[{"start":{"line":462,"column":10},"end":{"line":475,"column":11}},{"start":{"line":470,"column":17},"end":{"line":475,"column":11}}]},"38":{"loc":{"start":{"line":470,"column":17},"end":{"line":475,"column":11}},"type":"if","locations":[{"start":{"line":470,"column":17},"end":{"line":475,"column":11}}]}},"s":{"0":17,"1":4093,"2":0,"3":4093,"4":4093,"5":4093,"6":4093,"7":4093,"8":4093,"9":4093,"10":4093,"11":4093,"12":36837,"13":36837,"14":2,"15":2,"16":2,"17":4093,"18":4093,"19":5836,"20":5836,"21":0,"22":5836,"23":5836,"24":2,"25":5836,"26":4093,"27":4093,"28":4091,"29":4093,"30":4093,"31":40926,"32":40926,"33":1371,"34":1371,"35":1371,"36":1371,"37":238,"38":238,"39":1133,"40":239,"41":239,"42":894,"43":5,"44":5,"45":889,"46":3,"47":3,"48":3,"49":1368,"50":4093,"51":890,"52":885,"53":5,"54":4093,"55":1374,"56":4093,"57":3549,"58":544,"59":544,"60":544,"61":2292,"62":5,"63":2287,"64":2287,"65":714,"66":2287,"67":561,"68":2287,"69":9,"70":2287,"71":2,"72":2287,"73":3,"74":2287,"75":2287,"76":477,"77":2287,"78":2287,"79":544,"80":544,"81":544,"82":544,"83":544,"84":1374,"85":1374,"86":544,"87":5807,"88":544,"89":544,"90":544,"91":2567,"92":2567,"93":2567,"94":0,"95":2567,"96":2567,"97":0,"98":2567,"99":7448,"100":2567,"101":2529,"102":2567,"103":5,"104":5,"105":2562,"106":2562,"107":2524,"108":970,"109":970,"110":813,"111":813,"112":9,"113":9,"114":2,"115":2,"116":3,"117":3,"118":727,"119":727,"120":2562,"121":544,"122":2567,"123":544,"124":6,"125":538,"126":538,"127":538,"128":538,"129":2017,"130":2017,"131":269,"132":269,"133":1748,"134":1748,"135":538,"136":538,"137":2017,"138":8,"139":2009,"140":0,"141":2009,"142":0,"143":0,"144":0,"145":0,"146":0,"147":0,"148":0,"149":0,"150":0,"151":0,"152":0,"153":0,"154":0,"155":0,"156":0,"157":0,"158":0,"159":0,"160":0,"161":0,"162":0,"163":17},"f":{"0":4093,"1":4093,"2":36837,"3":2,"4":5836,"5":2,"6":4093,"7":40926,"8":890,"9":1374,"10":4093,"11":2292,"12":544,"13":1374,"14":5807,"15":7448,"16":2529,"17":2524,"18":2567,"19":544,"20":2017,"21":0,"22":0,"23":0,"24":0,"25":0,"26":0},"b":{"0":[0],"1":[0],"2":[4091],"3":[238,1133],"4":[239,894],"5":[5,889],"6":[3],"7":[885],"8":[3549],"9":[5,2287],"10":[5,0],"11":[714],"12":[561],"13":[9],"14":[2],"15":[3],"16":[477],"17":[965,1322],"18":[477,1810],"19":[0],"20":[0],"21":[7448,4678],"22":[5],"23":[970,813,9,2,3,466,727],"24":[2567,6],"25":[6],"26":[269,1748],"27":[8],"28":[0],"29":[2009,1388,752,737,734,734],"30":[0],"31":[0,0],"32":[0,0],"33":[0,0],"34":[0,0],"35":[0,0],"36":[0],"37":[0,0],"38":[0]}}
,"C:\\Users\\rayan\\Desktop\\Dev\\NotionClipper\\packages\\notion-parser\\src\\detectors\\ContentDetector.ts": {"path":"C:\\Users\\rayan\\Desktop\\Dev\\NotionClipper\\packages\\notion-parser\\src\\detectors\\ContentDetector.ts","statementMap":{"0":{"start":{"line":2,"column":0},"end":{"line":2,"column":54}},"1":{"start":{"line":13,"column":10},"end":{"line":13,"column":52}},"2":{"start":{"line":16,"column":4},"end":{"line":18,"column":5}},"3":{"start":{"line":17,"column":6},"end":{"line":17,"column":47}},"4":{"start":{"line":20,"column":39},"end":{"line":20,"column":41}},"5":{"start":{"line":23,"column":4},"end":{"line":28,"column":5}},"6":{"start":{"line":24,"column":24},"end":{"line":24,"column":47}},"7":{"start":{"line":25,"column":6},"end":{"line":27,"column":7}},"8":{"start":{"line":26,"column":8},"end":{"line":26,"column":32}},"9":{"start":{"line":31,"column":4},"end":{"line":36,"column":5}},"10":{"start":{"line":32,"column":26},"end":{"line":32,"column":51}},"11":{"start":{"line":33,"column":6},"end":{"line":35,"column":7}},"12":{"start":{"line":34,"column":8},"end":{"line":34,"column":34}},"13":{"start":{"line":39,"column":4},"end":{"line":44,"column":5}},"14":{"start":{"line":40,"column":25},"end":{"line":40,"column":49}},"15":{"start":{"line":41,"column":6},"end":{"line":43,"column":7}},"16":{"start":{"line":42,"column":8},"end":{"line":42,"column":33}},"17":{"start":{"line":47,"column":4},"end":{"line":52,"column":5}},"18":{"start":{"line":48,"column":25},"end":{"line":48,"column":49}},"19":{"start":{"line":49,"column":6},"end":{"line":51,"column":7}},"20":{"start":{"line":50,"column":8},"end":{"line":50,"column":33}},"21":{"start":{"line":55,"column":4},"end":{"line":60,"column":5}},"22":{"start":{"line":56,"column":26},"end":{"line":56,"column":51}},"23":{"start":{"line":57,"column":6},"end":{"line":59,"column":7}},"24":{"start":{"line":58,"column":8},"end":{"line":58,"column":34}},"25":{"start":{"line":63,"column":4},"end":{"line":68,"column":5}},"26":{"start":{"line":64,"column":25},"end":{"line":64,"column":49}},"27":{"start":{"line":65,"column":6},"end":{"line":67,"column":7}},"28":{"start":{"line":66,"column":8},"end":{"line":66,"column":33}},"29":{"start":{"line":71,"column":4},"end":{"line":76,"column":5}},"30":{"start":{"line":72,"column":29},"end":{"line":72,"column":66}},"31":{"start":{"line":73,"column":6},"end":{"line":75,"column":7}},"32":{"start":{"line":74,"column":8},"end":{"line":74,"column":37}},"33":{"start":{"line":79,"column":4},"end":{"line":81,"column":5}},"34":{"start":{"line":80,"column":6},"end":{"line":80,"column":47}},"35":{"start":{"line":83,"column":4},"end":{"line":85,"column":6}},"36":{"start":{"line":84,"column":6},"end":{"line":84,"column":59}},"37":{"start":{"line":89,"column":20},"end":{"line":89,"column":34}},"38":{"start":{"line":92,"column":4},"end":{"line":98,"column":5}},"39":{"start":{"line":93,"column":6},"end":{"line":97,"column":8}},"40":{"start":{"line":101,"column":17},"end":{"line":101,"column":75}},"41":{"start":{"line":101,"column":53},"end":{"line":101,"column":74}},"42":{"start":{"line":102,"column":4},"end":{"line":108,"column":5}},"43":{"start":{"line":103,"column":6},"end":{"line":107,"column":8}},"44":{"start":{"line":110,"column":4},"end":{"line":110,"column":44}},"45":{"start":{"line":114,"column":18},"end":{"line":114,"column":37}},"46":{"start":{"line":115,"column":25},"end":{"line":115,"column":26}},"47":{"start":{"line":116,"column":21},"end":{"line":116,"column":33}},"48":{"start":{"line":119,"column":4},"end":{"line":121,"column":5}},"49":{"start":{"line":120,"column":6},"end":{"line":120,"column":28}},"50":{"start":{"line":124,"column":26},"end":{"line":126,"column":12}},"51":{"start":{"line":125,"column":6},"end":{"line":125,"column":49}},"52":{"start":{"line":128,"column":4},"end":{"line":130,"column":5}},"53":{"start":{"line":129,"column":6},"end":{"line":129,"column":28}},"54":{"start":{"line":133,"column":25},"end":{"line":139,"column":6}},"55":{"start":{"line":141,"column":27},"end":{"line":143,"column":12}},"56":{"start":{"line":142,"column":6},"end":{"line":142,"column":31}},"57":{"start":{"line":145,"column":4},"end":{"line":147,"column":5}},"58":{"start":{"line":146,"column":6},"end":{"line":146,"column":28}},"59":{"start":{"line":150,"column":21},"end":{"line":150,"column":63}},"60":{"start":{"line":151,"column":23},"end":{"line":151,"column":57}},"61":{"start":{"line":153,"column":4},"end":{"line":155,"column":5}},"62":{"start":{"line":154,"column":6},"end":{"line":154,"column":28}},"63":{"start":{"line":157,"column":4},"end":{"line":163,"column":6}},"64":{"start":{"line":167,"column":18},"end":{"line":167,"column":65}},"65":{"start":{"line":167,"column":53},"end":{"line":167,"column":64}},"66":{"start":{"line":170,"column":4},"end":{"line":176,"column":5}},"67":{"start":{"line":171,"column":6},"end":{"line":175,"column":8}},"68":{"start":{"line":179,"column":4},"end":{"line":185,"column":5}},"69":{"start":{"line":180,"column":6},"end":{"line":184,"column":8}},"70":{"start":{"line":188,"column":22},"end":{"line":188,"column":69}},"71":{"start":{"line":188,"column":43},"end":{"line":188,"column":61}},"72":{"start":{"line":189,"column":4},"end":{"line":200,"column":5}},"73":{"start":{"line":191,"column":33},"end":{"line":192,"column":null}},"74":{"start":{"line":192,"column":8},"end":{"line":192,"column":44}},"75":{"start":{"line":195,"column":6},"end":{"line":199,"column":8}},"76":{"start":{"line":202,"column":4},"end":{"line":202,"column":46}},"77":{"start":{"line":206,"column":21},"end":{"line":206,"column":52}},"78":{"start":{"line":207,"column":24},"end":{"line":207,"column":38}},"79":{"start":{"line":209,"column":4},"end":{"line":211,"column":5}},"80":{"start":{"line":210,"column":6},"end":{"line":210,"column":47}},"81":{"start":{"line":214,"column":23},"end":{"line":214,"column":60}},"82":{"start":{"line":217,"column":29},"end":{"line":220,"column":54}},"83":{"start":{"line":222,"column":26},"end":{"line":223,"column":41}},"84":{"start":{"line":223,"column":19},"end":{"line":223,"column":40}},"85":{"start":{"line":225,"column":21},"end":{"line":225,"column":22}},"86":{"start":{"line":227,"column":4},"end":{"line":227,"column":44}},"87":{"start":{"line":227,"column":26},"end":{"line":227,"column":44}},"88":{"start":{"line":228,"column":4},"end":{"line":228,"column":41}},"89":{"start":{"line":228,"column":23},"end":{"line":228,"column":41}},"90":{"start":{"line":229,"column":4},"end":{"line":229,"column":42}},"91":{"start":{"line":229,"column":24},"end":{"line":229,"column":42}},"92":{"start":{"line":231,"column":4},"end":{"line":234,"column":6}},"93":{"start":{"line":238,"column":18},"end":{"line":238,"column":65}},"94":{"start":{"line":238,"column":53},"end":{"line":238,"column":64}},"95":{"start":{"line":239,"column":4},"end":{"line":239,"column":39}},"96":{"start":{"line":239,"column":26},"end":{"line":239,"column":39}},"97":{"start":{"line":241,"column":23},"end":{"line":241,"column":70}},"98":{"start":{"line":241,"column":44},"end":{"line":241,"column":62}},"99":{"start":{"line":242,"column":4},"end":{"line":242,"column":43}},"100":{"start":{"line":246,"column":18},"end":{"line":246,"column":65}},"101":{"start":{"line":246,"column":53},"end":{"line":246,"column":64}},"102":{"start":{"line":247,"column":4},"end":{"line":247,"column":39}},"103":{"start":{"line":247,"column":26},"end":{"line":247,"column":39}},"104":{"start":{"line":249,"column":21},"end":{"line":249,"column":69}},"105":{"start":{"line":249,"column":42},"end":{"line":249,"column":61}},"106":{"start":{"line":250,"column":4},"end":{"line":250,"column":41}},"107":{"start":{"line":255,"column":4},"end":{"line":260,"column":5}},"108":{"start":{"line":256,"column":6},"end":{"line":258,"column":7}},"109":{"start":{"line":257,"column":8},"end":{"line":257,"column":28}},"110":{"start":{"line":259,"column":6},"end":{"line":259,"column":26}},"111":{"start":{"line":262,"column":4},"end":{"line":264,"column":5}},"112":{"start":{"line":263,"column":6},"end":{"line":263,"column":22}},"113":{"start":{"line":266,"column":4},"end":{"line":268,"column":5}},"114":{"start":{"line":267,"column":6},"end":{"line":267,"column":20}},"115":{"start":{"line":270,"column":4},"end":{"line":272,"column":5}},"116":{"start":{"line":271,"column":6},"end":{"line":271,"column":19}},"117":{"start":{"line":274,"column":4},"end":{"line":276,"column":5}},"118":{"start":{"line":275,"column":6},"end":{"line":275,"column":19}},"119":{"start":{"line":278,"column":4},"end":{"line":278,"column":24}},"120":{"start":{"line":282,"column":21},"end":{"line":282,"column":22}},"121":{"start":{"line":283,"column":20},"end":{"line":283,"column":34}},"122":{"start":{"line":286,"column":24},"end":{"line":286,"column":66}},"123":{"start":{"line":287,"column":23},"end":{"line":287,"column":72}},"124":{"start":{"line":288,"column":25},"end":{"line":288,"column":96}},"125":{"start":{"line":290,"column":4},"end":{"line":290,"column":42}},"126":{"start":{"line":290,"column":24},"end":{"line":290,"column":42}},"127":{"start":{"line":291,"column":4},"end":{"line":291,"column":43}},"128":{"start":{"line":291,"column":25},"end":{"line":291,"column":43}},"129":{"start":{"line":292,"column":4},"end":{"line":292,"column":44}},"130":{"start":{"line":292,"column":26},"end":{"line":292,"column":44}},"131":{"start":{"line":295,"column":26},"end":{"line":300,"column":6}},"132":{"start":{"line":302,"column":27},"end":{"line":304,"column":12}},"133":{"start":{"line":303,"column":6},"end":{"line":303,"column":27}},"134":{"start":{"line":306,"column":4},"end":{"line":306,"column":78}},"135":{"start":{"line":306,"column":28},"end":{"line":306,"column":78}},"136":{"start":{"line":309,"column":21},"end":{"line":309,"column":70}},"137":{"start":{"line":310,"column":23},"end":{"line":312,"column":12}},"138":{"start":{"line":311,"column":6},"end":{"line":311,"column":78}},"139":{"start":{"line":314,"column":4},"end":{"line":314,"column":42}},"140":{"start":{"line":314,"column":24},"end":{"line":314,"column":42}},"141":{"start":{"line":316,"column":4},"end":{"line":324,"column":6}},"142":{"start":{"line":328,"column":20},"end":{"line":328,"column":34}},"143":{"start":{"line":330,"column":4},"end":{"line":389,"column":5}},"144":{"start":{"line":332,"column":21},"end":{"line":332,"column":40}},"145":{"start":{"line":335,"column":6},"end"
[...]
e":183,"column":99}},{"start":{"line":183,"column":103},"end":{"line":183,"column":128}}]},"16":{"loc":{"start":{"line":192,"column":21},"end":{"line":192,"column":103}},"type":"cond-expr","locations":[{"start":{"line":192,"column":35},"end":{"line":192,"column":75}},{"start":{"line":192,"column":78},"end":{"line":192,"column":103}}]},"17":{"loc":{"start":{"line":205,"column":4},"end":{"line":212,"column":5}},"type":"if","locations":[{"start":{"line":205,"column":4},"end":{"line":212,"column":5}}]},"18":{"loc":{"start":{"line":214,"column":4},"end":{"line":216,"column":5}},"type":"if","locations":[{"start":{"line":214,"column":4},"end":{"line":216,"column":5}}]},"19":{"loc":{"start":{"line":214,"column":8},"end":{"line":214,"column":61}},"type":"binary-expr","locations":[{"start":{"line":214,"column":8},"end":{"line":214,"column":32}},{"start":{"line":214,"column":36},"end":{"line":214,"column":61}}]},"20":{"loc":{"start":{"line":225,"column":4},"end":{"line":232,"column":5}},"type":"if","locations":[{"start":{"line":225,"column":4},"end":{"line":232,"column":5}}]},"21":{"loc":{"start":{"line":234,"column":4},"end":{"line":236,"column":5}},"type":"if","locations":[{"start":{"line":234,"column":4},"end":{"line":236,"column":5}}]},"22":{"loc":{"start":{"line":234,"column":8},"end":{"line":234,"column":58}},"type":"binary-expr","locations":[{"start":{"line":234,"column":8},"end":{"line":234,"column":32}},{"start":{"line":234,"column":36},"end":{"line":234,"column":58}}]},"23":{"loc":{"start":{"line":245,"column":4},"end":{"line":252,"column":5}},"type":"if","locations":[{"start":{"line":245,"column":4},"end":{"line":252,"column":5}}]},"24":{"loc":{"start":{"line":254,"column":4},"end":{"line":256,"column":5}},"type":"if","locations":[{"start":{"line":254,"column":4},"end":{"line":256,"column":5}}]},"25":{"loc":{"start":{"line":254,"column":8},"end":{"line":254,"column":55}},"type":"binary-expr","locations":[{"start":{"line":254,"column":8},"end":{"line":254,"column":32}},{"start":{"line":254,"column":36},"end":{"line":254,"column":55}}]},"26":{"loc":{"start":{"line":264,"column":4},"end":{"line":271,"column":5}},"type":"if","locations":[{"start":{"line":264,"column":4},"end":{"line":271,"column":5}}]},"27":{"loc":{"start":{"line":273,"column":4},"end":{"line":279,"column":5}},"type":"if","locations":[{"start":{"line":273,"column":4},"end":{"line":279,"column":5}}]},"28":{"loc":{"start":{"line":281,"column":4},"end":{"line":283,"column":5}},"type":"if","locations":[{"start":{"line":281,"column":4},"end":{"line":283,"column":5}}]},"29":{"loc":{"start":{"line":281,"column":8},"end":{"line":281,"column":57}},"type":"binary-expr","locations":[{"start":{"line":281,"column":8},"end":{"line":281,"column":32}},{"start":{"line":281,"column":36},"end":{"line":281,"column":57}}]},"30":{"loc":{"start":{"line":291,"column":4},"end":{"line":298,"column":5}},"type":"if","locations":[{"start":{"line":291,"column":4},"end":{"line":298,"column":5}}]},"31":{"loc":{"start":{"line":300,"column":4},"end":{"line":302,"column":5}},"type":"if","locations":[{"start":{"line":300,"column":4},"end":{"line":302,"column":5}}]},"32":{"loc":{"start":{"line":300,"column":8},"end":{"line":300,"column":58}},"type":"binary-expr","locations":[{"start":{"line":300,"column":8},"end":{"line":300,"column":32}},{"start":{"line":300,"column":36},"end":{"line":300,"column":58}}]},"33":{"loc":{"start":{"line":310,"column":4},"end":{"line":317,"column":5}},"type":"if","locations":[{"start":{"line":310,"column":4},"end":{"line":317,"column":5}}]},"34":{"loc":{"start":{"line":319,"column":4},"end":{"line":336,"column":5}},"type":"if","locations":[{"start":{"line":319,"column":4},"end":{"line":336,"column":5}}]},"35":{"loc":{"start":{"line":319,"column":8},"end":{"line":319,"column":56}},"type":"binary-expr","locations":[{"start":{"line":319,"column":8},"end":{"line":319,"column":32}},{"start":{"line":319,"column":36},"end":{"line":319,"column":56}}]},"36":{"loc":{"start":{"line":324,"column":22},"end":{"line":324,"column":53}},"type":"binary-expr","locations":[{"start":{"line":324,"column":22},"end":{"line":324,"column":48}},{"start":{"line":324,"column":52},"end":{"line":324,"column":53}}]},"37":{"loc":{"start":{"line":327,"column":6},"end":{"line":333,"column":7}},"type":"if","locations":[{"start":{"line":327,"column":6},"end":{"line":333,"column":7}}]},"38":{"loc":{"start":{"line":344,"column":4},"end":{"line":351,"column":5}},"type":"if","locations":[{"start":{"line":344,"column":4},"end":{"line":351,"column":5}}]},"39":{"loc":{"start":{"line":353,"column":4},"end":{"line":355,"column":5}},"type":"if","locations":[{"start":{"line":353,"column":4},"end":{"line":355,"column":5}}]},"40":{"loc":{"start":{"line":353,"column":8},"end":{"line":353,"column":57}},"type":"binary-expr","locations":[{"start":{"line":353,"column":8},"end":{"line":353,"column":32}},{"start":{"line":353,"column":36},"end":{"line":353,"column":57}}]},"41":{"loc":{"start":{"line":363,"column":4},"end":{"line":370,"column":5}},"type":"if","locations":[{"start":{"line":363,"column":4},"end":{"line":370,"column":5}}]},"42":{"loc":{"start":{"line":372,"column":4},"end":{"line":374,"column":5}},"type":"if","locations":[{"start":{"line":372,"column":4},"end":{"line":374,"column":5}}]},"43":{"loc":{"start":{"line":372,"column":8},"end":{"line":372,"column":59}},"type":"binary-expr","locations":[{"start":{"line":372,"column":8},"end":{"line":372,"column":32}},{"start":{"line":372,"column":36},"end":{"line":372,"column":59}}]},"44":{"loc":{"start":{"line":377,"column":4},"end":{"line":385,"column":5}},"type":"if","locations":[{"start":{"line":377,"column":4},"end":{"line":385,"column":5}}]},"45":{"loc":{"start":{"line":378,"column":6},"end":{"line":384,"column":7}},"type":"if","locations":[{"start":{"line":378,"column":6},"end":{"line":384,"column":7}}]},"46":{"loc":{"start":{"line":378,"column":10},"end":{"line":378,"column":102}},"type":"binary-expr","locations":[{"start":{"line":378,"column":10},"end":{"line":378,"column":34}},{"start":{"line":378,"column":38},"end":{"line":378,"column":102}}]},"47":{"loc":{"start":{"line":393,"column":4},"end":{"line":400,"column":5}},"type":"if","locations":[{"start":{"line":393,"column":4},"end":{"line":400,"column":5}}]},"48":{"loc":{"start":{"line":403,"column":4},"end":{"line":409,"column":5}},"type":"if","locations":[{"start":{"line":403,"column":4},"end":{"line":409,"column":5}}]},"49":{"loc":{"start":{"line":403,"column":8},"end":{"line":403,"column":82}},"type":"binary-expr","locations":[{"start":{"line":403,"column":8},"end":{"line":403,"column":51}},{"start":{"line":403,"column":55},"end":{"line":403,"column":82}}]},"50":{"loc":{"start":{"line":411,"column":4},"end":{"line":417,"column":5}},"type":"if","locations":[{"start":{"line":411,"column":4},"end":{"line":417,"column":5}}]},"51":{"loc":{"start":{"line":426,"column":4},"end":{"line":433,"column":5}},"type":"if","locations":[{"start":{"line":426,"column":4},"end":{"line":433,"column":5}}]},"52":{"loc":{"start":{"line":436,"column":4},"end":{"line":454,"column":5}},"type":"if","locations":[{"start":{"line":436,"column":4},"end":{"line":454,"column":5}}]},"53":{"loc":{"start":{"line":436,"column":8},"end":{"line":436,"column":66}},"type":"binary-expr","locations":[{"start":{"line":436,"column":8},"end":{"line":436,"column":38}},{"start":{"line":436,"column":42},"end":{"line":436,"column":66}}]},"54":{"loc":{"start":{"line":438,"column":6},"end":{"line":444,"column":7}},"type":"if","locations":[{"start":{"line":438,"column":6},"end":{"line":444,"column":7}}]},"55":{"loc":{"start":{"line":447,"column":6},"end":{"line":453,"column":7}},"type":"if","locations":[{"start":{"line":447,"column":6},"end":{"line":453,"column":7}}]},"56":{"loc":{"start":{"line":447,"column":10},"end":{"line":447,"column":53}},"type":"binary-expr","locations":[{"start":{"line":447,"column":10},"end":{"line":447,"column":31}},{"start":{"line":447,"column":35},"end":{"line":447,"column":53}}]},"57":{"loc":{"start":{"line":462,"column":4},"end":{"line":469,"column":5}},"type":"if","locations":[{"start":{"line":462,"column":4},"end":{"line":469,"column":5}}]},"58":{"loc":{"start":{"line":472,"column":4},"end":{"line":487,"column":5}},"type":"if","locations":[{"start":{"line":472,"column":4},"end":{"line":487,"column":5}},{"start":{"line":481,"column":11},"end":{"line":487,"column":5}}]},"59":{"loc":{"start":{"line":474,"column":6},"end":{"line":480,"column":7}},"type":"if","locations":[{"start":{"line":474,"column":6},"end":{"line":480,"column":7}}]},"60":{"loc":{"start":{"line":474,"column":10},"end":{"line":474,"column":83}},"type":"binary-expr","locations":[{"start":{"line":474,"column":10},"end":{"line":474,"column":46}},{"start":{"line":474,"column":50},"end":{"line":474,"column":83}}]},"61":{"loc":{"start":{"line":495,"column":4},"end":{"line":502,"column":5}},"type":"if","locations":[{"start":{"line":495,"column":4},"end":{"line":502,"column":5}}]},"62":{"loc":{"start":{"line":504,"column":4},"end":{"line":516,"column":5}},"type":"if","locations":[{"start":{"line":504,"column":4},"end":{"line":516,"column":5}},{"start":{"line":510,"column":11},"end":{"line":516,"column":5}}]},"63":{"loc":{"start":{"line":510,"column":11},"end":{"line":516,"column":5}},"type":"if","locations":[{"start":{"line":510,"column":11},"end":{"line":516,"column":5}}]},"64":{"loc":{"start":{"line":524,"column":4},"end":{"line":532,"column":5}},"type":"if","locations":[{"start":{"line":524,"column":4},"end":{"line":532,"column":5}}]},"65":{"loc":{"start":{"line":536,"column":22},"end":{"line":540,"column":12}},"type":"cond-expr","locations":[{"start":{"line":537,"column":10},"end":{"line":537,"column":34}},{"start":{"line":538,"column":10},"end":{"line":540,"column":12}}]},"66":{"loc":{"start":{"line":537,"column":10},"end":{"line":537,"column":34}},"type":"binary-expr","locations":[{"start":{"line":537,"column":10},"end":{"line":537,"column":28}},{"start":{"line":537,"column":32},"end":{"line":537,"column":34}}]},"67":{"loc":{"start":{"line":538,"column":10},"end":{"line":540,"column":12}},"type":"cond-expr","locations":[{"start":{"line":539,"column":10},"end":{"line":539,"column":41}},{"start":{"line":540,"column":10},"end":{"line":540,"column":12}}]},"68":{"loc":{"start":{"line":539,"column":10},"end":{"line":539,"column":41}},"type":"binary-expr","locations":[{"start":{"line":539,"column":10},"end":{"line":539,"column":35}},{"start":{"line":539,"column":39},"end":{"line":539,"column":41}}]},"69":{"loc":{"start":{"line":544,"column":4},"end":{"line":551,"column":5}},"type":"if","locations":[{"start":{"line":544,"column":4},"end":{"line":551,"column":5}}]},"70":{"loc":{"start":{"line":555,"column":6},"end":{"line":562,"column":7}},"type":"if","locations":[{"start":{"line":555,"column":6},"end":{"line":562,"column":7}}]},"71":{"loc":{"start":{"line":555,"column":10},"end":{"line":555,"column":76}},"type":"binary-expr","locations":[{"start":{"line":555,"column":10},"end":{"line":555,"column":20}},{"start":{"line":555,"column":24},"end":{"line":555,"column":76}}]},"72":{"loc":{"start":{"line":564,"column":6},"end":{"line":571,"column":7}},"type":"if","locations":[{"start":{"line":564,"column":6},"end":{"line":571,"column":7}}]},"73":{"loc":{"start":{"line":564,"column":10},"end":{"line":564,"column":44}},"type":"binary-expr","locations":[{"start":{"line":564,"column":10},"end":{"line":564,"column":30}},{"start":{"line":564,"column":34},"end":{"line":564,"column":44}}]},"74":{"loc":{"start":{"line":573,"column":6},"end":{"line":580,"column":7}},"type":"if","locations":[{"start":{"line":573,"column":6},"end":{"line":580,"column":7}}]},"75":{"loc":{"start":{"line":573,"column":10},"end":{"line":573,"column":64}},"type":"binary-expr","locations":[{"start":{"line":573,"column":10},"end":{"line":573,"column":34}},{"start":{"line":573,"column":38},"end":{"line":573,"column":64}}]},"76":{"loc":{"start":{"line":593,"column":6},"end":{"line":605,"column":7}},"type":"if","locations":[{"start":{"line":593,"column":6},"end":{"line":605,"column":7}}]},"77":{"loc":{"start":{"line":596,"column":8},"end":{"line":604,"column":9}},"type":"if","locations":[{"start":{"line":596,"column":8},"end":{"line":604,"column":9}}]},"78":{"loc":{"start":{"line":596,"column":12},"end":{"line":597,"column":58}},"type":"binary-expr","locations":[{"start":{"line":596,"column":12},"end":{"line":596,"column":21}},{"start":{"line":596,"column":25},"end":{"line":596,"column":51}},{"start":{"line":597,"column":12},"end":{"line":597,"column":58}}]},"79":{"loc":{"start":{"line":617,"column":4},"end":{"line":620,"column":5}},"type":"if","locations":[{"start":{"line":617,"column":4},"end":{"line":620,"column":5}}]},"80":{"loc":{"start":{"line":617,"column":8},"end":{"line":618,"column":73}},"type":"binary-expr","locations":[{"start":{"line":617,"column":9},"end":{"line":617,"column":45}},{"start":{"line":617,"column":49},"end":{"line":617,"column":72}},{"start":{"line":618,"column":9},"end":{"line":618,"column":32}},{"start":{"line":618,"column":36},"end":{"line":618,"column":72}}]},"81":{"loc":{"start":{"line":641,"column":8},"end":{"line":649,"column":9}},"type":"if","locations":[{"start":{"line":641,"column":8},"end":{"line":649,"column":9}}]},"82":{"loc":{"start":{"line":641,"column":12},"end":{"line":641,"column":71}},"type":"binary-expr","locations":[{"start":{"line":641,"column":12},"end":{"line":641,"column":40}},{"start":{"line":641,"column":44},"end":{"line":641,"column":71}}]},"83":{"loc":{"start":{"line":651,"column":8},"end":{"line":659,"column":9}},"type":"if","locations":[{"start":{"line":651,"column":8},"end":{"line":659,"column":9}}]},"84":{"loc":{"start":{"line":651,"column":12},"end":{"line":651,"column":81}},"type":"binary-expr","locations":[{"start":{"line":651,"column":12},"end":{"line":651,"column":43}},{"start":{"line":651,"column":47},"end":{"line":651,"column":81}}]},"85":{"loc":{"start":{"line":684,"column":6},"end":{"line":725,"column":7}},"type":"switch","locations":[{"start":{"line":685,"column":8},"end":{"line":693,"column":16}},{"start":{"line":695,"column":8},"end":{"line":695,"column":21}},{"start":{"line":696,"column":8},"end":{"line":696,"column":21}},{"start":{"line":697,"column":8},"end":{"line":706,"column":16}},{"start":{"line":708,"column":8},"end":{"line":724,"column":13}}]},"86":{"loc":{"start":{"line":686,"column":10},"end":{"line":692,"column":11}},"type":"if","locations":[{"start":{"line":686,"column":10},"end":{"line":692,"column":11}}]},"87":{"loc":{"start":{"line":699,"column":10},"end":{"line":705,"column":11}},"type":"if","locations":[{"start":{"line":699,"column":10},"end":{"line":705,"column":11}}]},"88":{"loc":{"start":{"line":699,"column":14},"end":{"line":699,"column":73}},"type":"binary-expr","locations":[{"start":{"line":699,"column":14},"end":{"line":699,"column":45}},{"start":{"line":699,"column":49},"end":{"line":699,"column":73}}]},"89":{"loc":{"start":{"line":713,"column":12},"end":{"line":723,"column":13}},"type":"if","locations":[{"start":{"line":713,"column":12},"end":{"line":723,"column":13}}]},"90":{"loc":{"start":{"line":715,"column":16},"end":{"line":721,"column":17}},"type":"if","locations":[{"start":{"line":715,"column":16},"end":{"line":721,"column":17}}]},"91":{"loc":{"start":{"line":715,"column":20},"end":{"line":715,"column":64}},"type":"binary-expr","locations":[{"start":{"line":715,"column":20},"end":{"line":715,"column":40}},{"start":{"line":715,"column":44},"end":{"line":715,"column":64}}]},"92":{"loc":{"start":{"line":732,"column":4},"end":{"line":757,"column":5}},"type":"switch","locations":[{"start":{"line":733,"column":6},"end":{"line":734,"column":39}},{"start":{"line":735,"column":6},"end":{"line":736,"column":39}},{"start":{"line":737,"column":6},"end":{"line":738,"column":39}},{"start":{"line":739,"column":6},"end":{"line":740,"column":39}},{"start":{"line":741,"column":6},"end":{"line":742,"column":48}},{"start":{"line":743,"column":6},"end":{"line":744,"column":48}},{"start":{"line":745,"column":6},"end":{"line":746,"column":35}},{"start":{"line":747,"column":6},"end":{"line":748,"column":36}},{"start":{"line":749,"column":6},"end":{"line":750,"column":35}},{"start":{"line":751,"column":6},"end":{"line":752,"column":37}},{"start":{"line":753,"column":6},"end":{"line":754,"column":34}},{"start":{"line":755,"column":6},"end":{"line":756,"column":18}}]}},"s":{"0":472,"1":472,"2":472,"3":472,"4":472,"5":0,"6":0,"7":0,"8":472,"9":472,"10":472,"11":4,"12":472,"13":4,"14":472,"15":2881,"16":2881,"17":25,"18":6,"19":19,"20":472,"21":4599,"22":4599,"23":0,"24":0,"25":4599,"26":2329,"27":2329,"28":1067,"29":1067,"30":486,"31":486,"32":7,"33":7,"34":5,"35":5,"36":233,"37":233,"38":197,"39":197,"40":13,"41":13,"42":243,"43":243,"44":4,"45":4,"46":0,"47":0,"48":3,"49":3,"50":1,"51":11,"52":4599,"53":30,"54":30,"55":3,"56":30,"57":0,"58":30,"59":1718,"60":1718,"61":0,"62":4599,"63":2329,"64":2329,"65":0,"66":0,"67":2329,"68":2329,"69":2329,"70":1067,"71":1067,"72":1067,"73":0,"74":0,"75":1067,"76":1067,"77":1067,"78":486,"79":486,"80":486,"81":0,"82":0,"83":486,"84":486,"85":486,"86":7,"87":7,"88":0,"89":0,"90":7,"91":0,"92":7,"93":7,"94":7,"95":5,"96":5,"97":0,"98":0,"99":5,"100":5,"101":5,"102":233,"103":233,"104":0,"105":0,"106":233,"107":233,"108":233,"109":233,"110":233,"111":0,"112":233,"113":233,"114":197,"115":197,"116":0,"117":0,"118":197,"119":197,"120":197,"121":13,"122":13,"123":0,"124":0,"125":13,"126":13,"127":13,"128":13,"129":0,"130":13,"131":243,"132":243,"133":0,"134":0,"135":243,"136":3,"137":243,"138":2,"139":243,"140":4,"141":4,"142":4,"143":0,"144":0,"145":4,"146":4,"147":4,"148":0,"149":4,"150":4,"151":3,"152":4,"153":0,"154":0,"155":0,"156":0,"157":0,"158":0,"159":0,"160":0,"161":0,"162":0,"163":3,"164":3,"165":0,"166":0,"167":3,"168":0,"169":3,"170":0,"171":3,"172":4337,"173":4337,"174":0,"175":0,"176":4337,"177":6085,"178":6085,"179":4337,"180":3,"181":4337,"182":6085,"183":0,"184":6085,"185":0,"186":6085,"187":0,"188":4337,"189":472,"190":472,"191":472,"192":2881,"193":2881,"194":484,"195":484,"196":4,"197":472,"198":3358,"199":229,"200":0,"201":229,"202":0,"203":0,"204":0,"205":0,"206":0,"207":0,"208":0,"209":0,"210":0,"211":0,"212":0,"213":0,"214":0,"215":0,"216":0,"217":0,"218":0,"219":0,"220":0,"221":0,"222":0,"223":0,"224":0,"225":0,"226":0,"227":0,"228":0,"229":0,"230":0,"231":0,"232":0,"233":0,"234":0,"235":0,"236":0,"237":0,"238":0,"239":0,"240":0,"241":0,"242":0,"243":0,"244":0,"245":0,"246":0,"247":0,"248":17},"f":{"0":472,"1":472,"2":4,"3":4,"4":2881,"5":25,"6":4599,"7":1718,"8":0,"9":2329,"10":1067,"11":486,"12":7,"13":5,"14":233,"15":233,"16":197,"17":13,"18":243,"19":4,"20":0,"21":3,"22":4337,"23":6085,"24":6085,"25":472,"26":3358,"27":229,"28":0,"29":0,"30":0,"31":0,"32":0,"33":0,"34":0,"35":0,"36":0},"b":{"0":[472],"1":[0],"2":[0,0],"3":[472],"4":[6,19],"5":[0],"6":[0],"7":[2329,451,719,1067,478,486,7,5,233,197,13,243,4,4,4,0,3,1,11],"8":[30],"9":[4599,30],"10":[3],"11":[30,0],"12":[3,0],"13":[0,30],"14":[30,0],"15":[0,0],"16":[0,0],"17":[0],"18":[2329],"19":[2329,2329],"20":[0],"21":[1067],"22":[1067,1067],"23":[0],"24":[486],"25":[486,486],"26":[0],"27":[0],"28":[7],"29":[7,7],"30":[0],"31":[5],"32":[5,5],"33":[0],"34":[233],"35":[233,233],"36":[233,0],"37":[0],"38":[0],"39":[197],"40":[197,197],"41":[0],"42":[13],"43":[13,13],"44":[13],"45":[0],"46":[13,13],"47":[0],"48":[3],"49":[243,243],"50":[2],"51":[0],"52":[4],"53":[4,4],"54":[0],"55":[3],"56":[4,1],"57":[0],"58":[0,0],"59":[0],"60":[0,0],"61":[0],"62":[0,3],"63":[0],"64":[0],"65":[6069,16],"66":[6069,2],"67":[16,0],"68":[16,0],"69":[3],"70":[0],"71":[6085,6085],"72":[0],"73":[6085,6069],"74":[0],"75":[6085,16],"76":[484],"77":[4],"78":[484,477,229],"79":[0],"80":[229,220,229,4],"81":[0],"82":[0,0],"83":[0],"84":[0,0],"85":[0,0,0,0,0],"86":[0],"87":[0],"88":[0,0],"89":[0],"90":[0],"91":[0,0],"92":[0,0,0,0,0,0,0,0,0,0,0,0]}}
}
