TN:
SF:src\parseContent.ts
FN:71,parseContent
FN:222,parseUrls
FN:224,(anonymous_2)
FN:229,(anonymous_3)
FN:301,isImageUrl
FN:305,isVideoUrl
FN:310,isAudioUrl
FN:318,parseMarkdown
FN:326,parseCode
FN:338,parseTable
FN:346,parseAudio
FNF:11
FNH:7
FNDA:528,parseContent
FNDA:42,parseUrls
FNDA:11240,(anonymous_2)
FNDA:11240,(anonymous_3)
FNDA:11240,isImageUrl
FNDA:11239,isVideoUrl
FNDA:11237,isAudioUrl
FNDA:0,parseMarkdown
FNDA:0,parseCode
FNDA:0,parseTable
FNDA:0,parseAudio
DA:5,17
DA:6,17
DA:7,17
DA:8,17
DA:9,17
DA:10,17
DA:11,17
DA:12,17
DA:13,17
DA:71,17
DA:75,528
DA:77,528
DA:79,528
DA:80,7
DA:93,521
DA:94,7
DA:108,514
DA:109,514
DA:111,514
DA:117,514
DA:123,514
DA:125,229
DA:126,229
DA:128,14
DA:129,14
DA:133,47
DA:134,47
DA:136,15
DA:137,15
DA:140,2
DA:141,2
DA:144,7
DA:145,7
DA:148,42
DA:150,11
DA:151,11
DA:154,147
DA:158,472
DA:159,472
DA:162,472
DA:171,472
DA:174,472
DA:175,0
DA:176,0
DA:181,472
DA:182,472
DA:183,472
DA:187,472
DA:197,472
DA:204,0
DA:223,42
DA:224,42
DA:225,11240
DA:226,11240
DA:229,42
DA:231,11240
DA:232,1
DA:242,11239
DA:243,2
DA:252,11237
DA:253,11228
DA:263,9
DA:264,1
DA:275,8
DA:284,42
DA:294,42
DA:302,11240
DA:306,11239
DA:311,11237
DA:318,17
DA:319,0
DA:320,0
DA:326,17
DA:327,0
DA:332,0
DA:338,17
DA:339,0
DA:340,0
DA:346,17
DA:347,0
DA:348,0
LF:81
LH:70
BRDA:73,0,0,210
BRDA:79,1,0,7
BRDA:79,2,0,528
BRDA:79,2,1,524
BRDA:93,3,0,7
BRDA:111,4,0,232
BRDA:111,4,1,282
BRDA:111,5,0,514
BRDA:111,5,1,514
BRDA:123,6,0,229
BRDA:123,6,1,14
BRDA:123,6,2,1
BRDA:123,6,3,45
BRDA:123,6,4,47
BRDA:123,6,5,15
BRDA:123,6,6,2
BRDA:123,6,7,7
BRDA:123,6,8,42
BRDA:123,6,9,11
BRDA:123,6,10,147
BRDA:174,7,0,0
BRDA:181,8,0,472
BRDA:207,9,0,0
BRDA:207,9,1,0
BRDA:211,10,0,0
BRDA:211,10,1,0
BRDA:226,11,0,11240
BRDA:226,11,1,11240
BRDA:231,12,0,1
BRDA:242,13,0,2
BRDA:252,14,0,11228
BRDA:263,15,0,1
BRDA:306,16,0,11239
BRDA:306,16,1,11238
BRDA:311,17,0,11237
BRDA:311,17,1,11235
BRDA:318,18,0,0
BRDA:326,19,0,0
BRDA:338,20,0,0
BRDA:338,21,0,0
BRDA:346,22,0,0
BRF:41
BRH:31
end_of_record
TN:
SF:src\converters\NotionConverter.ts
FN:4,(anonymous_0)
FN:7,(anonymous_1)
FN:20,(anonymous_2)
FN:54,(anonymous_3)
FN:68,(anonymous_4)
FN:94,(anonymous_5)
FN:131,(anonymous_6)
FN:163,(anonymous_7)
FN:175,(anonymous_8)
FN:192,(anonymous_9)
FN:211,(anonymous_10)
FN:229,(anonymous_11)
FN:317,(anonymous_12)
FN:343,(anonymous_13)
FN:357,(anonymous_14)
FN:364,(anonymous_15)
FN:386,(anonymous_16)
FNF:17
FNH:16
FNDA:472,(anonymous_0)
FNDA:502,(anonymous_1)
FNDA:4599,(anonymous_2)
FNDA:2318,(anonymous_3)
FNDA:1067,(anonymous_4)
FNDA:493,(anonymous_5)
FNDA:233,(anonymous_6)
FNDA:243,(anonymous_7)
FNDA:550,(anonymous_8)
FNDA:29035,(anonymous_9)
FNDA:13,(anonymous_10)
FNDA:15,(anonymous_11)
FNDA:14,(anonymous_12)
FNDA:197,(anonymous_13)
FNDA:1,(anonymous_14)
FNDA:5,(anonymous_15)
FNDA:0,(anonymous_16)
DA:2,17
DA:4,17
DA:5,472
DA:8,502
DA:10,502
DA:11,4599
DA:12,4599
DA:13,4599
DA:17,502
DA:21,4599
DA:23,2318
DA:25,1067
DA:27,493
DA:29,233
DA:31,243
DA:33,13
DA:38,15
DA:40,14
DA:42,197
DA:44,1
DA:46,5
DA:48,0
DA:50,0
DA:55,2318
DA:59,2318
DA:69,1067
DA:70,1067
DA:71,1067
DA:75,1067
DA:85,1067
DA:86,25
DA:87,25
DA:88,25
DA:91,1067
DA:95,493
DA:100,493
DA:101,493
DA:103,493
DA:104,7
DA:112,486
DA:113,8
DA:121,478
DA:132,233
DA:133,233
DA:135,233
DA:136,233
DA:149,0
DA:164,243
DA:165,243
DA:166,243
DA:168,243
DA:171,243
DA:172,240
DA:175,550
DA:184,243
DA:185,8900
DA:186,8900
DA:187,8900
DA:189,8900
DA:192,29035
DA:200,243
DA:212,13
DA:216,13
DA:230,15
DA:231,15
DA:234,15
DA:235,0
DA:239,15
DA:241,0
DA:242,0
DA:245,15
DA:247,0
DA:248,0
DA:251,15
DA:256,15
DA:258,4
DA:268,0
DA:277,11
DA:287,0
DA:288,0
DA:298,0
DA:307,0
DA:318,14
DA:319,14
DA:321,14
DA:322,3
DA:330,11
DA:344,197
DA:348,197
DA:358,1
DA:365,5
DA:369,5
DA:378,5
DA:379,5
DA:380,5
DA:383,5
DA:387,0
DA:388,0
DA:390,0
DA:391,0
DA:394,0
LF:101
LH:83
BRDA:7,0,0,0
BRDA:12,1,0,4599
BRDA:21,2,0,2318
BRDA:21,2,1,1067
BRDA:21,2,2,493
BRDA:21,2,3,233
BRDA:21,2,4,243
BRDA:21,2,5,13
BRDA:21,2,6,4
BRDA:21,2,7,4
BRDA:21,2,8,15
BRDA:21,2,9,15
BRDA:21,2,10,14
BRDA:21,2,11,197
BRDA:21,2,12,1
BRDA:21,2,13,5
BRDA:21,2,14,0
BRDA:21,2,15,0
BRDA:55,3,0,2318
BRDA:55,3,1,0
BRDA:56,4,0,2318
BRDA:56,4,1,0
BRDA:57,5,0,0
BRDA:57,5,1,0
BRDA:63,6,0,2318
BRDA:63,6,1,2318
BRDA:69,7,0,1067
BRDA:69,7,1,0
BRDA:71,8,0,1067
BRDA:71,8,1,0
BRDA:72,9,0,1067
BRDA:72,9,1,0
BRDA:73,10,0,0
BRDA:73,10,1,0
BRDA:79,11,0,1067
BRDA:79,11,1,1067
BRDA:80,12,0,1067
BRDA:80,12,1,1040
BRDA:85,13,0,25
BRDA:85,14,0,1067
BRDA:85,14,1,1067
BRDA:95,15,0,493
BRDA:95,15,1,0
BRDA:96,16,0,493
BRDA:96,16,1,0
BRDA:97,17,0,0
BRDA:97,17,1,0
BRDA:100,18,0,493
BRDA:100,18,1,0
BRDA:103,19,0,7
BRDA:103,19,1,486
BRDA:108,20,0,7
BRDA:108,20,1,4
BRDA:109,21,0,7
BRDA:109,21,1,7
BRDA:112,22,0,8
BRDA:112,22,1,478
BRDA:117,23,0,8
BRDA:117,23,1,8
BRDA:125,24,0,478
BRDA:125,24,1,478
BRDA:132,25,0,233
BRDA:132,25,1,0
BRDA:135,26,0,233
BRDA:135,26,1,0
BRDA:141,27,0,233
BRDA:141,27,1,0
BRDA:154,28,0,0
BRDA:154,28,1,0
BRDA:164,29,0,243
BRDA:164,29,1,0
BRDA:165,30,0,243
BRDA:165,30,1,0
BRDA:171,31,0,240
BRDA:187,32,0,9
BRDA:205,33,0,243
BRDA:205,33,1,236
BRDA:212,34,0,13
BRDA:212,34,1,0
BRDA:213,35,0,13
BRDA:213,35,1,0
BRDA:214,36,0,0
BRDA:214,36,1,0
BRDA:222,37,0,13
BRDA:222,37,1,0
BRDA:224,38,0,13
BRDA:224,38,1,0
BRDA:234,39,0,0
BRDA:235,40,0,0
BRDA:235,40,1,0
BRDA:239,41,0,0
BRDA:239,42,0,15
BRDA:239,42,1,4
BRDA:241,43,0,0
BRDA:241,43,1,0
BRDA:245,44,0,0
BRDA:245,45,0,15
BRDA:245,45,1,0
BRDA:247,46,0,0
BRDA:247,46,1,0
BRDA:251,47,0,4
BRDA:251,47,1,11
BRDA:256,48,0,4
BRDA:256,48,1,0
BRDA:256,48,2,11
BRDA:256,48,3,0
BRDA:256,48,4,0
BRDA:287,49,0,0
BRDA:319,50,0,14
BRDA:319,50,1,0
BRDA:321,51,0,3
BRDA:321,51,1,11
BRDA:344,52,0,197
BRDA:344,52,1,0
BRDA:345,53,0,197
BRDA:345,53,1,0
BRDA:346,54,0,0
BRDA:346,54,1,0
BRDA:352,55,0,197
BRDA:352,55,1,197
BRDA:365,56,0,5
BRDA:365,56,1,0
BRDA:366,57,0,5
BRDA:366,57,1,0
BRDA:367,58,0,0
BRDA:367,58,1,0
BRDA:373,59,0,5
BRDA:373,59,1,5
BRDA:378,60,0,5
BRDA:378,61,0,5
BRDA:378,61,1,5
BRDA:388,62,0,0
BRDA:388,62,1,0
BRDA:390,63,0,0
BRDA:391,64,0,0
BRDA:391,64,1,0
BRDA:391,64,2,0
BRDA:398,65,0,0
BRDA:398,65,1,0
BRF:139
BRH:78
end_of_record
TN:
SF:src\converters\RichTextConverter.ts
FN:16,(anonymous_0)
FN:30,(anonymous_1)
FN:40,(anonymous_2)
FN:42,(anonymous_3)
FN:55,(anonymous_4)
FN:60,(anonymous_5)
FN:67,(anonymous_6)
FN:117,(anonymous_7)
FN:173,(anonymous_8)
FN:178,(anonymous_9)
FN:188,(anonymous_10)
FN:199,(anonymous_11)
FN:235,(anonymous_12)
FN:253,(anonymous_13)
FN:258,(anonymous_14)
FN:284,(anonymous_15)
FN:290,(anonymous_16)
FN:310,(anonymous_17)
FN:338,(anonymous_18)
FN:341,(anonymous_19)
FN:364,(anonymous_20)
FN:382,(anonymous_21)
FN:392,(anonymous_22)
FN:413,(anonymous_23)
FN:426,(anonymous_24)
FN:436,(anonymous_25)
FN:443,(anonymous_26)
FNF:27
FNH:21
FNDA:4093,(anonymous_0)
FNDA:4093,(anonymous_1)
FNDA:36837,(anonymous_2)
FNDA:2,(anonymous_3)
FNDA:5836,(anonymous_4)
FNDA:2,(anonymous_5)
FNDA:4093,(anonymous_6)
FNDA:40926,(anonymous_7)
FNDA:890,(anonymous_8)
FNDA:1374,(anonymous_9)
FNDA:4093,(anonymous_10)
FNDA:2292,(anonymous_11)
FNDA:544,(anonymous_12)
FNDA:1374,(anonymous_13)
FNDA:5807,(anonymous_14)
FNDA:7448,(anonymous_15)
FNDA:2529,(anonymous_16)
FNDA:2524,(anonymous_17)
FNDA:2567,(anonymous_18)
FNDA:544,(anonymous_19)
FNDA:2017,(anonymous_20)
FNDA:0,(anonymous_21)
FNDA:0,(anonymous_22)
FNDA:0,(anonymous_23)
FNDA:0,(anonymous_24)
FNDA:0,(anonymous_25)
FNDA:0,(anonymous_26)
DA:2,17
DA:15,17
DA:17,4093
DA:20,4093
DA:23,4093
DA:26,4093
DA:27,4093
DA:32,4093
DA:33,4093
DA:36,4093
DA:38,4093
DA:40,4093
DA:41,36837
DA:42,36837
DA:43,2
DA:44,2
DA:45,2
DA:50,4093
DA:52,4093
DA:56,5836
DA:57,5836
DA:59,5836
DA:60,5836
DA:61,2
DA:64,5836
DA:70,4093
DA:95,4093
DA:96,4091
DA:115,4093
DA:117,4093
DA:119,40926
DA:121,40926
DA:122,1371
DA:123,1371
DA:125,1371
DA:129,1371
DA:130,238
DA:131,238
DA:132,1133
DA:133,239
DA:134,239
DA:135,894
DA:136,5
DA:137,5
DA:138,889
DA:140,3
DA:148,3
DA:156,3
DA:159,1368
DA:173,4093
DA:174,890
DA:175,5
DA:178,4093
DA:189,4093
DA:190,3549
DA:196,544
DA:197,544
DA:199,544
DA:200,2292
DA:201,5
DA:206,2287
DA:209,2287
DA:210,2287
DA:211,2287
DA:212,2287
DA:213,2287
DA:215,2287
DA:216,2287
DA:217,477
DA:221,2287
DA:223,2287
DA:232,544
DA:249,544
DA:250,544
DA:251,544
DA:253,544
DA:254,1374
DA:255,1374
DA:258,5807
DA:271,544
DA:274,544
DA:275,2567
DA:276,2567
DA:278,2567
DA:280,2567
DA:281,2567
DA:284,2567
DA:286,7448
DA:290,2567
DA:291,2567
DA:292,5
DA:299,5
DA:303,2562
DA:310,2562
DA:311,2524
DA:313,970
DA:314,970
DA:316,813
DA:317,813
DA:319,9
DA:320,9
DA:322,2
DA:323,2
DA:325,3
DA:326,3
DA:329,727
DA:330,727
DA:334,2562
DA:338,2567
DA:342,544
DA:344,538
DA:345,538
DA:347,538
DA:348,2017
DA:351,2017
DA:352,269
DA:353,269
DA:355,1748
DA:356,1748
DA:360,538
DA:361,538
DA:365,2017
DA:366,2009
DA:369,2009
DA:383,0
DA:403,0
DA:414,0
DA:427,0
DA:437,0
DA:444,0
DA:445,0
DA:447,0
DA:448,0
DA:454,0
DA:455,0
DA:456,0
DA:458,0
DA:459,0
DA:460,0
DA:462,0
DA:463,0
DA:470,0
DA:471,0
DA:477,0
DA:481,0
LF:145
LH:124
BRDA:17,0,0,0
BRDA:57,1,0,0
BRDA:95,2,0,4091
BRDA:129,3,0,238
BRDA:129,3,1,1133
BRDA:132,4,0,239
BRDA:132,4,1,894
BRDA:135,5,0,5
BRDA:135,5,1,889
BRDA:138,6,0,3
BRDA:174,7,0,885
BRDA:189,8,0,3549
BRDA:200,9,0,5
BRDA:200,9,1,2287
BRDA:203,10,0,5
BRDA:203,10,1,0
BRDA:209,11,0,714
BRDA:210,12,0,561
BRDA:211,13,0,9
BRDA:212,14,0,2
BRDA:213,15,0,3
BRDA:216,16,0,477
BRDA:226,17,0,965
BRDA:226,17,1,1322
BRDA:227,18,0,477
BRDA:227,18,1,1810
BRDA:278,19,0,0
BRDA:281,20,0,0
BRDA:286,21,0,7448
BRDA:286,21,1,4678
BRDA:291,22,0,5
BRDA:311,23,0,970
BRDA:311,23,1,813
BRDA:311,23,2,9
BRDA:311,23,3,2
BRDA:311,23,4,3
BRDA:311,23,5,466
BRDA:311,23,6,727
BRDA:338,24,0,2567
BRDA:338,24,1,6
BRDA:342,25,0,6
BRDA:351,26,0,269
BRDA:351,26,1,1748
BRDA:365,27,0,8
BRDA:366,28,0,0
BRDA:369,29,0,2009
BRDA:369,29,1,1388
BRDA:369,29,2,752
BRDA:369,29,3,737
BRDA:369,29,4,734
BRDA:369,29,5,734
BRDA:394,30,0,0
BRDA:448,31,0,0
BRDA:448,31,1,0
BRDA:449,32,0,0
BRDA:449,32,1,0
BRDA:450,33,0,0
BRDA:450,33,1,0
BRDA:451,34,0,0
BRDA:451,34,1,0
BRDA:454,35,0,0
BRDA:454,35,1,0
BRDA:459,36,0,0
BRDA:462,37,0,0
BRDA:462,37,1,0
BRDA:470,38,0,0
BRF:66
BRH:45
end_of_record
TN:
SF:src\detectors\ContentDetector.ts
FN:12,(anonymous_0)
FN:15,(anonymous_1)
FN:83,(anonymous_2)
FN:88,(anonymous_3)
FN:101,(anonymous_4)
FN:113,(anonymous_5)
FN:124,(anonymous_6)
FN:141,(anonymous_7)
FN:166,(anonymous_8)
FN:167,(anonymous_9)
FN:188,(anonymous_10)
FN:191,(anonymous_11)
FN:205,(anonymous_12)
FN:223,(anonymous_13)
FN:237,(anonymous_14)
FN:238,(anonymous_15)
FN:241,(anonymous_16)
FN:245,(anonymous_17)
FN:246,(anonymous_18)
FN:249,(anonymous_19)
FN:253,(anonymous_20)
FN:281,(anonymous_21)
FN:302,(anonymous_22)
FN:310,(anonymous_23)
FN:327,(anonymous_24)
FN:394,(anonymous_25)
FNF:26
FNH:26
FNDA:579,(anonymous_0)
FNDA:618,(anonymous_1)
FNDA:144,(anonymous_2)
FNDA:612,(anonymous_3)
FNDA:90579,(anonymous_4)
FNDA:608,(anonymous_5)
FNDA:47230,(anonymous_6)
FNDA:18848,(anonymous_7)
FNDA:611,(anonymous_8)
FNDA:47234,(anonymous_9)
FNDA:31271,(anonymous_10)
FNDA:10,(anonymous_11)
FNDA:610,(anonymous_12)
FNDA:62,(anonymous_13)
FNDA:611,(anonymous_14)
FNDA:47234,(anonymous_15)
FNDA:39703,(anonymous_16)
FNDA:564,(anonymous_17)
FNDA:38492,(anonymous_18)
FNDA:30961,(anonymous_19)
FNDA:608,(anonymous_20)
FNDA:611,(anonymous_21)
FNDA:14664,(anonymous_22)
FNDA:3055,(anonymous_23)
FNDA:611,(anonymous_24)
FNDA:91191,(anonymous_25)
DA:2,18
DA:12,18
DA:13,579
DA:16,618
DA:17,6
DA:20,612
DA:23,612
DA:24,612
DA:25,612
DA:26,77
DA:31,612
DA:32,611
DA:33,611
DA:34,11
DA:39,612
DA:40,611
DA:41,611
DA:42,11
DA:47,612
DA:48,608
DA:49,608
DA:50,172
DA:55,612
DA:56,611
DA:57,611
DA:58,56
DA:63,612
DA:64,610
DA:65,610
DA:66,8
DA:71,612
DA:72,610
DA:73,610
DA:74,194
DA:79,612
DA:80,227
DA:83,385
DA:84,144
DA:89,612
DA:92,612
DA:93,72
DA:101,90579
DA:102,540
DA:103,5
DA:110,535
DA:114,608
DA:115,608
DA:116,608
DA:119,608
DA:120,139
DA:124,608
DA:125,47230
DA:128,608
DA:129,20
DA:133,608
DA:141,608
DA:142,18848
DA:145,608
DA:146,200
DA:150,608
DA:151,608
DA:153,608
DA:154,111
DA:157,608
DA:167,47234
DA:170,611
DA:171,47
DA:179,564
DA:180,4
DA:188,31271
DA:189,560
DA:191,5
DA:192,10
DA:195,5
DA:202,555
DA:206,610
DA:207,610
DA:209,610
DA:210,592
DA:214,18
DA:217,18
DA:222,18
DA:223,62
DA:225,18
DA:227,18
DA:228,18
DA:229,18
DA:231,18
DA:238,47234
DA:239,611
DA:241,39703
DA:242,288
DA:246,38492
DA:247,564
DA:249,30961
DA:250,241
DA:255,608
DA:256,145
DA:257,3
DA:259,142
DA:262,463
DA:263,4
DA:266,459
DA:267,0
DA:270,459
DA:271,0
DA:274,459
DA:275,0
DA:278,459
DA:282,611
DA:283,611
DA:286,611
DA:287,611
DA:288,611
DA:290,611
DA:291,611
DA:292,611
DA:295,611
DA:302,611
DA:303,14664
DA:306,611
DA:309,611
DA:310,611
DA:311,3055
DA:314,611
DA:316,611
DA:328,611
DA:330,611
DA:332,611
DA:335,11
DA:336,11
DA:337,11
DA:339,11
DA:342,11
DA:343,2
DA:346,11
DA:347,9
DA:350,11
DA:362,600
DA:365,600
DA:366,2
DA:369,600
DA:370,0
DA:374,600
DA:375,600
DA:377,600
DA:378,2
DA:381,600
DA:391,0
DA:395,91191
DA:397,91191
DA:398,91191
DA:400,0
LF:153
LH:147
BRDA:15,0,0,609
BRDA:16,1,0,6
BRDA:23,2,0,612
BRDA:25,3,0,77
BRDA:31,4,0,611
BRDA:33,5,0,11
BRDA:39,6,0,611
BRDA:41,7,0,11
BRDA:47,8,0,608
BRDA:49,9,0,172
BRDA:55,10,0,611
BRDA:57,11,0,56
BRDA:63,12,0,610
BRDA:65,13,0,8
BRDA:71,14,0,610
BRDA:73,15,0,194
BRDA:79,16,0,227
BRDA:84,17,0,131
BRDA:84,17,1,13
BRDA:92,18,0,72
BRDA:102,19,0,5
BRDA:102,20,0,540
BRDA:102,20,1,11
BRDA:119,21,0,139
BRDA:125,22,0,47230
BRDA:125,22,1,44775
BRDA:128,23,0,20
BRDA:145,24,0,200
BRDA:150,25,0,608
BRDA:150,25,1,361
BRDA:151,26,0,608
BRDA:151,26,1,450
BRDA:153,27,0,111
BRDA:153,28,0,608
BRDA:153,28,1,500
BRDA:170,29,0,47
BRDA:179,30,0,4
BRDA:189,31,0,5
BRDA:189,32,0,560
BRDA:189,32,1,137
BRDA:197,33,0,5
BRDA:197,33,1,0
BRDA:206,34,0,610
BRDA:206,34,1,592
BRDA:209,35,0,592
BRDA:217,36,0,18
BRDA:217,36,1,16
BRDA:217,36,2,16
BRDA:217,36,3,16
BRDA:227,37,0,2
BRDA:228,38,0,8
BRDA:229,39,0,18
BRDA:239,40,0,323
BRDA:247,41,0,323
BRDA:255,42,0,145
BRDA:255,43,0,608
BRDA:255,43,1,145
BRDA:256,44,0,3
BRDA:256,45,0,145
BRDA:256,45,1,143
BRDA:262,46,0,4
BRDA:262,47,0,463
BRDA:262,47,1,4
BRDA:266,48,0,0
BRDA:266,49,0,459
BRDA:266,49,1,459
BRDA:270,50,0,0
BRDA:270,51,0,459
BRDA:270,51,1,459
BRDA:274,52,0,0
BRDA:286,53,0,611
BRDA:286,53,1,592
BRDA:287,54,0,611
BRDA:287,54,1,609
BRDA:288,55,0,611
BRDA:288,55,1,604
BRDA:290,56,0,2
BRDA:291,57,0,19
BRDA:292,58,0,7
BRDA:306,59,0,12
BRDA:311,60,0,3055
BRDA:311,60,1,3049
BRDA:314,61,0,6
BRDA:335,62,0,11
BRDA:335,63,0,11
BRDA:335,63,1,11
BRDA:337,64,0,11
BRDA:337,64,1,9
BRDA:342,65,0,2
BRDA:342,66,0,11
BRDA:342,66,1,2
BRDA:346,67,0,9
BRDA:346,68,0,11
BRDA:346,68,1,9
BRDA:356,69,0,2
BRDA:356,69,1,9
BRDA:365,70,0,2
BRDA:365,71,0,600
BRDA:365,71,1,2
BRDA:369,72,0,0
BRDA:369,73,0,600
BRDA:369,73,1,21
BRDA:375,74,0,600
BRDA:375,74,1,598
BRDA:377,75,0,2
BRDA:398,76,0,91191
BRDA:398,76,1,11284
BRF:107
BRH:102
end_of_record
TN:
SF:src\detectors\MarkdownDetector.ts
FN:4,(anonymous_0)
FN:13,(anonymous_1)
FN:21,(anonymous_2)
FN:59,(anonymous_3)
FN:67,(anonymous_4)
FN:75,(anonymous_5)
FN:90,(anonymous_6)
FNF:7
FNH:7
FNDA:610,(anonymous_0)
FNDA:47232,(anonymous_1)
FNDA:47232,(anonymous_2)
FNDA:47232,(anonymous_3)
FNDA:47232,(anonymous_4)
FNDA:47232,(anonymous_5)
FNDA:47232,(anonymous_6)
DA:3,18
DA:5,610
DA:6,0
DA:9,610
DA:10,610
DA:13,610
DA:14,47232
DA:16,610
DA:17,157
DA:21,610
DA:22,47232
DA:24,610
DA:25,141
DA:29,610
DA:30,610
DA:31,139
DA:35,610
DA:36,610
DA:37,144
DA:41,610
DA:42,610
DA:43,157
DA:47,610
DA:48,610
DA:49,160
DA:53,610
DA:54,610
DA:55,5
DA:59,610
DA:60,47232
DA:62,610
DA:63,137
DA:67,610
DA:68,47232
DA:70,610
DA:71,165
DA:75,610
DA:76,47232
DA:78,610
DA:79,1
DA:83,610
DA:84,610
DA:85,3
DA:90,47232
DA:92,610
DA:94,323
DA:95,2
DA:96,321
DA:97,0
DA:98,321
DA:99,0
DA:100,321
DA:101,26
DA:102,295
DA:103,9
DA:105,287
DA:107,72
DA:108,14
DA:112,610
LF:59
LH:56
BRDA:5,0,0,0
BRDA:16,1,0,157
BRDA:22,2,0,47232
BRDA:22,2,1,45334
BRDA:24,3,0,141
BRDA:29,4,0,610
BRDA:29,4,1,471
BRDA:30,5,0,139
BRDA:35,6,0,610
BRDA:35,6,1,466
BRDA:36,7,0,144
BRDA:41,8,0,610
BRDA:41,8,1,453
BRDA:42,9,0,157
BRDA:47,10,0,610
BRDA:47,10,1,450
BRDA:48,11,0,160
BRDA:53,12,0,610
BRDA:53,12,1,605
BRDA:54,13,0,5
BRDA:60,14,0,47232
BRDA:60,14,1,882
BRDA:62,15,0,137
BRDA:70,16,0,165
BRDA:78,17,0,1
BRDA:83,18,0,610
BRDA:83,18,1,607
BRDA:84,19,0,3
BRDA:92,20,0,323
BRDA:92,20,1,287
BRDA:94,21,0,2
BRDA:94,21,1,321
BRDA:96,22,0,0
BRDA:96,22,1,321
BRDA:98,23,0,0
BRDA:98,23,1,321
BRDA:100,24,0,26
BRDA:100,24,1,295
BRDA:100,25,0,321
BRDA:100,25,1,295
BRDA:102,26,0,9
BRDA:105,27,0,72
BRDA:107,28,0,14
BRDA:107,29,0,72
BRDA:107,29,1,60
BRDA:107,29,2,58
BRF:46
BRH:43
end_of_record
TN:
SF:src\formatters\BlockFormatter.ts
FN:19,(anonymous_0)
FN:73,(anonymous_1)
FN:74,(anonymous_2)
FN:103,(anonymous_3)
FN:106,(anonymous_4)
FN:116,(anonymous_5)
FN:117,(anonymous_6)
FN:174,(anonymous_7)
FN:177,(anonymous_8)
FN:196,(anonymous_9)
FN:197,(anonymous_10)
FN:252,(anonymous_11)
FN:286,(anonymous_12)
FN:307,(anonymous_13)
FN:324,(anonymous_14)
FN:335,(anonymous_15)
FN:343,(anonymous_16)
FN:377,(anonymous_17)
FN:381,(anonymous_18)
FN:396,(anonymous_19)
FN:402,(anonymous_20)
FN:422,(anonymous_21)
FN:439,(anonymous_22)
FN:440,(anonymous_23)
FN:456,(anonymous_24)
FN:474,(anonymous_25)
FN:481,(anonymous_26)
FN:497,(anonymous_27)
FN:499,(anonymous_28)
FN:502,(anonymous_29)
FN:517,(anonymous_30)
FN:532,(anonymous_31)
FN:533,(anonymous_32)
FN:548,(anonymous_33)
FN:577,(anonymous_34)
FN:581,(anonymous_35)
FN:585,(anonymous_36)
FN:599,(anonymous_37)
FN:603,(anonymous_38)
FN:632,(anonymous_39)
FN:633,(anonymous_40)
FN:636,(anonymous_41)
FN:639,(anonymous_42)
FNF:43
FNH:27
FNDA:14,(anonymous_0)
FNDA:6,(anonymous_1)
FNDA:1007,(anonymous_2)
FNDA:1004,(anonymous_3)
FNDA:1002,(anonymous_4)
FNDA:3,(anonymous_5)
FNDA:1002,(anonymous_6)
FNDA:1001,(anonymous_7)
FNDA:1001,(anonymous_8)
FNDA:1,(anonymous_9)
FNDA:2,(anonymous_10)
FNDA:0,(anonymous_11)
FNDA:0,(anonymous_12)
FNDA:0,(anonymous_13)
FNDA:0,(anonymous_14)
FNDA:0,(anonymous_15)
FNDA:0,(anonymous_16)
FNDA:0,(anonymous_17)
FNDA:0,(anonymous_18)
FNDA:0,(anonymous_19)
FNDA:0,(anonymous_20)
FNDA:0,(anonymous_21)
FNDA:1,(anonymous_22)
FNDA:1,(anonymous_23)
FNDA:1,(anonymous_24)
FNDA:2,(anonymous_25)
FNDA:2,(anonymous_26)
FNDA:0,(anonymous_27)
FNDA:0,(anonymous_28)
FNDA:0,(anonymous_29)
FNDA:2,(anonymous_30)
FNDA:2,(anonymous_31)
FNDA:2,(anonymous_32)
FNDA:2,(anonymous_33)
FNDA:2,(anonymous_34)
FNDA:0,(anonymous_35)
FNDA:2,(anonymous_36)
FNDA:0,(anonymous_37)
FNDA:1,(anonymous_38)
FNDA:1,(anonymous_39)
FNDA:2,(anonymous_40)
FNDA:1,(anonymous_41)
FNDA:1,(anonymous_42)
DA:18,18
DA:20,14
DA:23,14
DA:24,6
DA:28,13
DA:29,3
DA:33,13
DA:34,1
DA:38,13
DA:39,0
DA:43,13
DA:44,0
DA:51,13
DA:52,0
DA:56,13
DA:57,1
DA:61,13
DA:62,2
DA:66,13
DA:67,2
DA:70,13
DA:74,6
DA:75,1007
DA:77,1002
DA:81,2
DA:82,2
DA:85,0
DA:86,0
DA:88,0
DA:90,0
DA:92,0
DA:94,0
DA:96,0
DA:98,2
DA:104,1004
DA:106,1004
DA:107,1002
DA:112,1002
DA:117,3
DA:118,1002
DA:120,1002
DA:122,1001
DA:126,1001
DA:130,0
DA:131,0
DA:135,0
DA:138,0
DA:139,0
DA:143,0
DA:145,0
DA:149,0
DA:151,0
DA:155,0
DA:157,0
DA:161,0
DA:163,0
DA:167,0
DA:170,1002
DA:175,1001
DA:177,1001
DA:178,1001
DA:179,1001
DA:192,0
DA:197,1
DA:198,2
DA:200,2
DA:202,1
DA:206,1
DA:210,1
DA:214,1
DA:217,0
DA:221,0
DA:223,0
DA:227,0
DA:229,0
DA:233,0
DA:235,0
DA:239,0
DA:241,0
DA:245,0
DA:248,2
DA:253,0
DA:254,0
DA:256,0
DA:257,0
DA:258,0
DA:260,0
DA:266,0
DA:270,0
DA:271,0
DA:272,0
DA:274,0
DA:279,0
DA:280,0
DA:283,0
DA:287,0
DA:288,0
DA:290,0
DA:291,0
DA:293,0
DA:294,0
DA:295,0
DA:296,0
DA:299,0
DA:300,0
DA:304,0
DA:308,0
DA:310,0
DA:314,0
DA:315,0
DA:317,0
DA:325,0
DA:336,0
DA:344,0
DA:345,0
DA:347,0
DA:348,0
DA:351,0
DA:352,0
DA:353,0
DA:355,0
DA:356,0
DA:357,0
DA:360,0
DA:361,0
DA:362,0
DA:364,0
DA:367,0
DA:369,0
DA:370,0
DA:374,0
DA:378,0
DA:382,0
DA:384,0
DA:386,0
DA:387,0
DA:388,0
DA:390,0
DA:392,0
DA:397,0
DA:398,0
DA:400,0
DA:402,0
DA:403,0
DA:404,0
DA:405,0
DA:410,0
DA:413,0
DA:422,0
DA:423,0
DA:426,0
DA:435,0
DA:440,1
DA:441,1
DA:443,1
DA:445,1
DA:446,1
DA:447,1
DA:448,1
DA:452,1
DA:457,1
DA:460,1
DA:461,1
DA:463,1
DA:464,0
DA:467,1
DA:468,0
DA:471,1
DA:475,2
DA:476,2
DA:478,0
DA:482,2
DA:485,2
DA:486,0
DA:490,2
DA:491,0
DA:494,2
DA:498,0
DA:499,0
DA:502,0
DA:503,0
DA:505,0
DA:506,0
DA:513,0
DA:518,2
DA:521,2
DA:524,2
DA:527,2
DA:529,2
DA:533,2
DA:534,2
DA:537,2
DA:538,1
DA:539,1
DA:540,0
DA:544,2
DA:550,2
DA:551,2
DA:553,2
DA:554,2
DA:556,2
DA:557,0
DA:558,0
DA:560,0
DA:562,0
DA:563,0
DA:566,0
DA:567,0
DA:569,2
DA:570,2
DA:574,2
DA:578,2
DA:582,0
DA:586,2
DA:587,2
DA:589,2
DA:590,2
DA:591,2
DA:592,2
DA:596,2
DA:600,0
DA:604,1
DA:606,1
DA:608,0
DA:610,0
DA:612,0
DA:614,0
DA:616,0
DA:618,0
DA:620,0
DA:622,0
DA:624,0
DA:626,0
DA:628,0
DA:633,2
DA:637,1
DA:638,1
DA:639,1
DA:640,1
DA:641,1
DA:643,1
LF:241
LH:102
BRDA:19,0,0,0
BRDA:23,1,0,6
BRDA:28,2,0,3
BRDA:33,3,0,1
BRDA:33,4,0,13
BRDA:33,4,1,1
BRDA:38,5,0,0
BRDA:43,6,0,0
BRDA:51,7,0,0
BRDA:56,8,0,1
BRDA:61,9,0,2
BRDA:66,10,0,2
BRDA:75,11,0,1002
BRDA:75,11,1,1
BRDA:75,11,2,2
BRDA:75,11,3,2
BRDA:75,11,4,0
BRDA:75,11,5,0
BRDA:75,11,6,0
BRDA:75,11,7,0
BRDA:75,11,8,0
BRDA:75,11,9,0
BRDA:75,11,10,0
BRDA:75,11,11,2
BRDA:104,12,0,0
BRDA:107,13,0,1002
BRDA:107,13,1,0
BRDA:108,14,0,1002
BRDA:108,14,1,0
BRDA:109,15,0,0
BRDA:109,15,1,0
BRDA:110,16,0,0
BRDA:110,16,1,0
BRDA:120,17,0,1001
BRDA:120,17,1,0
BRDA:120,17,2,0
BRDA:120,17,3,0
BRDA:120,17,4,0
BRDA:120,17,5,0
BRDA:120,17,6,0
BRDA:120,17,7,0
BRDA:120,17,8,0
BRDA:120,17,9,0
BRDA:175,18,0,0
BRDA:178,19,0,1001
BRDA:178,20,0,1001
BRDA:178,20,1,1001
BRDA:200,21,0,1
BRDA:200,21,1,1
BRDA:200,21,2,1
BRDA:200,21,3,1
BRDA:200,21,4,0
BRDA:200,21,5,0
BRDA:200,21,6,0
BRDA:200,21,7,0
BRDA:200,21,8,0
BRDA:200,21,9,0
BRDA:257,22,0,0
BRDA:257,22,1,0
BRDA:258,23,0,0
BRDA:258,23,1,0
BRDA:270,24,0,0
BRDA:279,25,0,0
BRDA:293,26,0,0
BRDA:293,26,1,0
BRDA:295,27,0,0
BRDA:308,28,0,0
BRDA:308,28,1,0
BRDA:308,28,2,0
BRDA:308,28,3,0
BRDA:308,28,4,0
BRDA:351,29,0,0
BRDA:351,29,1,0
BRDA:355,30,0,0
BRDA:355,30,1,0
BRDA:360,31,0,0
BRDA:360,31,1,0
BRDA:382,32,0,0
BRDA:384,33,0,0
BRDA:384,33,1,0
BRDA:384,33,2,0
BRDA:400,34,0,0
BRDA:400,34,1,0
BRDA:400,34,2,0
BRDA:403,35,0,0
BRDA:403,35,1,0
BRDA:404,36,0,0
BRDA:423,37,0,0
BRDA:423,37,1,0
BRDA:430,38,0,0
BRDA:430,38,1,0
BRDA:447,39,0,1
BRDA:457,40,0,0
BRDA:457,41,0,1
BRDA:457,41,1,1
BRDA:463,42,0,1
BRDA:463,42,1,1
BRDA:467,43,0,1
BRDA:467,43,1,1
BRDA:475,44,0,2
BRDA:485,45,0,0
BRDA:485,46,0,2
BRDA:485,46,1,0
BRDA:490,47,0,0
BRDA:497,48,0,0
BRDA:498,49,0,0
BRDA:505,50,0,0
BRDA:537,51,0,1
BRDA:539,52,0,0
BRDA:556,53,0,0
BRDA:556,53,1,2
BRDA:560,54,0,0
BRDA:560,54,1,0
BRDA:560,54,2,0
BRDA:590,55,0,2
BRDA:590,56,0,2
BRDA:590,56,1,0
BRDA:604,57,0,1
BRDA:604,57,1,0
BRDA:604,57,2,0
BRDA:604,57,3,0
BRDA:604,57,4,0
BRDA:604,57,5,0
BRDA:604,57,6,0
BRDA:604,57,7,0
BRDA:604,57,8,0
BRDA:604,57,9,0
BRDA:604,57,10,0
BRDA:604,57,11,0
BRDA:640,58,0,0
BRF:130
BRH:37
end_of_record
TN:
SF:src\parsers\AudioParser.ts
FN:20,(anonymous_0)
FN:24,(anonymous_1)
FN:26,(anonymous_2)
FN:28,(anonymous_3)
FN:31,(anonymous_4)
FN:35,(anonymous_5)
FN:45,(anonymous_6)
FN:65,(anonymous_7)
FN:71,(anonymous_8)
FN:84,(anonymous_9)
FN:102,(anonymous_10)
FN:116,(anonymous_11)
FNF:12
FNH:10
FNDA:11,(anonymous_0)
FNDA:11,(anonymous_1)
FNDA:11,(anonymous_2)
FNDA:11,(anonymous_3)
FNDA:11,(anonymous_4)
FNDA:11,(anonymous_5)
FNDA:11,(anonymous_6)
FNDA:3,(anonymous_7)
FNDA:11,(anonymous_8)
FNDA:11,(anonymous_9)
FNDA:0,(anonymous_10)
FNDA:0,(anonymous_11)
DA:5,17
DA:10,17
DA:11,17
DA:15,17
DA:21,11
DA:25,11
DA:26,11
DA:28,11
DA:32,11
DA:33,11
DA:35,11
DA:36,11
DA:37,11
DA:38,11
DA:40,0
DA:46,11
DA:47,11
DA:48,11
DA:51,11
DA:52,11
DA:53,9
DA:57,2
DA:65,3
DA:67,0
DA:72,11
DA:85,11
DA:86,11
DA:87,11
DA:89,11
DA:90,9
DA:93,2
DA:95,0
DA:104,0
DA:105,0
DA:109,0
DA:110,0
DA:117,0
LF:37
LH:29
BRDA:20,0,0,0
BRDA:33,1,0,11
BRDA:33,1,1,0
BRDA:52,2,0,9
BRDA:52,3,0,11
BRDA:52,3,1,11
BRDA:89,4,0,9
BRDA:89,5,0,11
BRDA:89,5,1,11
BRDA:104,6,0,0
BRDA:110,7,0,0
BRDA:110,7,1,0
BRDA:124,8,0,0
BRDA:124,8,1,0
BRF:14
BRH:7
end_of_record
TN:
SF:src\parsers\BaseParser.ts
FN:6,(anonymous_0)
FN:18,(anonymous_1)
FN:26,(anonymous_2)
FN:35,(anonymous_3)
FN:44,(anonymous_4)
FN:52,(anonymous_5)
FN:63,(anonymous_6)
FN:74,(anonymous_7)
FN:86,(anonymous_8)
FN:93,(anonymous_9)
FN:101,(anonymous_10)
FN:113,(anonymous_11)
FN:121,(anonymous_12)
FN:128,(anonymous_13)
FN:134,(anonymous_14)
FN:142,(anonymous_15)
FN:149,(anonymous_16)
FN:164,(anonymous_17)
FNF:18
FNH:16
FNDA:519,(anonymous_0)
FNDA:4454,(anonymous_1)
FNDA:2452,(anonymous_2)
FNDA:27,(anonymous_3)
FNDA:0,(anonymous_4)
FNDA:1912,(anonymous_5)
FNDA:444,(anonymous_6)
FNDA:286,(anonymous_7)
FNDA:292,(anonymous_8)
FNDA:13,(anonymous_9)
FNDA:4,(anonymous_10)
FNDA:14,(anonymous_11)
FNDA:286,(anonymous_12)
FNDA:1,(anonymous_13)
FNDA:5,(anonymous_14)
FNDA:0,(anonymous_15)
FNDA:455,(anonymous_16)
FNDA:6,(anonymous_17)
DA:3,17
DA:7,519
DA:19,4454
DA:27,2452
DA:36,27
DA:45,0
DA:53,1912
DA:64,444
DA:78,286
DA:86,292
DA:94,13
DA:107,4
DA:114,14
DA:122,286
DA:129,1
DA:135,5
DA:143,0
DA:150,455
DA:151,448
DA:154,7
DA:155,7
DA:157,7
DA:158,4
DA:161,7
DA:165,6
DA:166,6
DA:167,6
DA:169,0
LF:28
LH:25
BRDA:6,0,0,0
BRDA:26,1,0,2452
BRDA:35,2,0,0
BRDA:52,3,0,0
BRDA:63,4,0,0
BRDA:68,5,0,444
BRDA:68,5,1,0
BRDA:84,6,0,286
BRDA:84,6,1,286
BRDA:85,7,0,286
BRDA:85,7,1,286
BRDA:87,8,0,0
BRDA:87,8,1,286
BRDA:113,9,0,0
BRDA:134,10,0,0
BRDA:150,11,0,448
BRDA:157,12,0,4
BRDA:167,13,0,6
BRDA:167,13,1,0
BRF:19
BRH:10
end_of_record
TN:
SF:src\parsers\CodeParser.ts
FN:21,(anonymous_0)
FN:25,(anonymous_1)
FN:34,(anonymous_2)
FN:48,(anonymous_3)
FN:347,(anonymous_4)
FN:348,(anonymous_5)
FN:351,(anonymous_6)
FNF:7
FNH:7
FNDA:63,(anonymous_0)
FNDA:62,(anonymous_1)
FNDA:58,(anonymous_2)
FNDA:42,(anonymous_3)
FNDA:361,(anonymous_4)
FNDA:1352,(anonymous_5)
FNDA:8,(anonymous_6)
DA:1,17
DA:4,17
DA:5,63
DA:22,63
DA:26,62
DA:28,58
DA:29,58
DA:31,58
DA:36,58
DA:37,17
DA:38,17
DA:39,16
DA:44,42
DA:45,42
DA:50,42
DA:56,7
DA:57,0
DA:59,7
DA:63,35
DA:70,8
DA:74,27
DA:80,0
DA:84,27
DA:90,2
DA:94,25
DA:100,0
DA:104,25
DA:109,9
DA:113,16
DA:119,1
DA:123,15
DA:129,1
DA:133,14
DA:139,1
DA:143,13
DA:149,2
DA:153,11
DA:159,1
DA:163,10
DA:169,2
DA:173,8
DA:174,2
DA:178,6
DA:183,0
DA:187,6
DA:192,0
DA:196,6
DA:202,0
DA:206,6
DA:212,0
DA:216,6
DA:222,0
DA:226,6
DA:232,0
DA:236,6
DA:242,0
DA:246,6
DA:252,0
DA:256,6
DA:262,0
DA:266,6
DA:272,0
DA:276,6
DA:282,0
DA:286,6
DA:292,0
DA:296,6
DA:302,0
DA:306,6
DA:312,0
DA:316,6
DA:322,0
DA:326,6
DA:332,0
DA:336,6
DA:341,0
DA:344,6
DA:348,1352
DA:352,8
DA:353,8
DA:354,2
DA:356,6
LF:82
LH:62
BRDA:21,0,0,43
BRDA:26,1,0,4
BRDA:29,2,0,58
BRDA:29,2,1,0
BRDA:36,3,0,17
BRDA:38,4,0,16
BRDA:45,5,0,42
BRDA:45,5,1,0
BRDA:50,6,0,7
BRDA:56,7,0,0
BRDA:56,8,0,7
BRDA:56,8,1,7
BRDA:56,8,2,7
BRDA:63,9,0,8
BRDA:74,10,0,0
BRDA:84,11,0,2
BRDA:90,12,0,1
BRDA:90,12,1,1
BRDA:90,13,0,2
BRDA:90,13,1,1
BRDA:94,14,0,0
BRDA:104,15,0,9
BRDA:104,16,0,25
BRDA:104,16,1,24
BRDA:113,17,0,1
BRDA:123,18,0,1
BRDA:133,19,0,1
BRDA:143,20,0,2
BRDA:153,21,0,1
BRDA:163,22,0,2
BRDA:173,23,0,2
BRDA:178,24,0,0
BRDA:187,25,0,0
BRDA:196,26,0,0
BRDA:206,27,0,0
BRDA:216,28,0,0
BRDA:226,29,0,0
BRDA:236,30,0,0
BRDA:246,31,0,0
BRDA:256,32,0,0
BRDA:266,33,0,0
BRDA:276,34,0,0
BRDA:286,35,0,0
BRDA:296,36,0,0
BRDA:306,37,0,0
BRDA:316,38,0,0
BRDA:326,39,0,0
BRDA:336,40,0,0
BRF:48
BRH:26
end_of_record
TN:
SF:src\parsers\LatexParser.ts
FN:7,(anonymous_0)
FN:11,(anonymous_1)
FN:47,(anonymous_2)
FN:94,(anonymous_3)
FN:168,(anonymous_4)
FN:188,(anonymous_5)
FN:225,(anonymous_6)
FN:248,(anonymous_7)
FN:255,(anonymous_8)
FN:256,(anonymous_9)
FN:270,(anonymous_10)
FN:272,(anonymous_11)
FN:273,(anonymous_12)
FN:286,(anonymous_13)
FN:320,(anonymous_14)
FN:360,(anonymous_15)
FN:366,(anonymous_16)
FN:372,(anonymous_17)
FNF:18
FNH:12
FNDA:15,(anonymous_0)
FNDA:15,(anonymous_1)
FNDA:1,(anonymous_2)
FNDA:3,(anonymous_3)
FNDA:11,(anonymous_4)
FNDA:10,(anonymous_5)
FNDA:0,(anonymous_6)
FNDA:1,(anonymous_7)
FNDA:4,(anonymous_8)
FNDA:4,(anonymous_9)
FNDA:2,(anonymous_10)
FNDA:4,(anonymous_11)
FNDA:2,(anonymous_12)
FNDA:0,(anonymous_13)
FNDA:0,(anonymous_14)
FNDA:0,(anonymous_15)
FNDA:0,(anonymous_16)
FNDA:0,(anonymous_17)
DA:1,17
DA:4,17
DA:5,15
DA:8,15
DA:12,15
DA:14,15
DA:15,15
DA:16,15
DA:18,15
DA:19,15
DA:22,15
DA:23,1
DA:24,1
DA:25,1
DA:26,1
DA:30,14
DA:31,3
DA:32,3
DA:33,3
DA:34,3
DA:38,11
DA:39,11
DA:41,11
DA:44,15
DA:48,1
DA:49,1
DA:50,1
DA:53,1
DA:54,1
DA:55,1
DA:62,0
DA:63,0
DA:64,0
DA:66,0
DA:67,0
DA:68,0
DA:71,0
DA:73,0
DA:76,0
DA:79,0
DA:82,0
DA:83,0
DA:86,0
DA:88,0
DA:95,3
DA:96,3
DA:98,3
DA:99,0
DA:102,3
DA:103,3
DA:104,3
DA:107,3
DA:108,8
DA:109,8
DA:110,3
DA:112,5
DA:115,3
DA:117,0
DA:120,3
DA:123,3
DA:130,2
DA:137,0
DA:147,1
DA:154,0
DA:161,0
DA:169,11
DA:170,1
DA:173,10
DA:174,10
DA:176,10
DA:177,16
DA:178,11
DA:179,11
DA:180,5
DA:181,5
DA:185,10
DA:189,10
DA:190,10
DA:191,10
DA:192,10
DA:194,10
DA:195,315
DA:196,315
DA:198,315
DA:199,21
DA:201,0
DA:202,0
DA:205,21
DA:206,13
DA:207,13
DA:209,21
DA:210,21
DA:213,294
DA:214,294
DA:218,10
DA:219,3
DA:222,10
DA:226,0
DA:229,0
DA:230,0
DA:233,0
DA:235,0
DA:236,0
DA:237,0
DA:238,0
DA:239,0
DA:244,0
DA:245,0
DA:250,1
DA:251,1
DA:254,1
DA:255,4
DA:257,4
DA:265,1
DA:266,0
DA:270,1
DA:271,2
DA:272,4
DA:273,2
DA:275,1
DA:276,0
DA:280,1
DA:281,1
DA:283,1
DA:288,0
DA:289,0
DA:292,0
DA:293,0
DA:296,0
DA:298,0
DA:299,0
DA:300,0
DA:304,0
DA:310,0
DA:311,0
DA:314,0
DA:321,0
DA:324,0
DA:325,0
DA:326,0
DA:327,0
DA:328,0
DA:329,0
DA:330,0
DA:333,0
DA:334,0
DA:338,0
DA:339,0
DA:341,0
DA:342,0
DA:346,0
DA:347,0
DA:348,0
DA:351,0
DA:361,0
DA:364,0
DA:365,0
DA:366,0
DA:370,0
DA:371,0
DA:372,0
DA:376,0
DA:377,0
DA:378,0
DA:381,0
LF:165
LH:90
BRDA:7,0,0,0
BRDA:12,1,0,0
BRDA:22,2,0,1
BRDA:24,3,0,1
BRDA:30,4,0,3
BRDA:32,5,0,3
BRDA:44,6,0,15
BRDA:44,6,1,0
BRDA:53,7,0,1
BRDA:53,8,0,1
BRDA:53,8,1,1
BRDA:53,8,2,1
BRDA:62,9,0,0
BRDA:62,9,1,0
BRDA:66,10,0,0
BRDA:66,10,1,0
BRDA:71,11,0,0
BRDA:82,12,0,0
BRDA:98,13,0,0
BRDA:109,14,0,3
BRDA:115,15,0,0
BRDA:123,16,0,1
BRDA:123,16,1,2
BRDA:123,16,2,2
BRDA:123,16,3,2
BRDA:123,16,4,2
BRDA:123,16,5,2
BRDA:123,16,6,0
BRDA:123,16,7,0
BRDA:123,16,8,0
BRDA:123,16,9,0
BRDA:123,16,10,0
BRDA:123,16,11,1
BRDA:123,16,12,1
BRDA:123,16,13,0
BRDA:123,16,14,0
BRDA:123,16,15,0
BRDA:169,17,0,1
BRDA:170,18,0,1
BRDA:170,18,1,0
BRDA:177,19,0,11
BRDA:177,19,1,5
BRDA:180,20,0,5
BRDA:198,21,0,21
BRDA:198,21,1,294
BRDA:199,22,0,0
BRDA:199,22,1,21
BRDA:205,23,0,13
BRDA:218,24,0,3
BRDA:230,25,0,0
BRDA:230,25,1,0
BRDA:235,26,0,0
BRDA:238,27,0,0
BRDA:244,28,0,0
BRDA:244,28,1,0
BRDA:251,29,0,1
BRDA:251,29,1,0
BRDA:257,30,0,4
BRDA:257,30,1,2
BRDA:257,30,2,2
BRDA:257,30,3,2
BRDA:257,30,4,2
BRDA:257,30,5,2
BRDA:265,31,0,0
BRDA:275,32,0,0
BRDA:289,33,0,0
BRDA:289,33,1,0
BRDA:293,34,0,0
BRDA:293,34,1,0
BRDA:298,35,0,0
BRDA:310,36,0,0
BRDA:311,37,0,0
BRDA:311,37,1,0
BRDA:314,38,0,0
BRDA:314,38,1,0
BRDA:326,39,0,0
BRDA:327,40,0,0
BRDA:328,41,0,0
BRDA:333,42,0,0
BRDA:338,43,0,0
BRDA:338,43,1,0
BRDA:339,44,0,0
BRDA:339,44,1,0
BRDA:341,45,0,0
BRDA:346,46,0,0
BRDA:346,46,1,0
BRDA:347,47,0,0
BRDA:365,48,0,0
BRDA:371,49,0,0
BRDA:377,50,0,0
BRF:90
BRH:35
end_of_record
TN:
SF:src\parsers\MarkdownParser.ts
FN:5,(anonymous_0)
FN:9,(anonymous_1)
FN:99,(anonymous_2)
FN:161,(anonymous_3)
FN:186,(anonymous_4)
FN:225,(anonymous_5)
FN:249,(anonymous_6)
FN:252,(anonymous_7)
FN:254,(anonymous_8)
FN:262,(anonymous_9)
FN:272,(anonymous_10)
FN:275,(anonymous_11)
FN:280,(anonymous_12)
FN:296,(anonymous_13)
FN:336,(anonymous_14)
FN:378,(anonymous_15)
FN:415,(anonymous_16)
FN:425,(anonymous_17)
FN:431,(anonymous_18)
FN:466,(anonymous_19)
FN:472,(anonymous_20)
FN:503,(anonymous_21)
FN:549,(anonymous_22)
FN:554,(anonymous_23)
FN:589,(anonymous_24)
FN:593,(anonymous_25)
FN:600,(anonymous_26)
FN:625,(anonymous_27)
FN:655,(anonymous_28)
FN:665,(anonymous_29)
FNF:30
FNH:26
FNDA:383,(anonymous_0)
FNDA:2101,(anonymous_1)
FNDA:2463,(anonymous_2)
FNDA:391,(anonymous_3)
FNDA:0,(anonymous_4)
FNDA:285,(anonymous_5)
FNDA:291,(anonymous_6)
FNDA:291,(anonymous_7)
FNDA:291,(anonymous_8)
FNDA:576,(anonymous_9)
FNDA:1170,(anonymous_10)
FNDA:285,(anonymous_11)
FNDA:576,(anonymous_12)
FNDA:27,(anonymous_13)
FNDA:291,(anonymous_14)
FNDA:13,(anonymous_15)
FNDA:36,(anonymous_16)
FNDA:11602,(anonymous_17)
FNDA:1404,(anonymous_18)
FNDA:1912,(anonymous_19)
FNDA:1912,(anonymous_20)
FNDA:1404,(anonymous_21)
FNDA:6899,(anonymous_22)
FNDA:4436,(anonymous_23)
FNDA:5462,(anonymous_24)
FNDA:0,(anonymous_25)
FNDA:13,(anonymous_26)
FNDA:13,(anonymous_27)
FNDA:0,(anonymous_28)
FNDA:0,(anonymous_29)
DA:1,17
DA:4,17
DA:6,383
DA:10,2101
DA:12,2101
DA:13,2101
DA:14,2101
DA:16,2101
DA:17,15829
DA:18,15829
DA:20,15829
DA:21,6519
DA:22,6519
DA:26,9310
DA:27,391
DA:28,391
DA:29,391
DA:30,391
DA:34,8919
DA:35,0
DA:36,0
DA:37,0
DA:38,0
DA:42,8919
DA:43,285
DA:44,285
DA:45,285
DA:46,285
DA:50,8634
DA:51,27
DA:52,27
DA:53,27
DA:54,27
DA:58,8607
DA:59,13
DA:60,13
DA:61,13
DA:62,13
DA:66,8594
DA:67,291
DA:68,291
DA:69,291
DA:70,291
DA:74,8303
DA:75,1404
DA:76,1404
DA:77,1404
DA:78,1404
DA:82,6899
DA:83,4436
DA:84,4436
DA:85,4436
DA:86,4436
DA:90,2463
DA:91,2463
DA:93,2463
DA:96,2101
DA:101,2463
DA:102,2463
DA:103,2452
DA:104,2452
DA:108,11
DA:109,11
DA:110,4
DA:113,4
DA:114,0
DA:117,4
DA:121,7
DA:122,7
DA:123,0
DA:126,7
DA:127,7
DA:128,0
DA:132,7
DA:133,7
DA:134,0
DA:138,7
DA:139,0
DA:143,7
DA:144,1
DA:148,6
DA:149,0
DA:153,6
DA:154,0
DA:158,6
DA:162,391
DA:163,391
DA:164,391
DA:165,391
DA:167,391
DA:168,3460
DA:169,3460
DA:172,391
DA:174,5
DA:177,386
DA:178,386
DA:180,386
DA:187,0
DA:190,0
DA:191,0
DA:192,0
DA:199,0
DA:200,0
DA:201,0
DA:203,0
DA:204,0
DA:205,0
DA:208,0
DA:210,0
DA:213,0
DA:215,0
DA:216,0
DA:219,0
DA:226,285
DA:227,285
DA:230,285
DA:231,861
DA:232,861
DA:235,285
DA:236,0
DA:240,285
DA:243,285
DA:244,285
DA:245,285
DA:249,291
DA:252,291
DA:253,285
DA:254,291
DA:256,285
DA:264,576
DA:265,576
DA:266,576
DA:270,576
DA:272,1170
DA:276,285
DA:277,285
DA:281,576
DA:284,576
DA:285,0
DA:289,576
DA:290,0
DA:293,576
DA:297,27
DA:298,27
DA:300,27
DA:302,27
DA:303,27
DA:305,27
DA:306,27
DA:309,27
DA:310,1842
DA:312,1842
DA:314,1679
DA:315,1679
DA:317,1664
DA:318,1664
DA:320,1679
DA:321,163
DA:323,159
DA:326,4
DA:330,27
DA:337,291
DA:338,291
DA:340,291
DA:342,291
DA:343,291
DA:346,291
DA:347,620
DA:349,620
DA:351,55
DA:352,55
DA:354,54
DA:355,54
DA:357,55
DA:358,565
DA:360,283
DA:363,282
DA:368,291
DA:369,286
DA:372,5
DA:379,13
DA:380,13
DA:382,13
DA:384,13
DA:385,13
DA:387,13
DA:388,13
DA:391,13
DA:392,33
DA:394,33
DA:396,22
DA:398,9
DA:402,13
DA:403,13
DA:404,13
DA:405,11
DA:407,10
DA:408,10
DA:411,1
DA:415,36
DA:416,13
DA:417,13
DA:419,13
DA:426,11602
DA:432,1404
DA:433,1404
DA:435,1404
DA:436,3299
DA:437,3299
DA:439,3299
DA:440,1387
DA:443,1912
DA:444,1912
DA:446,1912
DA:447,1912
DA:454,1912
DA:458,1404
DA:460,1404
DA:467,1912
DA:468,1912
DA:469,1912
DA:474,1912
DA:475,1912
DA:476,7
DA:483,1905
DA:484,1905
DA:485,1894
DA:492,11
DA:493,11
DA:494,11
DA:500,0
DA:504,1404
DA:506,1404
DA:507,1404
DA:509,1404
DA:511,1912
DA:512,485
DA:513,485
DA:514,0
DA:517,485
DA:518,91
DA:520,394
DA:525,1912
DA:533,1404
DA:534,1427
DA:535,1427
DA:536,23
DA:539,1427
DA:540,23
DA:542,1404
DA:546,1404
DA:551,6899
DA:555,4436
DA:556,4436
DA:558,4436
DA:559,8257
DA:560,8257
DA:563,8257
DA:564,2795
DA:568,5462
DA:569,3
DA:572,5459
DA:573,5459
DA:576,4436
DA:577,0
DA:581,4436
DA:583,4436
DA:590,5462
DA:596,0
DA:597,0
DA:601,13
DA:622,13
DA:626,13
DA:647,13
DA:656,0
DA:657,0
DA:658,0
DA:659,0
DA:666,0
DA:667,0
DA:668,0
DA:669,0
LF:282
LH:239
BRDA:5,0,0,0
BRDA:10,1,0,0
BRDA:20,2,0,6519
BRDA:26,3,0,391
BRDA:28,4,0,391
BRDA:34,5,0,0
BRDA:34,6,0,8919
BRDA:34,6,1,8919
BRDA:36,7,0,0
BRDA:42,8,0,285
BRDA:42,9,0,8919
BRDA:42,9,1,288
BRDA:42,9,2,285
BRDA:44,10,0,285
BRDA:50,11,0,27
BRDA:52,12,0,27
BRDA:58,13,0,13
BRDA:60,14,0,13
BRDA:66,15,0,291
BRDA:66,16,0,8594
BRDA:66,16,1,291
BRDA:66,16,2,291
BRDA:68,17,0,291
BRDA:74,18,0,1404
BRDA:82,19,0,4436
BRDA:84,20,0,4436
BRDA:91,21,0,2463
BRDA:96,22,0,2101
BRDA:96,22,1,0
BRDA:102,23,0,2452
BRDA:109,24,0,4
BRDA:113,25,0,0
BRDA:122,26,0,0
BRDA:127,27,0,0
BRDA:133,28,0,0
BRDA:138,29,0,0
BRDA:138,30,0,7
BRDA:138,30,1,0
BRDA:143,31,0,1
BRDA:148,32,0,0
BRDA:153,33,0,0
BRDA:153,34,0,6
BRDA:153,34,1,0
BRDA:163,35,0,391
BRDA:163,35,1,3
BRDA:167,36,0,3851
BRDA:167,36,1,3846
BRDA:172,37,0,5
BRDA:178,38,0,386
BRDA:178,38,1,0
BRDA:190,39,0,0
BRDA:190,40,0,0
BRDA:190,40,1,0
BRDA:190,40,2,0
BRDA:201,41,0,0
BRDA:201,41,1,0
BRDA:203,42,0,0
BRDA:203,42,1,0
BRDA:208,43,0,0
BRDA:215,44,0,0
BRDA:230,45,0,1146
BRDA:230,45,1,1143
BRDA:235,46,0,0
BRDA:244,47,0,285
BRDA:244,48,0,285
BRDA:244,48,1,285
BRDA:265,49,0,576
BRDA:265,49,1,0
BRDA:266,50,0,574
BRDA:266,50,1,2
BRDA:277,51,0,285
BRDA:277,51,1,285
BRDA:289,52,0,0
BRDA:300,53,0,0
BRDA:312,54,0,1679
BRDA:312,54,1,163
BRDA:315,55,0,1664
BRDA:321,56,0,159
BRDA:321,56,1,4
BRDA:340,57,0,0
BRDA:349,58,0,55
BRDA:349,58,1,565
BRDA:352,59,0,54
BRDA:358,60,0,283
BRDA:358,60,1,282
BRDA:368,61,0,286
BRDA:382,62,0,0
BRDA:385,63,0,13
BRDA:385,63,1,0
BRDA:394,64,0,22
BRDA:394,64,1,11
BRDA:396,65,0,9
BRDA:405,66,0,10
BRDA:405,66,1,1
BRDA:426,67,0,11602
BRDA:426,67,1,8302
BRDA:426,67,2,8286
BRDA:439,68,0,1387
BRDA:446,69,0,1912
BRDA:468,70,0,1912
BRDA:468,70,1,0
BRDA:475,71,0,7
BRDA:484,72,0,1894
BRDA:493,73,0,11
BRDA:504,74,0,0
BRDA:511,75,0,2397
BRDA:511,75,1,599
BRDA:513,76,0,0
BRDA:517,77,0,91
BRDA:517,77,1,394
BRDA:535,78,0,23
BRDA:539,79,0,23
BRDA:539,79,1,1404
BRDA:563,80,0,2795
BRDA:568,81,0,3
BRDA:576,82,0,0
BRDA:622,83,0,13
BRDA:622,83,1,0
BRDA:647,84,0,13
BRDA:647,84,1,0
BRF:120
BRH:82
end_of_record
TN:
SF:src\parsers\TableParser.ts
FN:6,(anonymous_0)
FN:10,(anonymous_1)
FN:26,(anonymous_2)
FN:30,(anonymous_3)
FN:34,(anonymous_4)
FN:35,(anonymous_5)
FN:43,(anonymous_6)
FN:56,(anonymous_7)
FN:60,(anonymous_8)
FN:68,(anonymous_9)
FN:105,(anonymous_10)
FN:106,(anonymous_11)
FN:109,(anonymous_12)
FN:130,(anonymous_13)
FN:131,(anonymous_14)
FN:142,(anonymous_15)
FN:152,(anonymous_16)
FN:153,(anonymous_17)
FN:159,(anonymous_18)
FN:165,(anonymous_19)
FN:184,(anonymous_20)
FN:192,(anonymous_21)
FN:196,(anonymous_22)
FN:201,(anonymous_23)
FN:202,(anonymous_24)
FN:206,(anonymous_25)
FN:207,(anonymous_26)
FN:220,(anonymous_27)
FN:225,(anonymous_28)
FN:225,(anonymous_29)
FN:226,(anonymous_30)
FN:226,(anonymous_31)
FN:231,(anonymous_32)
FN:234,(anonymous_33)
FN:242,(anonymous_34)
FN:252,(anonymous_35)
FN:264,(anonymous_36)
FN:265,(anonymous_37)
FN:270,(anonymous_38)
FN:276,(anonymous_39)
FN:282,(anonymous_40)
FNF:41
FNH:36
FNDA:47,(anonymous_0)
FNDA:47,(anonymous_1)
FNDA:44,(anonymous_2)
FNDA:2,(anonymous_3)
FNDA:46,(anonymous_4)
FNDA:8739,(anonymous_5)
FNDA:8738,(anonymous_6)
FNDA:8696,(anonymous_7)
FNDA:8696,(anonymous_8)
FNDA:8738,(anonymous_9)
FNDA:1,(anonymous_10)
FNDA:3,(anonymous_11)
FNDA:3,(anonymous_12)
FNDA:1,(anonymous_13)
FNDA:1,(anonymous_14)
FNDA:2,(anonymous_15)
FNDA:4,(anonymous_16)
FNDA:4,(anonymous_17)
FNDA:1,(anonymous_18)
FNDA:8739,(anonymous_19)
FNDA:45,(anonymous_20)
FNDA:54,(anonymous_21)
FNDA:94,(anonymous_22)
FNDA:160,(anonymous_23)
FNDA:160,(anonymous_24)
FNDA:101,(anonymous_25)
FNDA:633,(anonymous_26)
FNDA:46,(anonymous_27)
FNDA:8736,(anonymous_28)
FNDA:8736,(anonymous_29)
FNDA:8736,(anonymous_30)
FNDA:20061,(anonymous_31)
FNDA:8735,(anonymous_32)
FNDA:20059,(anonymous_33)
FNDA:46,(anonymous_34)
FNDA:8697,(anonymous_35)
FNDA:0,(anonymous_36)
FNDA:0,(anonymous_37)
FNDA:0,(anonymous_38)
FNDA:0,(anonymous_39)
FNDA:0,(anonymous_40)
DA:1,17
DA:3,17
DA:5,17
DA:7,47
DA:11,47
DA:13,47
DA:15,47
DA:17,44
DA:19,2
DA:22,1
DA:27,44
DA:31,2
DA:35,8739
DA:37,46
DA:39,1
DA:43,8738
DA:46,45
DA:47,45
DA:50,45
DA:51,45
DA:54,45
DA:56,8696
DA:59,45
DA:60,8696
DA:62,45
DA:69,8738
DA:70,8738
DA:71,8738
DA:72,8738
DA:74,8738
DA:75,247490
DA:76,247490
DA:78,247490
DA:79,4040
DA:81,0
DA:82,0
DA:85,4040
DA:86,4040
DA:88,243450
DA:90,20059
DA:91,20059
DA:92,20059
DA:94,223391
DA:95,223391
DA:100,8738
DA:102,8738
DA:106,3
DA:109,3
DA:111,1
DA:112,0
DA:116,1
DA:117,1
DA:120,1
DA:121,1
DA:123,1
DA:124,1
DA:125,1
DA:129,1
DA:130,1
DA:131,1
DA:134,1
DA:136,1
DA:144,2
DA:145,2
DA:146,2
DA:150,2
DA:152,4
DA:155,4
DA:160,1
DA:162,1
DA:166,8739
DA:169,8739
DA:170,0
DA:174,8739
DA:175,0
DA:178,8739
DA:185,45
DA:187,45
DA:188,45
DA:192,45
DA:193,54
DA:196,45
DA:197,94
DA:201,160
DA:202,160
DA:205,45
DA:206,45
DA:207,101
DA:208,633
DA:212,45
DA:221,46
DA:225,8736
DA:226,20061
DA:228,45
DA:231,8735
DA:234,20059
DA:236,45
DA:246,46
DA:252,8697
DA:265,0
DA:267,0
DA:270,0
DA:271,0
DA:272,0
DA:276,0
DA:277,0
DA:278,0
DA:282,0
DA:283,0
DA:284,0
DA:287,0
LF:111
LH:94
BRDA:6,0,0,0
BRDA:11,1,0,0
BRDA:15,2,0,44
BRDA:15,2,1,2
BRDA:15,2,2,1
BRDA:15,2,3,1
BRDA:37,3,0,1
BRDA:50,4,0,42
BRDA:50,4,1,3
BRDA:51,5,0,42
BRDA:51,5,1,3
BRDA:59,6,0,42
BRDA:59,6,1,3
BRDA:78,7,0,4040
BRDA:78,7,1,243450
BRDA:79,8,0,0
BRDA:79,8,1,4040
BRDA:79,9,0,4040
BRDA:79,9,1,2020
BRDA:88,10,0,20059
BRDA:88,10,1,223391
BRDA:88,11,0,243450
BRDA:88,11,1,20559
BRDA:111,12,0,0
BRDA:123,13,0,1
BRDA:123,14,0,1
BRDA:123,14,1,1
BRDA:145,15,0,2
BRDA:145,15,1,0
BRDA:146,16,0,2
BRDA:146,16,1,0
BRDA:155,17,0,4
BRDA:155,17,1,0
BRDA:155,17,2,0
BRDA:162,18,0,1
BRDA:162,18,1,1
BRDA:174,19,0,0
BRDA:185,20,0,0
BRDA:193,21,0,54
BRDA:193,21,1,54
BRDA:193,21,2,42
BRDA:197,22,0,94
BRDA:197,22,1,94
BRDA:212,23,0,45
BRDA:212,23,1,42
BRDA:212,23,2,12
BRDA:212,23,3,7
BRDA:221,24,0,1
BRDA:221,25,0,46
BRDA:221,25,1,46
BRDA:225,26,0,8736
BRDA:225,26,1,8735
BRDA:226,27,0,20061
BRDA:226,27,1,20059
BRDA:228,28,0,0
BRDA:228,29,0,45
BRDA:228,29,1,45
BRDA:236,30,0,45
BRDA:236,30,1,38
BRDA:242,31,0,0
BRDA:253,32,0,43
BRDA:253,32,1,3
BRDA:267,33,0,0
BRDA:271,34,0,0
BRDA:271,35,0,0
BRDA:271,35,1,0
BRDA:277,36,0,0
BRDA:283,37,0,0
BRF:68
BRH:50
end_of_record
TN:
SF:src\security\ContentSanitizer.ts
FN:46,(anonymous_0)
FN:54,(anonymous_1)
FN:60,(anonymous_2)
FN:80,(anonymous_3)
FN:109,(anonymous_4)
FN:117,(anonymous_5)
FN:123,(anonymous_6)
FN:134,(anonymous_7)
FN:153,(anonymous_8)
FN:160,(anonymous_9)
FN:168,(anonymous_10)
FN:173,(anonymous_11)
FN:178,(anonymous_12)
FNF:13
FNH:7
FNDA:4097,(anonymous_0)
FNDA:32776,(anonymous_1)
FNDA:32776,(anonymous_2)
FNDA:477,(anonymous_3)
FNDA:4,(anonymous_4)
FNDA:16,(anonymous_5)
FNDA:20,(anonymous_6)
FNDA:0,(anonymous_7)
FNDA:0,(anonymous_8)
FNDA:0,(anonymous_9)
FNDA:0,(anonymous_10)
FNDA:0,(anonymous_11)
FNDA:0,(anonymous_12)
DA:6,17
DA:7,17
DA:14,17
DA:25,17
DA:36,17
DA:47,4097
DA:48,0
DA:51,4097
DA:54,4097
DA:55,32776
DA:56,32776
DA:60,4097
DA:61,32776
DA:62,32776
DA:64,32776
DA:65,32776
DA:69,4097
DA:72,4097
DA:74,4097
DA:81,477
DA:82,0
DA:85,477
DA:88,477
DA:89,1896
DA:90,5
DA:95,472
DA:96,472
DA:97,470
DA:98,3
DA:100,467
DA:102,2
DA:110,4
DA:111,0
DA:114,4
DA:117,16
DA:118,0
DA:122,4
DA:123,4
DA:124,20
DA:125,20
DA:128,4
DA:135,0
DA:136,0
DA:139,0
DA:142,0
DA:145,0
DA:147,0
DA:154,0
DA:161,0
DA:162,0
DA:165,0
DA:168,0
DA:169,0
DA:173,0
DA:174,0
DA:178,0
DA:179,0
DA:182,0
LF:58
LH:37
BRDA:47,0,0,0
BRDA:47,1,0,4097
BRDA:47,1,1,4097
BRDA:81,2,0,0
BRDA:81,3,0,477
BRDA:81,3,1,477
BRDA:89,4,0,5
BRDA:97,5,0,3
BRDA:97,6,0,470
BRDA:97,6,1,456
BRDA:110,7,0,0
BRDA:110,8,0,4
BRDA:110,8,1,4
BRDA:117,9,0,0
BRDA:135,10,0,0
BRDA:135,11,0,0
BRDA:135,11,1,0
BRDA:161,12,0,0
BRDA:161,13,0,0
BRDA:161,13,1,0
BRDA:168,14,0,0
BRDA:173,15,0,0
BRDA:178,16,0,0
BRF:23
BRH:10
end_of_record
TN:
SF:src\utils\FileUploadHandler.ts
FN:25,(anonymous_0)
FN:37,(anonymous_1)
FN:66,(anonymous_2)
FN:77,(anonymous_3)
FN:95,(anonymous_4)
FN:107,(anonymous_5)
FN:143,(anonymous_6)
FN:168,(anonymous_7)
FN:189,(anonymous_8)
FN:236,uploadFileAndParse
FNF:10
FNH:8
FNDA:29,(anonymous_0)
FNDA:15,(anonymous_1)
FNDA:15,(anonymous_2)
FNDA:0,(anonymous_3)
FNDA:0,(anonymous_4)
FNDA:13,(anonymous_5)
FNDA:13,(anonymous_6)
FNDA:5,(anonymous_7)
FNDA:6,(anonymous_8)
FNDA:1,uploadFileAndParse
DA:22,1
DA:26,29
DA:38,15
DA:40,15
DA:41,15
DA:42,2
DA:49,13
DA:54,13
DA:56,0
DA:68,15
DA:69,2
DA:76,13
DA:77,0
DA:78,0
DA:81,0
DA:82,0
DA:89,13
DA:96,0
DA:97,0
DA:98,0
DA:99,0
DA:101,0
DA:108,13
DA:109,0
DA:115,13
DA:117,13
DA:120,5
DA:122,5
DA:133,8
DA:144,13
DA:158,11
DA:159,2
DA:162,5
DA:169,5
DA:170,5
DA:172,5
DA:181,5
DA:182,0
DA:190,6
DA:195,6
DA:196,2
DA:203,4
DA:204,1
DA:211,3
DA:212,1
DA:219,2
DA:220,2
DA:229,6
DA:236,1
DA:247,1
DA:248,1
DA:250,1
DA:252,1
DA:253,0
DA:260,1
DA:261,1
DA:262,0
DA:263,0
DA:264,0
DA:267,1
DA:269,1
DA:274,0
LF:62
LH:45
BRDA:41,0,0,2
BRDA:49,1,0,0
BRDA:49,1,1,13
BRDA:50,2,0,0
BRDA:50,2,1,0
BRDA:51,3,0,13
BRDA:51,3,1,2
BRDA:58,4,0,0
BRDA:58,4,1,0
BRDA:68,5,0,2
BRDA:76,6,0,0
BRDA:76,7,0,13
BRDA:76,7,1,0
BRDA:78,8,0,0
BRDA:78,8,1,0
BRDA:81,9,0,0
BRDA:108,10,0,0
BRDA:129,11,0,0
BRDA:129,11,1,5
BRDA:135,12,0,8
BRDA:135,12,1,0
BRDA:154,13,0,0
BRDA:154,13,1,13
BRDA:158,14,0,2
BRDA:181,15,0,0
BRDA:195,16,0,2
BRDA:195,16,1,4
BRDA:203,17,0,1
BRDA:203,17,1,3
BRDA:211,18,0,1
BRDA:211,18,1,2
BRDA:219,19,0,2
BRDA:252,20,0,0
BRDA:255,21,0,0
BRDA:255,21,1,0
BRDA:261,22,0,0
BRDA:262,23,0,0
BRDA:262,23,1,0
BRDA:263,24,0,0
BRDA:263,24,1,0
BRDA:264,25,0,0
BRF:41
BRH:17
end_of_record
TN:
SF:src\validators\NotionValidator.ts
FN:25,(anonymous_0)
FN:38,(anonymous_1)
FN:75,(anonymous_2)
FN:76,(anonymous_3)
FN:80,(anonymous_4)
FN:82,(anonymous_5)
FN:98,(anonymous_6)
FN:187,(anonymous_7)
FN:189,(anonymous_8)
FN:202,(anonymous_9)
FN:221,(anonymous_10)
FN:241,(anonymous_11)
FN:261,(anonymous_12)
FN:288,(anonymous_13)
FN:307,(anonymous_14)
FN:323,(anonymous_15)
FN:341,(anonymous_16)
FN:360,(anonymous_17)
FN:390,(anonymous_18)
FN:422,(anonymous_19)
FN:459,(anonymous_20)
FN:492,(anonymous_21)
FN:521,(anonymous_22)
FN:535,(anonymous_23)
FN:554,(anonymous_24)
FN:586,(anonymous_25)
FN:611,(anonymous_26)
FN:615,(anonymous_27)
FN:629,(anonymous_28)
FN:679,(anonymous_29)
FN:682,(anonymous_30)
FN:711,(anonymous_31)
FN:714,(anonymous_32)
FN:731,(anonymous_33)
FN:760,(anonymous_34)
FN:761,(anonymous_35)
FN:767,(anonymous_36)
FNF:37
FNH:26
FNDA:472,(anonymous_0)
FNDA:472,(anonymous_1)
FNDA:4,(anonymous_2)
FNDA:4,(anonymous_3)
FNDA:2881,(anonymous_4)
FNDA:25,(anonymous_5)
FNDA:4599,(anonymous_6)
FNDA:1718,(anonymous_7)
FNDA:0,(anonymous_8)
FNDA:2329,(anonymous_9)
FNDA:1067,(anonymous_10)
FNDA:486,(anonymous_11)
FNDA:7,(anonymous_12)
FNDA:5,(anonymous_13)
FNDA:233,(anonymous_14)
FNDA:233,(anonymous_15)
FNDA:197,(anonymous_16)
FNDA:13,(anonymous_17)
FNDA:243,(anonymous_18)
FNDA:4,(anonymous_19)
FNDA:0,(anonymous_20)
FNDA:3,(anonymous_21)
FNDA:4337,(anonymous_22)
FNDA:6085,(anonymous_23)
FNDA:6085,(anonymous_24)
FNDA:472,(anonymous_25)
FNDA:3358,(anonymous_26)
FNDA:229,(anonymous_27)
FNDA:0,(anonymous_28)
FNDA:0,(anonymous_29)
FNDA:0,(anonymous_30)
FNDA:0,(anonymous_31)
FNDA:0,(anonymous_32)
FNDA:0,(anonymous_33)
FNDA:0,(anonymous_34)
FNDA:0,(anonymous_35)
FNDA:0,(anonymous_36)
DA:25,17
DA:26,472
DA:39,472
DA:40,472
DA:43,472
DA:56,472
DA:57,0
DA:58,0
DA:64,0
DA:73,472
DA:74,472
DA:75,472
DA:76,472
DA:80,472
DA:81,2881
DA:82,2881
DA:83,25
DA:84,6
DA:86,19
DA:91,472
DA:99,4599
DA:102,4599
DA:103,0
DA:108,0
DA:112,4599
DA:114,2329
DA:115,2329
DA:119,1067
DA:120,1067
DA:123,486
DA:124,486
DA:126,7
DA:127,7
DA:129,5
DA:130,5
DA:132,233
DA:133,233
DA:135,197
DA:136,197
DA:138,13
DA:139,13
DA:141,243
DA:142,243
DA:146,4
DA:147,4
DA:149,0
DA:150,0
DA:152,3
DA:153,3
DA:156,1
DA:158,11
DA:166,4599
DA:167,30
DA:170,30
DA:171,3
DA:179,30
DA:180,0
DA:187,30
DA:188,1718
DA:189,1718
DA:190,0
DA:199,4599
DA:203,2329
DA:205,2329
DA:206,0
DA:211,0
DA:214,2329
DA:215,2329
DA:218,2329
DA:222,1067
DA:223,1067
DA:225,1067
DA:226,0
DA:231,0
DA:234,1067
DA:235,1067
DA:238,1067
DA:242,486
DA:243,486
DA:245,486
DA:246,0
DA:251,0
DA:254,486
DA:255,486
DA:258,486
DA:262,7
DA:264,7
DA:265,0
DA:270,0
DA:273,7
DA:274,0
DA:281,7
DA:282,7
DA:285,7
DA:289,5
DA:291,5
DA:292,0
DA:297,0
DA:300,5
DA:301,5
DA:304,5
DA:308,233
DA:310,233
DA:311,0
DA:316,0
DA:319,233
DA:320,233
DA:323,233
DA:324,233
DA:327,233
DA:328,0
DA:335,233
DA:338,233
DA:342,197
DA:344,197
DA:345,0
DA:350,0
DA:353,197
DA:354,197
DA:357,197
DA:361,13
DA:363,13
DA:364,0
DA:369,0
DA:372,13
DA:373,13
DA:377,13
DA:378,13
DA:379,0
DA:387,13
DA:391,243
DA:393,243
DA:394,0
DA:399,0
DA:403,243
DA:404,3
DA:411,243
DA:412,2
DA:419,243
DA:423,4
DA:424,4
DA:426,4
DA:427,0
DA:432,0
DA:436,4
DA:437,4
DA:438,4
DA:439,0
DA:446,4
DA:447,4
DA:448,3
DA:456,4
DA:460,0
DA:462,0
DA:463,0
DA:468,0
DA:472,0
DA:473,0
DA:474,0
DA:475,0
DA:482,0
DA:489,0
DA:493,3
DA:495,3
DA:496,0
DA:501,0
DA:504,3
DA:505,0
DA:510,3
DA:511,0
DA:518,3
DA:522,4337
DA:524,4337
DA:525,0
DA:531,0
DA:535,4337
DA:536,6085
DA:541,6085
DA:544,4337
DA:545,3
DA:554,4337
DA:555,6085
DA:556,0
DA:564,6085
DA:565,0
DA:573,6085
DA:574,0
DA:583,4337
DA:587,472
DA:590,472
DA:591,2881
DA:593,2881
DA:595,484
DA:596,484
DA:598,4
DA:608,472
DA:612,3358
DA:617,229
DA:619,0
DA:623,229
DA:630,0
DA:631,0
DA:633,0
DA:635,0
DA:636,0
DA:638,0
DA:641,0
DA:642,0
DA:651,0
DA:652,0
DA:662,0
DA:672,0
DA:680,0
DA:682,0
DA:684,0
DA:686,0
DA:687,0
DA:693,0
DA:698,0
DA:699,0
DA:700,0
DA:706,0
DA:710,0
DA:711,0
DA:712,0
DA:713,0
DA:714,0
DA:715,0
DA:716,0
DA:728,0
DA:732,0
DA:734,0
DA:736,0
DA:738,0
DA:740,0
DA:742,0
DA:744,0
DA:746,0
DA:748,0
DA:750,0
DA:752,0
DA:754,0
DA:756,0
DA:761,0
DA:768,0
LF:245
LH:147
BRDA:38,0,0,472
BRDA:56,1,0,0
BRDA:57,2,0,0
BRDA:57,2,1,0
BRDA:73,3,0,472
BRDA:83,4,0,6
BRDA:83,4,1,19
BRDA:98,5,0,0
BRDA:102,6,0,0
BRDA:112,7,0,2329
BRDA:112,7,1,451
BRDA:112,7,2,719
BRDA:112,7,3,1067
BRDA:112,7,4,478
BRDA:112,7,5,486
BRDA:112,7,6,7
BRDA:112,7,7,5
BRDA:112,7,8,233
BRDA:112,7,9,197
BRDA:112,7,10,13
BRDA:112,7,11,243
BRDA:112,7,12,4
BRDA:112,7,13,4
BRDA:112,7,14,4
BRDA:112,7,15,0
BRDA:112,7,16,3
BRDA:112,7,17,1
BRDA:112,7,18,11
BRDA:166,8,0,30
BRDA:166,9,0,4599
BRDA:166,9,1,30
BRDA:170,10,0,3
BRDA:170,11,0,30
BRDA:170,11,1,0
BRDA:174,12,0,3
BRDA:174,12,1,0
BRDA:179,13,0,0
BRDA:179,13,1,30
BRDA:179,14,0,30
BRDA:179,14,1,0
BRDA:183,15,0,0
BRDA:183,15,1,0
BRDA:192,16,0,0
BRDA:192,16,1,0
BRDA:205,17,0,0
BRDA:214,18,0,2329
BRDA:214,19,0,2329
BRDA:214,19,1,2329
BRDA:225,20,0,0
BRDA:234,21,0,1067
BRDA:234,22,0,1067
BRDA:234,22,1,1067
BRDA:245,23,0,0
BRDA:254,24,0,486
BRDA:254,25,0,486
BRDA:254,25,1,486
BRDA:264,26,0,0
BRDA:273,27,0,0
BRDA:281,28,0,7
BRDA:281,29,0,7
BRDA:281,29,1,7
BRDA:291,30,0,0
BRDA:300,31,0,5
BRDA:300,32,0,5
BRDA:300,32,1,5
BRDA:310,33,0,0
BRDA:319,34,0,233
BRDA:319,35,0,233
BRDA:319,35,1,233
BRDA:324,36,0,233
BRDA:324,36,1,0
BRDA:327,37,0,0
BRDA:344,38,0,0
BRDA:353,39,0,197
BRDA:353,40,0,197
BRDA:353,40,1,197
BRDA:363,41,0,0
BRDA:372,42,0,13
BRDA:372,43,0,13
BRDA:372,43,1,13
BRDA:377,44,0,13
BRDA:378,45,0,0
BRDA:378,46,0,13
BRDA:378,46,1,13
BRDA:393,47,0,0
BRDA:403,48,0,3
BRDA:403,49,0,243
BRDA:403,49,1,243
BRDA:411,50,0,2
BRDA:426,51,0,0
BRDA:436,52,0,4
BRDA:436,53,0,4
BRDA:436,53,1,4
BRDA:438,54,0,0
BRDA:447,55,0,3
BRDA:447,56,0,4
BRDA:447,56,1,1
BRDA:462,57,0,0
BRDA:472,58,0,0
BRDA:472,58,1,0
BRDA:474,59,0,0
BRDA:474,60,0,0
BRDA:474,60,1,0
BRDA:495,61,0,0
BRDA:504,62,0,0
BRDA:504,62,1,3
BRDA:510,63,0,0
BRDA:524,64,0,0
BRDA:536,65,0,6069
BRDA:536,65,1,16
BRDA:537,66,0,6069
BRDA:537,66,1,2
BRDA:538,67,0,16
BRDA:538,67,1,0
BRDA:539,68,0,16
BRDA:539,68,1,0
BRDA:544,69,0,3
BRDA:555,70,0,0
BRDA:555,71,0,6085
BRDA:555,71,1,6085
BRDA:564,72,0,0
BRDA:564,73,0,6085
BRDA:564,73,1,6069
BRDA:573,74,0,0
BRDA:573,75,0,6085
BRDA:573,75,1,16
BRDA:593,76,0,484
BRDA:596,77,0,4
BRDA:596,78,0,484
BRDA:596,78,1,477
BRDA:596,78,2,229
BRDA:617,79,0,0
BRDA:617,80,0,229
BRDA:617,80,1,220
BRDA:617,80,2,229
BRDA:617,80,3,4
BRDA:641,81,0,0
BRDA:641,82,0,0
BRDA:641,82,1,0
BRDA:651,83,0,0
BRDA:651,84,0,0
BRDA:651,84,1,0
BRDA:684,85,0,0
BRDA:684,85,1,0
BRDA:684,85,2,0
BRDA:684,85,3,0
BRDA:684,85,4,0
BRDA:686,86,0,0
BRDA:699,87,0,0
BRDA:699,88,0,0
BRDA:699,88,1,0
BRDA:713,89,0,0
BRDA:715,90,0,0
BRDA:715,91,0,0
BRDA:715,91,1,0
BRDA:732,92,0,0
BRDA:732,92,1,0
BRDA:732,92,2,0
BRDA:732,92,3,0
BRDA:732,92,4,0
BRDA:732,92,5,0
BRDA:732,92,6,0
BRDA:732,92,7,0
BRDA:732,92,8,0
BRDA:732,92,9,0
BRDA:732,92,10,0
BRDA:732,92,11,0
BRF:167
BRH:91
end_of_record
